<?xml version="1.0" encoding="utf-8"?>
<CoverageSession xmlns:xsd="http://www.w3.org/2001/XMLSchema" xmlns:xsi="http://www.w3.org/2001/XMLSchema-instance" Version="0.0.0.0">
  <Summary numSequencePoints="528" visitedSequencePoints="206" numBranchPoints="0" visitedBranchPoints="0" sequenceCoverage="39.0" branchCoverage="0.0" maxCyclomaticComplexity="16" minCyclomaticComplexity="1" maxCrapScore="42" minCrapScore="1" visitedClasses="11" numClasses="19" visitedMethods="35" numMethods="93" />
  <Modules>
    <Module>
      <Summary numSequencePoints="528" visitedSequencePoints="206" numBranchPoints="0" visitedBranchPoints="0" sequenceCoverage="39.0" branchCoverage="0.0" maxCyclomaticComplexity="16" minCyclomaticComplexity="1" maxCrapScore="42" minCrapScore="1" visitedClasses="11" numClasses="19" visitedMethods="35" numMethods="93" />
      <ModuleTime>0001-01-01T00:00:00</ModuleTime>
      <ModuleName>Scripts</ModuleName>
      <Files>
        <File uid="1" fullPath="C:\Users\Jean\source\repos\the-labyrinth\Assets\Scripts\Cell.cs" />
        <File uid="2" fullPath="C:\Users\Jean\source\repos\the-labyrinth\Assets\Scripts\DFSCell.cs" />
        <File uid="3" fullPath="C:\Users\Jean\source\repos\the-labyrinth\Assets\Scripts\DFSMazeFactory.cs" />
        <File uid="4" fullPath="C:\Users\Jean\source\repos\the-labyrinth\Assets\Scripts\EventManager.cs" />
        <File uid="5" fullPath="C:\Users\Jean\source\repos\the-labyrinth\Assets\Scripts\FinishTrigger.cs" />
        <File uid="6" fullPath="C:\Users\Jean\source\repos\the-labyrinth\Assets\Scripts\Maze.cs" />
        <File uid="7" fullPath="C:\Users\Jean\source\repos\the-labyrinth\Assets\Scripts\MazeBehaviour.cs" />
        <File uid="8" fullPath="C:\Users\Jean\source\repos\the-labyrinth\Assets\Scripts\MazeRenderer.cs" />
        <File uid="9" fullPath="C:\Users\Jean\source\repos\the-labyrinth\Assets\Scripts\MazeSettings.cs" />
        <File uid="10" fullPath="C:\Users\Jean\source\repos\the-labyrinth\Assets\Scripts\MenuBehaviour.cs" />
        <File uid="11" fullPath="C:\Users\Jean\source\repos\the-labyrinth\Assets\Scripts\MenuInput.cs" />
        <File uid="12" fullPath="C:\Users\Jean\source\repos\the-labyrinth\Assets\Scripts\PlayerBehaviour.cs" />
        <File uid="13" fullPath="C:\Users\Jean\source\repos\the-labyrinth\Assets\Scripts\RandomExtensions.cs" />
        <File uid="14" fullPath="C:\Users\Jean\source\repos\the-labyrinth\Assets\Scripts\SceneLoader.cs" />
      </Files>
      <Classes>
        <Class>
          <Summary numSequencePoints="60" visitedSequencePoints="60" numBranchPoints="0" visitedBranchPoints="0" sequenceCoverage="100.0" branchCoverage="0.0" maxCyclomaticComplexity="5" minCyclomaticComplexity="1" maxCrapScore="5" minCrapScore="1" visitedClasses="1" numClasses="1" visitedMethods="14" numMethods="14" />
          <FullName>Cell</FullName>
          <Methods>
            <Method visited="true" cyclomaticComplexity="1" nPathComplexity="0" sequenceCoverage="100.0" branchCoverage="0" crapScore="1" isConstructor="false" isStatic="false" isGetter="false" isSetter="false">
              <Summary numSequencePoints="3" visitedSequencePoints="3" numBranchPoints="0" visitedBranchPoints="0" sequenceCoverage="100.0" branchCoverage="0" maxCyclomaticComplexity="1" minCyclomaticComplexity="1" maxCrapScore="1" minCrapScore="1" visitedClasses="0" numClasses="0" visitedMethods="1" numMethods="1" />
              <MetadataToken>100663298</MetadataToken>
              <Name>System.Void Cell::SetAllWalls()</Name>
              <FileRef uid="1" />
              <SequencePoints>
                <SequencePoint vc="8820" uspid="1" ordinal="0" offset="0" sl="33" sc="28" el="33" ec="28" bec="0" bev="0" fileid="1" />
                <SequencePoint vc="8820" uspid="2" ordinal="0" offset="1" sl="34" sc="3" el="34" ec="3" bec="0" bev="0" fileid="1" />
                <SequencePoint vc="8820" uspid="3" ordinal="0" offset="10" sl="35" sc="2" el="35" ec="2" bec="0" bev="0" fileid="1" />
              </SequencePoints>
              <BranchPoints />
            </Method>
            <Method visited="true" cyclomaticComplexity="1" nPathComplexity="0" sequenceCoverage="100.0" branchCoverage="0" crapScore="1" isConstructor="false" isStatic="false" isGetter="false" isSetter="false">
              <Summary numSequencePoints="3" visitedSequencePoints="3" numBranchPoints="0" visitedBranchPoints="0" sequenceCoverage="100.0" branchCoverage="0" maxCyclomaticComplexity="1" minCyclomaticComplexity="1" maxCrapScore="1" minCrapScore="1" visitedClasses="0" numClasses="0" visitedMethods="1" numMethods="1" />
              <MetadataToken>100663299</MetadataToken>
              <Name>System.Void Cell::UnsetAllWalls()</Name>
              <FileRef uid="1" />
              <SequencePoints>
                <SequencePoint vc="2" uspid="4" ordinal="0" offset="0" sl="37" sc="30" el="37" ec="30" bec="0" bev="0" fileid="1" />
                <SequencePoint vc="2" uspid="5" ordinal="0" offset="1" sl="38" sc="3" el="38" ec="3" bec="0" bev="0" fileid="1" />
                <SequencePoint vc="2" uspid="6" ordinal="0" offset="10" sl="39" sc="2" el="39" ec="2" bec="0" bev="0" fileid="1" />
              </SequencePoints>
              <BranchPoints />
            </Method>
            <Method visited="true" cyclomaticComplexity="1" nPathComplexity="0" sequenceCoverage="100.0" branchCoverage="0" crapScore="1" isConstructor="false" isStatic="false" isGetter="true" isSetter="false">
              <Summary numSequencePoints="3" visitedSequencePoints="3" numBranchPoints="0" visitedBranchPoints="0" sequenceCoverage="100.0" branchCoverage="0" maxCyclomaticComplexity="1" minCyclomaticComplexity="1" maxCrapScore="1" minCrapScore="1" visitedClasses="0" numClasses="0" visitedMethods="1" numMethods="1" />
              <MetadataToken>100663300</MetadataToken>
              <Name>System.Numerics.Vector2 Cell::get_Position()</Name>
              <FileRef uid="1" />
              <SequencePoints>
                <SequencePoint vc="5" uspid="7" ordinal="0" offset="0" sl="42" sc="7" el="42" ec="7" bec="0" bev="0" fileid="1" />
                <SequencePoint vc="5" uspid="8" ordinal="0" offset="1" sl="42" sc="9" el="42" ec="9" bec="0" bev="0" fileid="1" />
                <SequencePoint vc="5" uspid="9" ordinal="0" offset="10" sl="42" sc="27" el="42" ec="27" bec="0" bev="0" fileid="1" />
              </SequencePoints>
              <BranchPoints />
            </Method>
            <Method visited="true" cyclomaticComplexity="1" nPathComplexity="0" sequenceCoverage="100.0" branchCoverage="0" crapScore="1" isConstructor="false" isStatic="false" isGetter="false" isSetter="true">
              <Summary numSequencePoints="3" visitedSequencePoints="3" numBranchPoints="0" visitedBranchPoints="0" sequenceCoverage="100.0" branchCoverage="0" maxCyclomaticComplexity="1" minCyclomaticComplexity="1" maxCrapScore="1" minCrapScore="1" visitedClasses="0" numClasses="0" visitedMethods="1" numMethods="1" />
              <MetadataToken>100663301</MetadataToken>
              <Name>System.Void Cell::set_Position(System.Numerics.Vector2)</Name>
              <FileRef uid="1" />
              <SequencePoints>
                <SequencePoint vc="1" uspid="10" ordinal="0" offset="0" sl="43" sc="7" el="43" ec="7" bec="0" bev="0" fileid="1" />
                <SequencePoint vc="1" uspid="11" ordinal="0" offset="1" sl="43" sc="9" el="43" ec="9" bec="0" bev="0" fileid="1" />
                <SequencePoint vc="1" uspid="12" ordinal="0" offset="8" sl="43" sc="28" el="43" ec="28" bec="0" bev="0" fileid="1" />
              </SequencePoints>
              <BranchPoints />
            </Method>
            <Method visited="true" cyclomaticComplexity="1" nPathComplexity="0" sequenceCoverage="100.0" branchCoverage="0" crapScore="1" isConstructor="false" isStatic="false" isGetter="true" isSetter="false">
              <Summary numSequencePoints="1" visitedSequencePoints="1" numBranchPoints="0" visitedBranchPoints="0" sequenceCoverage="100.0" branchCoverage="0" maxCyclomaticComplexity="1" minCyclomaticComplexity="1" maxCrapScore="1" minCrapScore="1" visitedClasses="0" numClasses="0" visitedMethods="1" numMethods="1" />
              <MetadataToken>100663302</MetadataToken>
              <Name>System.Int32 Cell::get_Size()</Name>
              <FileRef uid="1" />
              <SequencePoints>
                <SequencePoint vc="418" uspid="13" ordinal="0" offset="0" sl="46" sc="23" el="46" ec="23" bec="0" bev="0" fileid="1" />
              </SequencePoints>
              <BranchPoints />
            </Method>
            <Method visited="true" cyclomaticComplexity="1" nPathComplexity="0" sequenceCoverage="100.0" branchCoverage="0" crapScore="1" isConstructor="false" isStatic="false" isGetter="true" isSetter="false">
              <Summary numSequencePoints="1" visitedSequencePoints="1" numBranchPoints="0" visitedBranchPoints="0" sequenceCoverage="100.0" branchCoverage="0" maxCyclomaticComplexity="1" minCyclomaticComplexity="1" maxCrapScore="1" minCrapScore="1" visitedClasses="0" numClasses="0" visitedMethods="1" numMethods="1" />
              <MetadataToken>100663303</MetadataToken>
              <Name>System.Boolean Cell::get_HasChest()</Name>
              <FileRef uid="1" />
              <SequencePoints>
                <SequencePoint vc="3001" uspid="14" ordinal="0" offset="0" sl="48" sc="28" el="48" ec="28" bec="0" bev="0" fileid="1" />
              </SequencePoints>
              <BranchPoints />
            </Method>
            <Method visited="true" cyclomaticComplexity="1" nPathComplexity="0" sequenceCoverage="100.0" branchCoverage="0" crapScore="1" isConstructor="false" isStatic="false" isGetter="false" isSetter="true">
              <Summary numSequencePoints="1" visitedSequencePoints="1" numBranchPoints="0" visitedBranchPoints="0" sequenceCoverage="100.0" branchCoverage="0" maxCyclomaticComplexity="1" minCyclomaticComplexity="1" maxCrapScore="1" minCrapScore="1" visitedClasses="0" numClasses="0" visitedMethods="1" numMethods="1" />
              <MetadataToken>100663304</MetadataToken>
              <Name>System.Void Cell::set_HasChest(System.Boolean)</Name>
              <FileRef uid="1" />
              <SequencePoints>
                <SequencePoint vc="447" uspid="15" ordinal="0" offset="0" sl="48" sc="33" el="48" ec="33" bec="0" bev="0" fileid="1" />
              </SequencePoints>
              <BranchPoints />
            </Method>
            <Method visited="true" cyclomaticComplexity="1" nPathComplexity="0" sequenceCoverage="100.0" branchCoverage="0" crapScore="1" isConstructor="false" isStatic="false" isGetter="false" isSetter="false">
              <Summary numSequencePoints="3" visitedSequencePoints="3" numBranchPoints="0" visitedBranchPoints="0" sequenceCoverage="100.0" branchCoverage="0" maxCyclomaticComplexity="1" minCyclomaticComplexity="1" maxCrapScore="1" minCrapScore="1" visitedClasses="0" numClasses="0" visitedMethods="1" numMethods="1" />
              <MetadataToken>100663305</MetadataToken>
              <Name>System.Void Cell::SetWall(Wall)</Name>
              <FileRef uid="1" />
              <SequencePoints>
                <SequencePoint vc="8827" uspid="16" ordinal="0" offset="0" sl="50" sc="38" el="50" ec="38" bec="0" bev="0" fileid="1" />
                <SequencePoint vc="8827" uspid="17" ordinal="0" offset="1" sl="51" sc="3" el="51" ec="3" bec="0" bev="0" fileid="1" />
                <SequencePoint vc="8827" uspid="18" ordinal="0" offset="15" sl="52" sc="2" el="52" ec="2" bec="0" bev="0" fileid="1" />
              </SequencePoints>
              <BranchPoints />
            </Method>
            <Method visited="true" cyclomaticComplexity="1" nPathComplexity="0" sequenceCoverage="100.0" branchCoverage="0" crapScore="1" isConstructor="false" isStatic="false" isGetter="false" isSetter="false">
              <Summary numSequencePoints="3" visitedSequencePoints="3" numBranchPoints="0" visitedBranchPoints="0" sequenceCoverage="100.0" branchCoverage="0" maxCyclomaticComplexity="1" minCyclomaticComplexity="1" maxCrapScore="1" minCrapScore="1" visitedClasses="0" numClasses="0" visitedMethods="1" numMethods="1" />
              <MetadataToken>100663306</MetadataToken>
              <Name>System.Void Cell::UnsetWall(Wall)</Name>
              <FileRef uid="1" />
              <SequencePoints>
                <SequencePoint vc="10" uspid="19" ordinal="0" offset="0" sl="54" sc="37" el="54" ec="37" bec="0" bev="0" fileid="1" />
                <SequencePoint vc="10" uspid="20" ordinal="0" offset="1" sl="55" sc="3" el="55" ec="3" bec="0" bev="0" fileid="1" />
                <SequencePoint vc="10" uspid="21" ordinal="0" offset="16" sl="56" sc="2" el="56" ec="2" bec="0" bev="0" fileid="1" />
              </SequencePoints>
              <BranchPoints />
            </Method>
            <Method visited="true" cyclomaticComplexity="1" nPathComplexity="0" sequenceCoverage="100.0" branchCoverage="0" crapScore="1" isConstructor="false" isStatic="false" isGetter="false" isSetter="false">
              <Summary numSequencePoints="3" visitedSequencePoints="3" numBranchPoints="0" visitedBranchPoints="0" sequenceCoverage="100.0" branchCoverage="0" maxCyclomaticComplexity="1" minCyclomaticComplexity="1" maxCrapScore="1" minCrapScore="1" visitedClasses="0" numClasses="0" visitedMethods="1" numMethods="1" />
              <MetadataToken>100663307</MetadataToken>
              <Name>System.Void Cell::ToggleWall(Wall)</Name>
              <FileRef uid="1" />
              <SequencePoints>
                <SequencePoint vc="17601" uspid="22" ordinal="0" offset="0" sl="58" sc="38" el="58" ec="38" bec="0" bev="0" fileid="1" />
                <SequencePoint vc="17601" uspid="23" ordinal="0" offset="1" sl="59" sc="3" el="59" ec="3" bec="0" bev="0" fileid="1" />
                <SequencePoint vc="17601" uspid="24" ordinal="0" offset="15" sl="60" sc="2" el="60" ec="2" bec="0" bev="0" fileid="1" />
              </SequencePoints>
              <BranchPoints />
            </Method>
            <Method visited="true" cyclomaticComplexity="1" nPathComplexity="0" sequenceCoverage="100.0" branchCoverage="0" crapScore="1" isConstructor="false" isStatic="false" isGetter="false" isSetter="false">
              <Summary numSequencePoints="3" visitedSequencePoints="3" numBranchPoints="0" visitedBranchPoints="0" sequenceCoverage="100.0" branchCoverage="0" maxCyclomaticComplexity="1" minCyclomaticComplexity="1" maxCrapScore="1" minCrapScore="1" visitedClasses="0" numClasses="0" visitedMethods="1" numMethods="1" />
              <MetadataToken>100663308</MetadataToken>
              <Name>System.Boolean Cell::HasWall(Wall)</Name>
              <FileRef uid="1" />
              <SequencePoints>
                <SequencePoint vc="60567" uspid="25" ordinal="0" offset="0" sl="62" sc="35" el="62" ec="35" bec="0" bev="0" fileid="1" />
                <SequencePoint vc="60567" uspid="26" ordinal="0" offset="1" sl="63" sc="3" el="63" ec="3" bec="0" bev="0" fileid="1" />
                <SequencePoint vc="60567" uspid="27" ordinal="0" offset="15" sl="64" sc="2" el="64" ec="2" bec="0" bev="0" fileid="1" />
              </SequencePoints>
              <BranchPoints />
            </Method>
            <Method visited="true" cyclomaticComplexity="5" nPathComplexity="0" sequenceCoverage="100.0" branchCoverage="0" crapScore="5" isConstructor="false" isStatic="false" isGetter="false" isSetter="false">
              <Summary numSequencePoints="15" visitedSequencePoints="15" numBranchPoints="0" visitedBranchPoints="0" sequenceCoverage="100.0" branchCoverage="0" maxCyclomaticComplexity="5" minCyclomaticComplexity="5" maxCrapScore="5" minCrapScore="5" visitedClasses="0" numClasses="0" visitedMethods="1" numMethods="1" />
              <MetadataToken>100663309</MetadataToken>
              <Name>Wall Cell::DeadEndOpening()</Name>
              <FileRef uid="1" />
              <SequencePoints>
                <SequencePoint vc="5" uspid="28" ordinal="0" offset="0" sl="66" sc="31" el="66" ec="31" bec="0" bev="0" fileid="1" />
                <SequencePoint vc="5" uspid="29" ordinal="0" offset="1" sl="67" sc="3" el="67" ec="3" bec="0" bev="0" fileid="1" />
                <SequencePoint vc="1" uspid="30" ordinal="0" offset="14" sl="67" sc="21" el="67" ec="21" bec="0" bev="0" fileid="1" />
                <SequencePoint vc="1" uspid="31" ordinal="0" offset="15" sl="68" sc="4" el="68" ec="4" bec="0" bev="0" fileid="1" />
                <SequencePoint vc="4" uspid="32" ordinal="0" offset="19" sl="71" sc="3" el="71" ec="3" bec="0" bev="0" fileid="1" />
                <SequencePoint vc="1" uspid="33" ordinal="0" offset="33" sl="71" sc="28" el="71" ec="28" bec="0" bev="0" fileid="1" />
                <SequencePoint vc="1" uspid="34" ordinal="0" offset="34" sl="72" sc="4" el="72" ec="4" bec="0" bev="0" fileid="1" />
                <SequencePoint vc="3" uspid="35" ordinal="0" offset="38" sl="74" sc="10" el="74" ec="10" bec="0" bev="0" fileid="1" />
                <SequencePoint vc="1" uspid="36" ordinal="0" offset="52" sl="74" sc="33" el="74" ec="33" bec="0" bev="0" fileid="1" />
                <SequencePoint vc="1" uspid="37" ordinal="0" offset="53" sl="75" sc="4" el="75" ec="4" bec="0" bev="0" fileid="1" />
                <SequencePoint vc="2" uspid="38" ordinal="0" offset="57" sl="77" sc="10" el="77" ec="10" bec="0" bev="0" fileid="1" />
                <SequencePoint vc="1" uspid="39" ordinal="0" offset="73" sl="77" sc="36" el="77" ec="36" bec="0" bev="0" fileid="1" />
                <SequencePoint vc="1" uspid="40" ordinal="0" offset="74" sl="78" sc="4" el="78" ec="4" bec="0" bev="0" fileid="1" />
                <SequencePoint vc="1" uspid="41" ordinal="0" offset="78" sl="81" sc="3" el="81" ec="3" bec="0" bev="0" fileid="1" />
                <SequencePoint vc="5" uspid="42" ordinal="0" offset="82" sl="82" sc="2" el="82" ec="2" bec="0" bev="0" fileid="1" />
              </SequencePoints>
              <BranchPoints />
            </Method>
            <Method visited="true" cyclomaticComplexity="5" nPathComplexity="0" sequenceCoverage="100.0" branchCoverage="0" crapScore="5" isConstructor="false" isStatic="false" isGetter="false" isSetter="false">
              <Summary numSequencePoints="12" visitedSequencePoints="12" numBranchPoints="0" visitedBranchPoints="0" sequenceCoverage="100.0" branchCoverage="0" maxCyclomaticComplexity="5" minCyclomaticComplexity="5" maxCrapScore="5" minCrapScore="5" visitedClasses="0" numClasses="0" visitedMethods="1" numMethods="1" />
              <MetadataToken>100663310</MetadataToken>
              <Name>System.Boolean Cell::IsDeadEnd()</Name>
              <FileRef uid="1" />
              <SequencePoints>
                <SequencePoint vc="14809" uspid="43" ordinal="0" offset="0" sl="84" sc="26" el="84" ec="26" bec="0" bev="0" fileid="1" />
                <SequencePoint vc="14809" uspid="44" ordinal="0" offset="1" sl="85" sc="3" el="85" ec="3" bec="0" bev="0" fileid="1" />
                <SequencePoint vc="14809" uspid="45" ordinal="0" offset="3" sl="87" sc="3" el="87" ec="3" bec="0" bev="0" fileid="1" />
                <SequencePoint vc="7306" uspid="46" ordinal="0" offset="14" sl="88" sc="4" el="88" ec="4" bec="0" bev="0" fileid="1" />
                <SequencePoint vc="14809" uspid="47" ordinal="0" offset="18" sl="90" sc="3" el="90" ec="3" bec="0" bev="0" fileid="1" />
                <SequencePoint vc="7521" uspid="48" ordinal="0" offset="29" sl="91" sc="4" el="91" ec="4" bec="0" bev="0" fileid="1" />
                <SequencePoint vc="14809" uspid="49" ordinal="0" offset="33" sl="93" sc="3" el="93" ec="3" bec="0" bev="0" fileid="1" />
                <SequencePoint vc="7316" uspid="50" ordinal="0" offset="44" sl="94" sc="4" el="94" ec="4" bec="0" bev="0" fileid="1" />
                <SequencePoint vc="14809" uspid="51" ordinal="0" offset="48" sl="96" sc="3" el="96" ec="3" bec="0" bev="0" fileid="1" />
                <SequencePoint vc="7512" uspid="52" ordinal="0" offset="61" sl="97" sc="4" el="97" ec="4" bec="0" bev="0" fileid="1" />
                <SequencePoint vc="14809" uspid="53" ordinal="0" offset="65" sl="99" sc="3" el="99" ec="3" bec="0" bev="0" fileid="1" />
                <SequencePoint vc="14809" uspid="54" ordinal="0" offset="73" sl="100" sc="2" el="100" ec="2" bec="0" bev="0" fileid="1" />
              </SequencePoints>
              <BranchPoints />
            </Method>
            <Method visited="true" cyclomaticComplexity="1" nPathComplexity="0" sequenceCoverage="100.0" branchCoverage="0" crapScore="1" isConstructor="true" isStatic="false" isGetter="false" isSetter="false">
              <Summary numSequencePoints="6" visitedSequencePoints="6" numBranchPoints="0" visitedBranchPoints="0" sequenceCoverage="100.0" branchCoverage="0" maxCyclomaticComplexity="1" minCyclomaticComplexity="1" maxCrapScore="1" minCrapScore="1" visitedClasses="0" numClasses="0" visitedMethods="1" numMethods="1" />
              <MetadataToken>100663297</MetadataToken>
              <Name>Cell::Cell(System.Int32, System.Int32, System.Int32)</Name>
              <FileRef uid="1" />
              <SequencePoints>
                <SequencePoint vc="8818" uspid="55" ordinal="0" offset="0" sl="24" sc="5" el="24" ec="5" bec="0" bev="0" fileid="1" />
                <SequencePoint vc="8818" uspid="56" ordinal="0" offset="7" sl="24" sc="41" el="24" ec="41" bec="0" bev="0" fileid="1" />
                <SequencePoint vc="8818" uspid="57" ordinal="0" offset="8" sl="25" sc="3" el="25" ec="3" bec="0" bev="0" fileid="1" />
                <SequencePoint vc="8818" uspid="58" ordinal="0" offset="23" sl="26" sc="3" el="26" ec="3" bec="0" bev="0" fileid="1" />
                <SequencePoint vc="8818" uspid="59" ordinal="0" offset="30" sl="28" sc="3" el="28" ec="3" bec="0" bev="0" fileid="1" />
                <SequencePoint vc="8818" uspid="60" ordinal="0" offset="37" sl="29" sc="2" el="29" ec="2" bec="0" bev="0" fileid="1" />
              </SequencePoints>
              <BranchPoints />
            </Method>
          </Methods>
        </Class>
        <Class>
          <Summary numSequencePoints="6" visitedSequencePoints="6" numBranchPoints="0" visitedBranchPoints="0" sequenceCoverage="100.0" branchCoverage="0.0" maxCyclomaticComplexity="1" minCyclomaticComplexity="1" maxCrapScore="1" minCrapScore="1" visitedClasses="1" numClasses="1" visitedMethods="3" numMethods="3" />
          <FullName>DFSCell</FullName>
          <Methods>
            <Method visited="true" cyclomaticComplexity="1" nPathComplexity="0" sequenceCoverage="100.0" branchCoverage="0" crapScore="1" isConstructor="false" isStatic="false" isGetter="true" isSetter="false">
              <Summary numSequencePoints="1" visitedSequencePoints="1" numBranchPoints="0" visitedBranchPoints="0" sequenceCoverage="100.0" branchCoverage="0" maxCyclomaticComplexity="1" minCyclomaticComplexity="1" maxCrapScore="1" minCrapScore="1" visitedClasses="0" numClasses="0" visitedMethods="1" numMethods="1" />
              <MetadataToken>100663312</MetadataToken>
              <Name>System.Boolean DFSCell::get_IsVisited()</Name>
              <FileRef uid="2" />
              <SequencePoints>
                <SequencePoint vc="67580" uspid="61" ordinal="0" offset="0" sl="13" sc="9" el="13" ec="9" bec="0" bev="0" fileid="2" />
              </SequencePoints>
              <BranchPoints />
            </Method>
            <Method visited="true" cyclomaticComplexity="1" nPathComplexity="0" sequenceCoverage="100.0" branchCoverage="0" crapScore="1" isConstructor="false" isStatic="false" isGetter="false" isSetter="true">
              <Summary numSequencePoints="1" visitedSequencePoints="1" numBranchPoints="0" visitedBranchPoints="0" sequenceCoverage="100.0" branchCoverage="0" maxCyclomaticComplexity="1" minCyclomaticComplexity="1" maxCrapScore="1" minCrapScore="1" visitedClasses="0" numClasses="0" visitedMethods="1" numMethods="1" />
              <MetadataToken>100663313</MetadataToken>
              <Name>System.Void DFSCell::set_IsVisited(System.Boolean)</Name>
              <FileRef uid="2" />
              <SequencePoints>
                <SequencePoint vc="26388" uspid="62" ordinal="0" offset="0" sl="14" sc="9" el="14" ec="9" bec="0" bev="0" fileid="2" />
              </SequencePoints>
              <BranchPoints />
            </Method>
            <Method visited="true" cyclomaticComplexity="1" nPathComplexity="0" sequenceCoverage="100.0" branchCoverage="0" crapScore="1" isConstructor="true" isStatic="false" isGetter="false" isSetter="false">
              <Summary numSequencePoints="4" visitedSequencePoints="4" numBranchPoints="0" visitedBranchPoints="0" sequenceCoverage="100.0" branchCoverage="0" maxCyclomaticComplexity="1" minCyclomaticComplexity="1" maxCrapScore="1" minCrapScore="1" visitedClasses="0" numClasses="0" visitedMethods="1" numMethods="1" />
              <MetadataToken>100663311</MetadataToken>
              <Name>DFSCell::DFSCell(System.Int32, System.Int32, System.Int32)</Name>
              <FileRef uid="2" />
              <SequencePoints>
                <SequencePoint vc="8802" uspid="63" ordinal="0" offset="0" sl="5" sc="11" el="5" ec="11" bec="0" bev="0" fileid="2" />
                <SequencePoint vc="8802" uspid="64" ordinal="0" offset="10" sl="5" sc="28" el="5" ec="28" bec="0" bev="0" fileid="2" />
                <SequencePoint vc="8802" uspid="65" ordinal="0" offset="11" sl="7" sc="9" el="7" ec="9" bec="0" bev="0" fileid="2" />
                <SequencePoint vc="8802" uspid="66" ordinal="0" offset="19" sl="8" sc="5" el="8" ec="5" bec="0" bev="0" fileid="2" />
              </SequencePoints>
              <BranchPoints />
            </Method>
          </Methods>
        </Class>
        <Class>
          <Summary numSequencePoints="103" visitedSequencePoints="103" numBranchPoints="0" visitedBranchPoints="0" sequenceCoverage="100.0" branchCoverage="0.0" maxCyclomaticComplexity="16" minCyclomaticComplexity="1" maxCrapScore="16" minCrapScore="1" visitedClasses="1" numClasses="1" visitedMethods="7" numMethods="7" />
          <FullName>DFSMazeFactory</FullName>
          <Methods>
            <Method visited="true" cyclomaticComplexity="3" nPathComplexity="0" sequenceCoverage="100.0" branchCoverage="0" crapScore="3" isConstructor="false" isStatic="true" isGetter="false" isSetter="false">
              <Summary numSequencePoints="15" visitedSequencePoints="15" numBranchPoints="0" visitedBranchPoints="0" sequenceCoverage="100.0" branchCoverage="0" maxCyclomaticComplexity="3" minCyclomaticComplexity="3" maxCrapScore="3" minCrapScore="3" visitedClasses="0" numClasses="0" visitedMethods="1" numMethods="1" />
              <MetadataToken>100663314</MetadataToken>
              <Name>static .Maze[Cell] DFSMazeFactory::CreateMaze(System.Int32, System.Int32, System.Int32)</Name>
              <FileRef uid="3" />
              <SequencePoints>
                <SequencePoint vc="15" uspid="67" ordinal="0" offset="0" sl="13" sc="78" el="13" ec="78" bec="0" bev="0" fileid="3" />
                <SequencePoint vc="15" uspid="68" ordinal="0" offset="1" sl="14" sc="3" el="14" ec="3" bec="0" bev="0" fileid="3" />
                <SequencePoint vc="15" uspid="69" ordinal="0" offset="10" sl="16" sc="8" el="16" ec="8" bec="0" bev="0" fileid="3" />
                <SequencePoint vc="340" uspid="70" ordinal="0" offset="14" sl="17" sc="9" el="17" ec="9" bec="0" bev="0" fileid="3" />
                <SequencePoint vc="8800" uspid="71" ordinal="0" offset="18" sl="18" sc="5" el="18" ec="5" bec="0" bev="0" fileid="3" />
                <SequencePoint vc="8800" uspid="72" ordinal="0" offset="35" sl="17" sc="35" el="17" ec="35" bec="0" bev="0" fileid="3" />
                <SequencePoint vc="9140" uspid="73" ordinal="0" offset="39" sl="17" sc="22" el="17" ec="22" bec="0" bev="0" fileid="3" />
                <SequencePoint vc="340" uspid="74" ordinal="0" offset="47" sl="16" sc="35" el="16" ec="35" bec="0" bev="0" fileid="3" />
                <SequencePoint vc="355" uspid="75" ordinal="0" offset="51" sl="16" sc="21" el="16" ec="21" bec="0" bev="0" fileid="3" />
                <SequencePoint vc="15" uspid="76" ordinal="0" offset="61" sl="20" sc="3" el="20" ec="3" bec="0" bev="0" fileid="3" />
                <SequencePoint vc="15" uspid="77" ordinal="0" offset="68" sl="21" sc="3" el="21" ec="3" bec="0" bev="0" fileid="3" />
                <SequencePoint vc="15" uspid="78" ordinal="0" offset="75" sl="22" sc="3" el="22" ec="3" bec="0" bev="0" fileid="3" />
                <SequencePoint vc="15" uspid="79" ordinal="0" offset="82" sl="23" sc="3" el="23" ec="3" bec="0" bev="0" fileid="3" />
                <SequencePoint vc="15" uspid="80" ordinal="0" offset="89" sl="25" sc="3" el="25" ec="3" bec="0" bev="0" fileid="3" />
                <SequencePoint vc="15" uspid="81" ordinal="0" offset="99" sl="26" sc="2" el="26" ec="2" bec="0" bev="0" fileid="3" />
              </SequencePoints>
              <BranchPoints />
            </Method>
            <Method visited="true" cyclomaticComplexity="16" nPathComplexity="0" sequenceCoverage="100.0" branchCoverage="0" crapScore="16" isConstructor="false" isStatic="true" isGetter="false" isSetter="false">
              <Summary numSequencePoints="45" visitedSequencePoints="45" numBranchPoints="0" visitedBranchPoints="0" sequenceCoverage="100.0" branchCoverage="0" maxCyclomaticComplexity="16" minCyclomaticComplexity="16" maxCrapScore="16" minCrapScore="16" visitedClasses="0" numClasses="0" visitedMethods="1" numMethods="1" />
              <MetadataToken>100663315</MetadataToken>
              <Name>static System.Void DFSMazeFactory::CreatePath(.Maze[DFSCell])</Name>
              <FileRef uid="3" />
              <SequencePoints>
                <SequencePoint vc="15" uspid="82" ordinal="0" offset="0" sl="30" sc="56" el="30" ec="56" bec="0" bev="0" fileid="3" />
                <SequencePoint vc="15" uspid="83" ordinal="0" offset="1" sl="31" sc="3" el="31" ec="3" bec="0" bev="0" fileid="3" />
                <SequencePoint vc="15" uspid="84" ordinal="0" offset="7" sl="32" sc="3" el="32" ec="3" bec="0" bev="0" fileid="3" />
                <SequencePoint vc="15" uspid="85" ordinal="0" offset="13" sl="33" sc="3" el="33" ec="3" bec="0" bev="0" fileid="3" />
                <SequencePoint vc="15" uspid="86" ordinal="0" offset="19" sl="36" sc="3" el="36" ec="3" bec="0" bev="0" fileid="3" />
                <SequencePoint vc="15" uspid="87" ordinal="0" offset="21" sl="37" sc="3" el="37" ec="3" bec="0" bev="0" fileid="3" />
                <SequencePoint vc="15" uspid="88" ordinal="0" offset="24" sl="40" sc="3" el="40" ec="3" bec="0" bev="0" fileid="3" />
                <SequencePoint vc="17585" uspid="89" ordinal="0" offset="51" sl="42" sc="29" el="42" ec="29" bec="0" bev="0" fileid="3" />
                <SequencePoint vc="17585" uspid="90" ordinal="0" offset="52" sl="44" sc="4" el="44" ec="4" bec="0" bev="0" fileid="3" />
                <SequencePoint vc="17585" uspid="91" ordinal="0" offset="68" sl="47" sc="4" el="47" ec="4" bec="0" bev="0" fileid="3" />
                <SequencePoint vc="17585" uspid="92" ordinal="0" offset="75" sl="48" sc="4" el="48" ec="4" bec="0" bev="0" fileid="3" />
                <SequencePoint vc="4377" uspid="93" ordinal="0" offset="108" sl="49" sc="5" el="49" ec="5" bec="0" bev="0" fileid="3" />
                <SequencePoint vc="17585" uspid="94" ordinal="0" offset="122" sl="51" sc="4" el="51" ec="4" bec="0" bev="0" fileid="3" />
                <SequencePoint vc="4428" uspid="95" ordinal="0" offset="154" sl="52" sc="5" el="52" ec="5" bec="0" bev="0" fileid="3" />
                <SequencePoint vc="17585" uspid="96" ordinal="0" offset="168" sl="54" sc="4" el="54" ec="4" bec="0" bev="0" fileid="3" />
                <SequencePoint vc="4568" uspid="97" ordinal="0" offset="208" sl="55" sc="5" el="55" ec="5" bec="0" bev="0" fileid="3" />
                <SequencePoint vc="17585" uspid="98" ordinal="0" offset="222" sl="57" sc="4" el="57" ec="4" bec="0" bev="0" fileid="3" />
                <SequencePoint vc="4531" uspid="99" ordinal="0" offset="261" sl="58" sc="5" el="58" ec="5" bec="0" bev="0" fileid="3" />
                <SequencePoint vc="17585" uspid="100" ordinal="0" offset="275" sl="61" sc="4" el="61" ec="4" bec="0" bev="0" fileid="3" />
                <SequencePoint vc="8785" uspid="101" ordinal="0" offset="293" sl="61" sc="29" el="61" ec="29" bec="0" bev="0" fileid="3" />
                <SequencePoint vc="8785" uspid="102" ordinal="0" offset="294" sl="62" sc="5" el="62" ec="5" bec="0" bev="0" fileid="3" />
                <SequencePoint vc="8785" uspid="103" ordinal="0" offset="316" sl="63" sc="5" el="63" ec="5" bec="0" bev="0" fileid="3" />
                <SequencePoint vc="8785" uspid="104" ordinal="0" offset="342" sl="65" sc="5" el="65" ec="5" bec="0" bev="0" fileid="3" />
                <SequencePoint vc="2159" uspid="105" ordinal="0" offset="393" sl="67" sc="7" el="67" ec="7" bec="0" bev="0" fileid="3" />
                <SequencePoint vc="2159" uspid="106" ordinal="0" offset="409" sl="68" sc="7" el="68" ec="7" bec="0" bev="0" fileid="3" />
                <SequencePoint vc="2159" uspid="107" ordinal="0" offset="430" sl="69" sc="7" el="69" ec="7" bec="0" bev="0" fileid="3" />
                <SequencePoint vc="2111" uspid="108" ordinal="0" offset="432" sl="72" sc="7" el="72" ec="7" bec="0" bev="0" fileid="3" />
                <SequencePoint vc="2111" uspid="109" ordinal="0" offset="448" sl="73" sc="7" el="73" ec="7" bec="0" bev="0" fileid="3" />
                <SequencePoint vc="2111" uspid="110" ordinal="0" offset="468" sl="74" sc="7" el="74" ec="7" bec="0" bev="0" fileid="3" />
                <SequencePoint vc="2281" uspid="111" ordinal="0" offset="470" sl="77" sc="7" el="77" ec="7" bec="0" bev="0" fileid="3" />
                <SequencePoint vc="2281" uspid="112" ordinal="0" offset="486" sl="78" sc="7" el="78" ec="7" bec="0" bev="0" fileid="3" />
                <SequencePoint vc="2281" uspid="113" ordinal="0" offset="507" sl="79" sc="7" el="79" ec="7" bec="0" bev="0" fileid="3" />
                <SequencePoint vc="2234" uspid="114" ordinal="0" offset="509" sl="82" sc="7" el="82" ec="7" bec="0" bev="0" fileid="3" />
                <SequencePoint vc="2234" uspid="115" ordinal="0" offset="525" sl="83" sc="7" el="83" ec="7" bec="0" bev="0" fileid="3" />
                <SequencePoint vc="2234" uspid="116" ordinal="0" offset="545" sl="84" sc="7" el="84" ec="7" bec="0" bev="0" fileid="3" />
                <SequencePoint vc="8785" uspid="117" ordinal="0" offset="547" sl="87" sc="4" el="87" ec="4" bec="0" bev="0" fileid="3" />
                <SequencePoint vc="8800" uspid="118" ordinal="0" offset="550" sl="87" sc="11" el="87" ec="11" bec="0" bev="0" fileid="3" />
                <SequencePoint vc="8800" uspid="119" ordinal="0" offset="551" sl="89" sc="5" el="89" ec="5" bec="0" bev="0" fileid="3" />
                <SequencePoint vc="8800" uspid="120" ordinal="0" offset="572" sl="90" sc="5" el="90" ec="5" bec="0" bev="0" fileid="3" />
                <SequencePoint vc="8800" uspid="121" ordinal="0" offset="581" sl="91" sc="5" el="91" ec="5" bec="0" bev="0" fileid="3" />
                <SequencePoint vc="8800" uspid="122" ordinal="0" offset="591" sl="93" sc="5" el="93" ec="5" bec="0" bev="0" fileid="3" />
                <SequencePoint vc="8800" uspid="123" ordinal="0" offset="606" sl="94" sc="4" el="94" ec="4" bec="0" bev="0" fileid="3" />
                <SequencePoint vc="17585" uspid="124" ordinal="0" offset="607" sl="97" sc="3" el="97" ec="3" bec="0" bev="0" fileid="3" />
                <SequencePoint vc="17600" uspid="125" ordinal="0" offset="608" sl="42" sc="3" el="42" ec="3" bec="0" bev="0" fileid="3" />
                <SequencePoint vc="15" uspid="126" ordinal="0" offset="626" sl="98" sc="2" el="98" ec="2" bec="0" bev="0" fileid="3" />
              </SequencePoints>
              <BranchPoints />
            </Method>
            <Method visited="true" cyclomaticComplexity="5" nPathComplexity="0" sequenceCoverage="100.0" branchCoverage="0" crapScore="5" isConstructor="false" isStatic="true" isGetter="false" isSetter="false">
              <Summary numSequencePoints="11" visitedSequencePoints="11" numBranchPoints="0" visitedBranchPoints="0" sequenceCoverage="100.0" branchCoverage="0" maxCyclomaticComplexity="5" minCyclomaticComplexity="5" maxCrapScore="5" minCrapScore="5" visitedClasses="0" numClasses="0" visitedMethods="1" numMethods="1" />
              <MetadataToken>100663316</MetadataToken>
              <Name>static System.Void DFSMazeFactory::CreateChests(.Maze[DFSCell])</Name>
              <FileRef uid="3" />
              <SequencePoints>
                <SequencePoint vc="15" uspid="127" ordinal="0" offset="0" sl="100" sc="55" el="100" ec="55" bec="0" bev="0" fileid="3" />
                <SequencePoint vc="15" uspid="128" ordinal="0" offset="1" sl="101" sc="3" el="101" ec="3" bec="0" bev="0" fileid="3" />
                <SequencePoint vc="15" uspid="129" ordinal="0" offset="7" sl="103" sc="8" el="103" ec="8" bec="0" bev="0" fileid="3" />
                <SequencePoint vc="340" uspid="130" ordinal="0" offset="11" sl="104" sc="9" el="104" ec="9" bec="0" bev="0" fileid="3" />
                <SequencePoint vc="8800" uspid="131" ordinal="0" offset="15" sl="105" sc="5" el="105" ec="5" bec="0" bev="0" fileid="3" />
                <SequencePoint vc="446" uspid="132" ordinal="0" offset="51" sl="106" sc="6" el="106" ec="6" bec="0" bev="0" fileid="3" />
                <SequencePoint vc="8800" uspid="133" ordinal="0" offset="66" sl="104" sc="40" el="104" ec="40" bec="0" bev="0" fileid="3" />
                <SequencePoint vc="9140" uspid="134" ordinal="0" offset="70" sl="104" sc="22" el="104" ec="22" bec="0" bev="0" fileid="3" />
                <SequencePoint vc="340" uspid="135" ordinal="0" offset="85" sl="103" sc="40" el="103" ec="40" bec="0" bev="0" fileid="3" />
                <SequencePoint vc="355" uspid="136" ordinal="0" offset="89" sl="103" sc="21" el="103" ec="21" bec="0" bev="0" fileid="3" />
                <SequencePoint vc="15" uspid="137" ordinal="0" offset="104" sl="107" sc="2" el="107" ec="2" bec="0" bev="0" fileid="3" />
              </SequencePoints>
              <BranchPoints />
            </Method>
            <Method visited="true" cyclomaticComplexity="1" nPathComplexity="0" sequenceCoverage="100.0" branchCoverage="0" crapScore="1" isConstructor="false" isStatic="true" isGetter="false" isSetter="false">
              <Summary numSequencePoints="4" visitedSequencePoints="4" numBranchPoints="0" visitedBranchPoints="0" sequenceCoverage="100.0" branchCoverage="0" maxCyclomaticComplexity="1" minCyclomaticComplexity="1" maxCrapScore="1" minCrapScore="1" visitedClasses="0" numClasses="0" visitedMethods="1" numMethods="1" />
              <MetadataToken>100663317</MetadataToken>
              <Name>static System.Void DFSMazeFactory::CreateEntrance(.Maze[DFSCell])</Name>
              <FileRef uid="3" />
              <SequencePoints>
                <SequencePoint vc="15" uspid="138" ordinal="0" offset="0" sl="109" sc="57" el="109" ec="57" bec="0" bev="0" fileid="3" />
                <SequencePoint vc="15" uspid="139" ordinal="0" offset="1" sl="110" sc="3" el="110" ec="3" bec="0" bev="0" fileid="3" />
                <SequencePoint vc="15" uspid="140" ordinal="0" offset="16" sl="111" sc="3" el="111" ec="3" bec="0" bev="0" fileid="3" />
                <SequencePoint vc="15" uspid="141" ordinal="0" offset="31" sl="112" sc="2" el="112" ec="2" bec="0" bev="0" fileid="3" />
              </SequencePoints>
              <BranchPoints />
            </Method>
            <Method visited="true" cyclomaticComplexity="2" nPathComplexity="0" sequenceCoverage="100.0" branchCoverage="0" crapScore="2" isConstructor="false" isStatic="true" isGetter="false" isSetter="false">
              <Summary numSequencePoints="14" visitedSequencePoints="14" numBranchPoints="0" visitedBranchPoints="0" sequenceCoverage="100.0" branchCoverage="0" maxCyclomaticComplexity="2" minCyclomaticComplexity="2" maxCrapScore="2" minCrapScore="2" visitedClasses="0" numClasses="0" visitedMethods="1" numMethods="1" />
              <MetadataToken>100663318</MetadataToken>
              <Name>static System.Void DFSMazeFactory::CreateExit(.Maze[DFSCell])</Name>
              <FileRef uid="3" />
              <SequencePoints>
                <SequencePoint vc="15" uspid="142" ordinal="0" offset="0" sl="114" sc="53" el="114" ec="53" bec="0" bev="0" fileid="3" />
                <SequencePoint vc="15" uspid="143" ordinal="0" offset="1" sl="115" sc="3" el="115" ec="3" bec="0" bev="0" fileid="3" />
                <SequencePoint vc="15" uspid="144" ordinal="0" offset="7" sl="117" sc="3" el="117" ec="3" bec="0" bev="0" fileid="3" />
                <SequencePoint vc="15" uspid="145" ordinal="0" offset="66" sl="119" sc="3" el="119" ec="3" bec="0" bev="0" fileid="3" />
                <SequencePoint vc="2" uspid="146" ordinal="0" offset="84" sl="119" sc="40" el="119" ec="40" bec="0" bev="0" fileid="3" />
                <SequencePoint vc="2" uspid="147" ordinal="0" offset="85" sl="120" sc="4" el="120" ec="4" bec="0" bev="0" fileid="3" />
                <SequencePoint vc="2" uspid="148" ordinal="0" offset="101" sl="121" sc="4" el="121" ec="4" bec="0" bev="0" fileid="3" />
                <SequencePoint vc="2" uspid="149" ordinal="0" offset="128" sl="123" sc="3" el="123" ec="3" bec="0" bev="0" fileid="3" />
                <SequencePoint vc="13" uspid="150" ordinal="0" offset="131" sl="123" sc="10" el="123" ec="10" bec="0" bev="0" fileid="3" />
                <SequencePoint vc="13" uspid="151" ordinal="0" offset="132" sl="124" sc="4" el="124" ec="4" bec="0" bev="0" fileid="3" />
                <SequencePoint vc="13" uspid="152" ordinal="0" offset="148" sl="125" sc="4" el="125" ec="4" bec="0" bev="0" fileid="3" />
                <SequencePoint vc="13" uspid="153" ordinal="0" offset="175" sl="126" sc="3" el="126" ec="3" bec="0" bev="0" fileid="3" />
                <SequencePoint vc="15" uspid="154" ordinal="0" offset="176" sl="128" sc="3" el="128" ec="3" bec="0" bev="0" fileid="3" />
                <SequencePoint vc="15" uspid="155" ordinal="0" offset="203" sl="129" sc="2" el="129" ec="2" bec="0" bev="0" fileid="3" />
              </SequencePoints>
              <BranchPoints />
            </Method>
            <Method visited="true" cyclomaticComplexity="3" nPathComplexity="0" sequenceCoverage="100.0" branchCoverage="0" crapScore="3" isConstructor="false" isStatic="true" isGetter="false" isSetter="false">
              <Summary numSequencePoints="13" visitedSequencePoints="13" numBranchPoints="0" visitedBranchPoints="0" sequenceCoverage="100.0" branchCoverage="0" maxCyclomaticComplexity="3" minCyclomaticComplexity="3" maxCrapScore="3" minCrapScore="3" visitedClasses="0" numClasses="0" visitedMethods="1" numMethods="1" />
              <MetadataToken>100663319</MetadataToken>
              <Name>static .Maze[Cell] DFSMazeFactory::DFSMazeToMaze(.Maze[DFSCell])</Name>
              <FileRef uid="3" />
              <SequencePoints>
                <SequencePoint vc="15" uspid="156" ordinal="0" offset="0" sl="131" sc="65" el="131" ec="65" bec="0" bev="0" fileid="3" />
                <SequencePoint vc="15" uspid="157" ordinal="0" offset="1" sl="132" sc="3" el="132" ec="3" bec="0" bev="0" fileid="3" />
                <SequencePoint vc="15" uspid="158" ordinal="0" offset="25" sl="133" sc="3" el="133" ec="3" bec="0" bev="0" fileid="3" />
                <SequencePoint vc="15" uspid="159" ordinal="0" offset="38" sl="134" sc="3" el="134" ec="3" bec="0" bev="0" fileid="3" />
                <SequencePoint vc="15" uspid="160" ordinal="0" offset="51" sl="136" sc="8" el="136" ec="8" bec="0" bev="0" fileid="3" />
                <SequencePoint vc="340" uspid="161" ordinal="0" offset="55" sl="137" sc="9" el="137" ec="9" bec="0" bev="0" fileid="3" />
                <SequencePoint vc="8800" uspid="162" ordinal="0" offset="59" sl="138" sc="5" el="138" ec="5" bec="0" bev="0" fileid="3" />
                <SequencePoint vc="8800" uspid="163" ordinal="0" offset="76" sl="137" sc="40" el="137" ec="40" bec="0" bev="0" fileid="3" />
                <SequencePoint vc="9140" uspid="164" ordinal="0" offset="80" sl="137" sc="22" el="137" ec="22" bec="0" bev="0" fileid="3" />
                <SequencePoint vc="340" uspid="165" ordinal="0" offset="93" sl="136" sc="40" el="136" ec="40" bec="0" bev="0" fileid="3" />
                <SequencePoint vc="355" uspid="166" ordinal="0" offset="97" sl="136" sc="21" el="136" ec="21" bec="0" bev="0" fileid="3" />
                <SequencePoint vc="15" uspid="167" ordinal="0" offset="112" sl="140" sc="3" el="140" ec="3" bec="0" bev="0" fileid="3" />
                <SequencePoint vc="15" uspid="168" ordinal="0" offset="117" sl="141" sc="2" el="141" ec="2" bec="0" bev="0" fileid="3" />
              </SequencePoints>
              <BranchPoints />
            </Method>
            <Method visited="true" cyclomaticComplexity="1" nPathComplexity="0" sequenceCoverage="100.0" branchCoverage="0" crapScore="1" isConstructor="true" isStatic="true" isGetter="false" isSetter="false">
              <Summary numSequencePoints="1" visitedSequencePoints="1" numBranchPoints="0" visitedBranchPoints="0" sequenceCoverage="100.0" branchCoverage="0" maxCyclomaticComplexity="1" minCyclomaticComplexity="1" maxCrapScore="1" minCrapScore="1" visitedClasses="0" numClasses="0" visitedMethods="1" numMethods="1" />
              <MetadataToken>100663320</MetadataToken>
              <Name>static DFSMazeFactory::DFSMazeFactory()</Name>
              <FileRef uid="3" />
              <SequencePoints>
                <SequencePoint vc="1" uspid="169" ordinal="0" offset="0" sl="9" sc="2" el="9" ec="2" bec="0" bev="0" fileid="3" />
              </SequencePoints>
              <BranchPoints />
            </Method>
          </Methods>
        </Class>
        <Class>
          <Summary numSequencePoints="111" visitedSequencePoints="6" numBranchPoints="0" visitedBranchPoints="0" sequenceCoverage="5.4" branchCoverage="0.0" maxCyclomaticComplexity="5" minCyclomaticComplexity="1" maxCrapScore="30" minCrapScore="1" visitedClasses="1" numClasses="1" visitedMethods="1" numMethods="14" />
          <FullName>EventManager</FullName>
          <Methods>
            <Method visited="false" cyclomaticComplexity="2" nPathComplexity="0" sequenceCoverage="0.0" branchCoverage="0" crapScore="6" isConstructor="false" isStatic="true" isGetter="true" isSetter="false">
              <Summary numSequencePoints="5" visitedSequencePoints="0" numBranchPoints="0" visitedBranchPoints="0" sequenceCoverage="0.0" branchCoverage="0" maxCyclomaticComplexity="2" minCyclomaticComplexity="2" maxCrapScore="6" minCrapScore="6" visitedClasses="0" numClasses="0" visitedMethods="0" numMethods="1" />
              <MetadataToken>100663321</MetadataToken>
              <Name>static EventManager EventManager::get_Instance()</Name>
              <FileRef uid="4" />
              <SequencePoints>
                <SequencePoint vc="0" uspid="170" ordinal="0" offset="0" sl="11" sc="0" el="11" ec="0" bec="0" bev="0" fileid="4" />
                <SequencePoint vc="0" uspid="171" ordinal="0" offset="1" sl="12" sc="0" el="12" ec="0" bec="0" bev="0" fileid="4" />
                <SequencePoint vc="0" uspid="172" ordinal="0" offset="16" sl="13" sc="0" el="13" ec="0" bec="0" bev="0" fileid="4" />
                <SequencePoint vc="0" uspid="173" ordinal="0" offset="41" sl="15" sc="0" el="15" ec="0" bec="0" bev="0" fileid="4" />
                <SequencePoint vc="0" uspid="174" ordinal="0" offset="49" sl="16" sc="0" el="16" ec="0" bec="0" bev="0" fileid="4" />
              </SequencePoints>
              <BranchPoints />
            </Method>
            <Method visited="false" cyclomaticComplexity="1" nPathComplexity="0" sequenceCoverage="0.0" branchCoverage="0" crapScore="2" isConstructor="false" isStatic="false" isGetter="false" isSetter="false">
              <Summary numSequencePoints="3" visitedSequencePoints="0" numBranchPoints="0" visitedBranchPoints="0" sequenceCoverage="0.0" branchCoverage="0" maxCyclomaticComplexity="1" minCyclomaticComplexity="1" maxCrapScore="2" minCrapScore="2" visitedClasses="0" numClasses="0" visitedMethods="0" numMethods="1" />
              <MetadataToken>100663322</MetadataToken>
              <Name>System.Void EventManager::AddListener[T](.EventDelegate[T])</Name>
              <FileRef uid="4" />
              <SequencePoints>
                <SequencePoint vc="0" uspid="175" ordinal="0" offset="0" sl="39" sc="0" el="39" ec="0" bec="0" bev="0" fileid="4" />
                <SequencePoint vc="0" uspid="176" ordinal="0" offset="1" sl="40" sc="0" el="40" ec="0" bec="0" bev="0" fileid="4" />
                <SequencePoint vc="0" uspid="177" ordinal="0" offset="9" sl="41" sc="0" el="41" ec="0" bec="0" bev="0" fileid="4" />
              </SequencePoints>
              <BranchPoints />
            </Method>
            <Method visited="false" cyclomaticComplexity="2" nPathComplexity="0" sequenceCoverage="0.0" branchCoverage="0" crapScore="6" isConstructor="false" isStatic="false" isGetter="false" isSetter="false">
              <Summary numSequencePoints="5" visitedSequencePoints="0" numBranchPoints="0" visitedBranchPoints="0" sequenceCoverage="0.0" branchCoverage="0" maxCyclomaticComplexity="2" minCyclomaticComplexity="2" maxCrapScore="6" minCrapScore="6" visitedClasses="0" numClasses="0" visitedMethods="0" numMethods="1" />
              <MetadataToken>100663323</MetadataToken>
              <Name>System.Void EventManager::AddListenerOnce[T](.EventDelegate[T])</Name>
              <FileRef uid="4" />
              <SequencePoints>
                <SequencePoint vc="0" uspid="178" ordinal="0" offset="0" sl="43" sc="0" el="43" ec="0" bec="0" bev="0" fileid="4" />
                <SequencePoint vc="0" uspid="179" ordinal="0" offset="1" sl="44" sc="0" el="44" ec="0" bec="0" bev="0" fileid="4" />
                <SequencePoint vc="0" uspid="180" ordinal="0" offset="9" sl="46" sc="0" el="46" ec="0" bec="0" bev="0" fileid="4" />
                <SequencePoint vc="0" uspid="181" ordinal="0" offset="17" sl="47" sc="0" el="47" ec="0" bec="0" bev="0" fileid="4" />
                <SequencePoint vc="0" uspid="182" ordinal="0" offset="31" sl="48" sc="0" el="48" ec="0" bec="0" bev="0" fileid="4" />
              </SequencePoints>
              <BranchPoints />
            </Method>
            <Method visited="false" cyclomaticComplexity="5" nPathComplexity="0" sequenceCoverage="0.0" branchCoverage="0" crapScore="30" isConstructor="false" isStatic="false" isGetter="false" isSetter="false">
              <Summary numSequencePoints="15" visitedSequencePoints="0" numBranchPoints="0" visitedBranchPoints="0" sequenceCoverage="0.0" branchCoverage="0" maxCyclomaticComplexity="5" minCyclomaticComplexity="5" maxCrapScore="30" minCrapScore="30" visitedClasses="0" numClasses="0" visitedMethods="0" numMethods="1" />
              <MetadataToken>100663324</MetadataToken>
              <Name>System.Void EventManager::RemoveListener[T](.EventDelegate[T])</Name>
              <FileRef uid="4" />
              <SequencePoints>
                <SequencePoint vc="0" uspid="183" ordinal="0" offset="0" sl="50" sc="0" el="50" ec="0" bec="0" bev="0" fileid="4" />
                <SequencePoint vc="0" uspid="184" ordinal="0" offset="1" sl="51" sc="0" el="51" ec="0" bec="0" bev="0" fileid="4" />
                <SequencePoint vc="0" uspid="185" ordinal="0" offset="19" sl="52" sc="0" el="52" ec="0" bec="0" bev="0" fileid="4" />
                <SequencePoint vc="0" uspid="186" ordinal="0" offset="24" sl="54" sc="0" el="54" ec="0" bec="0" bev="0" fileid="4" />
                <SequencePoint vc="0" uspid="187" ordinal="0" offset="42" sl="54" sc="0" el="54" ec="0" bec="0" bev="0" fileid="4" />
                <SequencePoint vc="0" uspid="188" ordinal="0" offset="43" sl="55" sc="0" el="55" ec="0" bec="0" bev="0" fileid="4" />
                <SequencePoint vc="0" uspid="189" ordinal="0" offset="72" sl="55" sc="0" el="55" ec="0" bec="0" bev="0" fileid="4" />
                <SequencePoint vc="0" uspid="190" ordinal="0" offset="73" sl="56" sc="0" el="56" ec="0" bec="0" bev="0" fileid="4" />
                <SequencePoint vc="0" uspid="191" ordinal="0" offset="86" sl="58" sc="0" el="58" ec="0" bec="0" bev="0" fileid="4" />
                <SequencePoint vc="0" uspid="192" ordinal="0" offset="96" sl="59" sc="0" el="59" ec="0" bec="0" bev="0" fileid="4" />
                <SequencePoint vc="0" uspid="193" ordinal="0" offset="120" sl="61" sc="0" el="61" ec="0" bec="0" bev="0" fileid="4" />
                <SequencePoint vc="0" uspid="194" ordinal="0" offset="143" sl="62" sc="0" el="62" ec="0" bec="0" bev="0" fileid="4" />
                <SequencePoint vc="0" uspid="195" ordinal="0" offset="144" sl="64" sc="0" el="64" ec="0" bec="0" bev="0" fileid="4" />
                <SequencePoint vc="0" uspid="196" ordinal="0" offset="157" sl="65" sc="0" el="65" ec="0" bec="0" bev="0" fileid="4" />
                <SequencePoint vc="0" uspid="197" ordinal="0" offset="158" sl="66" sc="0" el="66" ec="0" bec="0" bev="0" fileid="4" />
              </SequencePoints>
              <BranchPoints />
            </Method>
            <Method visited="false" cyclomaticComplexity="1" nPathComplexity="0" sequenceCoverage="0.0" branchCoverage="0" crapScore="2" isConstructor="false" isStatic="false" isGetter="false" isSetter="false">
              <Summary numSequencePoints="5" visitedSequencePoints="0" numBranchPoints="0" visitedBranchPoints="0" sequenceCoverage="0.0" branchCoverage="0" maxCyclomaticComplexity="1" minCyclomaticComplexity="1" maxCrapScore="2" minCrapScore="2" visitedClasses="0" numClasses="0" visitedMethods="0" numMethods="1" />
              <MetadataToken>100663325</MetadataToken>
              <Name>System.Void EventManager::RemoveAll()</Name>
              <FileRef uid="4" />
              <SequencePoints>
                <SequencePoint vc="0" uspid="198" ordinal="0" offset="0" sl="68" sc="0" el="68" ec="0" bec="0" bev="0" fileid="4" />
                <SequencePoint vc="0" uspid="199" ordinal="0" offset="1" sl="69" sc="0" el="69" ec="0" bec="0" bev="0" fileid="4" />
                <SequencePoint vc="0" uspid="200" ordinal="0" offset="13" sl="70" sc="0" el="70" ec="0" bec="0" bev="0" fileid="4" />
                <SequencePoint vc="0" uspid="201" ordinal="0" offset="25" sl="71" sc="0" el="71" ec="0" bec="0" bev="0" fileid="4" />
                <SequencePoint vc="0" uspid="202" ordinal="0" offset="37" sl="72" sc="0" el="72" ec="0" bec="0" bev="0" fileid="4" />
              </SequencePoints>
              <BranchPoints />
            </Method>
            <Method visited="false" cyclomaticComplexity="1" nPathComplexity="0" sequenceCoverage="0.0" branchCoverage="0" crapScore="2" isConstructor="false" isStatic="false" isGetter="false" isSetter="false">
              <Summary numSequencePoints="3" visitedSequencePoints="0" numBranchPoints="0" visitedBranchPoints="0" sequenceCoverage="0.0" branchCoverage="0" maxCyclomaticComplexity="1" minCyclomaticComplexity="1" maxCrapScore="2" minCrapScore="2" visitedClasses="0" numClasses="0" visitedMethods="0" numMethods="1" />
              <MetadataToken>100663326</MetadataToken>
              <Name>System.Boolean EventManager::HasListener[T](.EventDelegate[T])</Name>
              <FileRef uid="4" />
              <SequencePoints>
                <SequencePoint vc="0" uspid="203" ordinal="0" offset="0" sl="74" sc="0" el="74" ec="0" bec="0" bev="0" fileid="4" />
                <SequencePoint vc="0" uspid="204" ordinal="0" offset="1" sl="75" sc="0" el="75" ec="0" bec="0" bev="0" fileid="4" />
                <SequencePoint vc="0" uspid="205" ordinal="0" offset="16" sl="76" sc="0" el="76" ec="0" bec="0" bev="0" fileid="4" />
              </SequencePoints>
              <BranchPoints />
            </Method>
            <Method visited="false" cyclomaticComplexity="5" nPathComplexity="0" sequenceCoverage="0.0" branchCoverage="0" crapScore="30" isConstructor="false" isStatic="false" isGetter="false" isSetter="false">
              <Summary numSequencePoints="22" visitedSequencePoints="0" numBranchPoints="0" visitedBranchPoints="0" sequenceCoverage="0.0" branchCoverage="0" maxCyclomaticComplexity="5" minCyclomaticComplexity="5" maxCrapScore="30" minCrapScore="30" visitedClasses="0" numClasses="0" visitedMethods="0" numMethods="1" />
              <MetadataToken>100663327</MetadataToken>
              <Name>System.Void EventManager::TriggerEvent(GameEvent)</Name>
              <FileRef uid="4" />
              <SequencePoints>
                <SequencePoint vc="0" uspid="206" ordinal="0" offset="0" sl="78" sc="0" el="78" ec="0" bec="0" bev="0" fileid="4" />
                <SequencePoint vc="0" uspid="207" ordinal="0" offset="1" sl="80" sc="0" el="80" ec="0" bec="0" bev="0" fileid="4" />
                <SequencePoint vc="0" uspid="208" ordinal="0" offset="28" sl="83" sc="0" el="83" ec="0" bec="0" bev="0" fileid="4" />
                <SequencePoint vc="0" uspid="209" ordinal="0" offset="54" sl="83" sc="0" el="83" ec="0" bec="0" bev="0" fileid="4" />
                <SequencePoint vc="0" uspid="210" ordinal="0" offset="55" sl="84" sc="0" el="84" ec="0" bec="0" bev="0" fileid="4" />
                <SequencePoint vc="0" uspid="211" ordinal="0" offset="63" sl="87" sc="0" el="87" ec="0" bec="0" bev="0" fileid="4" />
                <SequencePoint vc="0" uspid="212" ordinal="0" offset="64" sl="87" sc="0" el="87" ec="0" bec="0" bev="0" fileid="4" />
                <SequencePoint vc="0" uspid="213" ordinal="0" offset="94" sl="87" sc="0" el="87" ec="0" bec="0" bev="0" fileid="4" />
                <SequencePoint vc="0" uspid="214" ordinal="0" offset="104" sl="88" sc="0" el="88" ec="0" bec="0" bev="0" fileid="4" />
                <SequencePoint vc="0" uspid="215" ordinal="0" offset="126" sl="88" sc="0" el="88" ec="0" bec="0" bev="0" fileid="4" />
                <SequencePoint vc="0" uspid="216" ordinal="0" offset="127" sl="89" sc="0" el="89" ec="0" bec="0" bev="0" fileid="4" />
                <SequencePoint vc="0" uspid="217" ordinal="0" offset="174" sl="91" sc="0" el="91" ec="0" bec="0" bev="0" fileid="4" />
                <SequencePoint vc="0" uspid="218" ordinal="0" offset="200" sl="92" sc="0" el="92" ec="0" bec="0" bev="0" fileid="4" />
                <SequencePoint vc="0" uspid="219" ordinal="0" offset="218" sl="94" sc="0" el="94" ec="0" bec="0" bev="0" fileid="4" />
                <SequencePoint vc="0" uspid="220" ordinal="0" offset="243" sl="95" sc="0" el="95" ec="0" bec="0" bev="0" fileid="4" />
                <SequencePoint vc="0" uspid="221" ordinal="0" offset="257" sl="96" sc="0" el="96" ec="0" bec="0" bev="0" fileid="4" />
                <SequencePoint vc="0" uspid="222" ordinal="0" offset="262" sl="87" sc="0" el="87" ec="0" bec="0" bev="0" fileid="4" />
                <SequencePoint vc="0" uspid="223" ordinal="0" offset="271" sl="98" sc="0" el="98" ec="0" bec="0" bev="0" fileid="4" />
                <SequencePoint vc="0" uspid="224" ordinal="0" offset="274" sl="98" sc="0" el="98" ec="0" bec="0" bev="0" fileid="4" />
                <SequencePoint vc="0" uspid="225" ordinal="0" offset="275" sl="99" sc="0" el="99" ec="0" bec="0" bev="0" fileid="4" />
                <SequencePoint vc="0" uspid="226" ordinal="0" offset="302" sl="100" sc="0" el="100" ec="0" bec="0" bev="0" fileid="4" />
                <SequencePoint vc="0" uspid="227" ordinal="0" offset="303" sl="101" sc="0" el="101" ec="0" bec="0" bev="0" fileid="4" />
              </SequencePoints>
              <BranchPoints />
            </Method>
            <Method visited="false" cyclomaticComplexity="2" nPathComplexity="0" sequenceCoverage="0.0" branchCoverage="0" crapScore="6" isConstructor="false" isStatic="false" isGetter="false" isSetter="false">
              <Summary numSequencePoints="8" visitedSequencePoints="0" numBranchPoints="0" visitedBranchPoints="0" sequenceCoverage="0.0" branchCoverage="0" maxCyclomaticComplexity="2" minCyclomaticComplexity="2" maxCrapScore="6" minCrapScore="6" visitedClasses="0" numClasses="0" visitedMethods="0" numMethods="1" />
              <MetadataToken>100663328</MetadataToken>
              <Name>System.Boolean EventManager::QueueEvent(GameEvent)</Name>
              <FileRef uid="4" />
              <SequencePoints>
                <SequencePoint vc="0" uspid="228" ordinal="0" offset="0" sl="103" sc="0" el="103" ec="0" bec="0" bev="0" fileid="4" />
                <SequencePoint vc="0" uspid="229" ordinal="0" offset="1" sl="104" sc="0" el="104" ec="0" bec="0" bev="0" fileid="4" />
                <SequencePoint vc="0" uspid="230" ordinal="0" offset="25" sl="104" sc="0" el="104" ec="0" bec="0" bev="0" fileid="4" />
                <SequencePoint vc="0" uspid="231" ordinal="0" offset="26" sl="105" sc="0" el="105" ec="0" bec="0" bev="0" fileid="4" />
                <SequencePoint vc="0" uspid="232" ordinal="0" offset="48" sl="106" sc="0" el="106" ec="0" bec="0" bev="0" fileid="4" />
                <SequencePoint vc="0" uspid="233" ordinal="0" offset="52" sl="109" sc="0" el="109" ec="0" bec="0" bev="0" fileid="4" />
                <SequencePoint vc="0" uspid="234" ordinal="0" offset="65" sl="110" sc="0" el="110" ec="0" bec="0" bev="0" fileid="4" />
                <SequencePoint vc="0" uspid="235" ordinal="0" offset="69" sl="111" sc="0" el="111" ec="0" bec="0" bev="0" fileid="4" />
              </SequencePoints>
              <BranchPoints />
            </Method>
            <Method visited="false" cyclomaticComplexity="3" nPathComplexity="0" sequenceCoverage="0.0" branchCoverage="0" crapScore="12" isConstructor="false" isStatic="false" isGetter="false" isSetter="false">
              <Summary numSequencePoints="10" visitedSequencePoints="0" numBranchPoints="0" visitedBranchPoints="0" sequenceCoverage="0.0" branchCoverage="0" maxCyclomaticComplexity="3" minCyclomaticComplexity="3" maxCrapScore="12" minCrapScore="12" visitedClasses="0" numClasses="0" visitedMethods="0" numMethods="1" />
              <MetadataToken>100663329</MetadataToken>
              <Name>EventManager/EventDelegate EventManager::AddDelegate[T](.EventDelegate[T])</Name>
              <FileRef uid="4" />
              <SequencePoints>
                <SequencePoint vc="0" uspid="236" ordinal="0" offset="13" sl="115" sc="0" el="115" ec="0" bec="0" bev="0" fileid="4" />
                <SequencePoint vc="0" uspid="237" ordinal="0" offset="14" sl="117" sc="0" el="117" ec="0" bec="0" bev="0" fileid="4" />
                <SequencePoint vc="0" uspid="238" ordinal="0" offset="35" sl="118" sc="0" el="118" ec="0" bec="0" bev="0" fileid="4" />
                <SequencePoint vc="0" uspid="239" ordinal="0" offset="40" sl="121" sc="0" el="121" ec="0" bec="0" bev="0" fileid="4" />
                <SequencePoint vc="0" uspid="240" ordinal="0" offset="53" sl="122" sc="0" el="122" ec="0" bec="0" bev="0" fileid="4" />
                <SequencePoint vc="0" uspid="241" ordinal="0" offset="72" sl="124" sc="0" el="124" ec="0" bec="0" bev="0" fileid="4" />
                <SequencePoint vc="0" uspid="242" ordinal="0" offset="101" sl="125" sc="0" el="125" ec="0" bec="0" bev="0" fileid="4" />
                <SequencePoint vc="0" uspid="243" ordinal="0" offset="139" sl="127" sc="0" el="127" ec="0" bec="0" bev="0" fileid="4" />
                <SequencePoint vc="0" uspid="244" ordinal="0" offset="162" sl="129" sc="0" el="129" ec="0" bec="0" bev="0" fileid="4" />
                <SequencePoint vc="0" uspid="245" ordinal="0" offset="167" sl="130" sc="0" el="130" ec="0" bec="0" bev="0" fileid="4" />
              </SequencePoints>
              <BranchPoints />
            </Method>
            <Method visited="false" cyclomaticComplexity="2" nPathComplexity="0" sequenceCoverage="0.0" branchCoverage="0" crapScore="6" isConstructor="false" isStatic="false" isGetter="false" isSetter="false">
              <Summary numSequencePoints="10" visitedSequencePoints="0" numBranchPoints="0" visitedBranchPoints="0" sequenceCoverage="0.0" branchCoverage="0" maxCyclomaticComplexity="2" minCyclomaticComplexity="2" maxCrapScore="6" minCrapScore="6" visitedClasses="0" numClasses="0" visitedMethods="0" numMethods="1" />
              <MetadataToken>100663330</MetadataToken>
              <Name>System.Void EventManager::Awake()</Name>
              <FileRef uid="4" />
              <SequencePoints>
                <SequencePoint vc="0" uspid="246" ordinal="0" offset="0" sl="132" sc="0" el="132" ec="0" bec="0" bev="0" fileid="4" />
                <SequencePoint vc="0" uspid="247" ordinal="0" offset="1" sl="133" sc="0" el="133" ec="0" bec="0" bev="0" fileid="4" />
                <SequencePoint vc="0" uspid="248" ordinal="0" offset="16" sl="133" sc="0" el="133" ec="0" bec="0" bev="0" fileid="4" />
                <SequencePoint vc="0" uspid="249" ordinal="0" offset="17" sl="134" sc="0" el="134" ec="0" bec="0" bev="0" fileid="4" />
                <SequencePoint vc="0" uspid="250" ordinal="0" offset="23" sl="135" sc="0" el="135" ec="0" bec="0" bev="0" fileid="4" />
                <SequencePoint vc="0" uspid="251" ordinal="0" offset="35" sl="137" sc="0" el="137" ec="0" bec="0" bev="0" fileid="4" />
                <SequencePoint vc="0" uspid="252" ordinal="0" offset="38" sl="137" sc="0" el="137" ec="0" bec="0" bev="0" fileid="4" />
                <SequencePoint vc="0" uspid="253" ordinal="0" offset="39" sl="138" sc="0" el="138" ec="0" bec="0" bev="0" fileid="4" />
                <SequencePoint vc="0" uspid="254" ordinal="0" offset="51" sl="139" sc="0" el="139" ec="0" bec="0" bev="0" fileid="4" />
                <SequencePoint vc="0" uspid="255" ordinal="0" offset="52" sl="140" sc="0" el="140" ec="0" bec="0" bev="0" fileid="4" />
              </SequencePoints>
              <BranchPoints />
            </Method>
            <Method visited="false" cyclomaticComplexity="5" nPathComplexity="0" sequenceCoverage="0.0" branchCoverage="0" crapScore="30" isConstructor="false" isStatic="false" isGetter="false" isSetter="false">
              <Summary numSequencePoints="13" visitedSequencePoints="0" numBranchPoints="0" visitedBranchPoints="0" sequenceCoverage="0.0" branchCoverage="0" maxCyclomaticComplexity="5" minCyclomaticComplexity="5" maxCrapScore="30" minCrapScore="30" visitedClasses="0" numClasses="0" visitedMethods="0" numMethods="1" />
              <MetadataToken>100663331</MetadataToken>
              <Name>System.Void EventManager::Update()</Name>
              <FileRef uid="4" />
              <SequencePoints>
                <SequencePoint vc="0" uspid="256" ordinal="0" offset="0" sl="145" sc="0" el="145" ec="0" bec="0" bev="0" fileid="4" />
                <SequencePoint vc="0" uspid="257" ordinal="0" offset="1" sl="146" sc="0" el="146" ec="0" bec="0" bev="0" fileid="4" />
                <SequencePoint vc="0" uspid="258" ordinal="0" offset="9" sl="147" sc="0" el="147" ec="0" bec="0" bev="0" fileid="4" />
                <SequencePoint vc="0" uspid="259" ordinal="0" offset="10" sl="148" sc="0" el="148" ec="0" bec="0" bev="0" fileid="4" />
                <SequencePoint vc="0" uspid="260" ordinal="0" offset="20" sl="149" sc="0" el="149" ec="0" bec="0" bev="0" fileid="4" />
                <SequencePoint vc="0" uspid="261" ordinal="0" offset="33" sl="150" sc="0" el="150" ec="0" bec="0" bev="0" fileid="4" />
                <SequencePoint vc="0" uspid="262" ordinal="0" offset="35" sl="152" sc="0" el="152" ec="0" bec="0" bev="0" fileid="4" />
                <SequencePoint vc="0" uspid="263" ordinal="0" offset="52" sl="153" sc="0" el="153" ec="0" bec="0" bev="0" fileid="4" />
                <SequencePoint vc="0" uspid="264" ordinal="0" offset="60" sl="155" sc="0" el="155" ec="0" bec="0" bev="0" fileid="4" />
                <SequencePoint vc="0" uspid="265" ordinal="0" offset="72" sl="156" sc="0" el="156" ec="0" bec="0" bev="0" fileid="4" />
                <SequencePoint vc="0" uspid="266" ordinal="0" offset="80" sl="157" sc="0" el="157" ec="0" bec="0" bev="0" fileid="4" />
                <SequencePoint vc="0" uspid="267" ordinal="0" offset="81" sl="147" sc="0" el="147" ec="0" bec="0" bev="0" fileid="4" />
                <SequencePoint vc="0" uspid="268" ordinal="0" offset="101" sl="158" sc="0" el="158" ec="0" bec="0" bev="0" fileid="4" />
              </SequencePoints>
              <BranchPoints />
            </Method>
            <Method visited="false" cyclomaticComplexity="1" nPathComplexity="0" sequenceCoverage="0.0" branchCoverage="0" crapScore="2" isConstructor="false" isStatic="false" isGetter="false" isSetter="false">
              <Summary numSequencePoints="5" visitedSequencePoints="0" numBranchPoints="0" visitedBranchPoints="0" sequenceCoverage="0.0" branchCoverage="0" maxCyclomaticComplexity="1" minCyclomaticComplexity="1" maxCrapScore="2" minCrapScore="2" visitedClasses="0" numClasses="0" visitedMethods="0" numMethods="1" />
              <MetadataToken>100663332</MetadataToken>
              <Name>System.Void EventManager::OnApplicationQuit()</Name>
              <FileRef uid="4" />
              <SequencePoints>
                <SequencePoint vc="0" uspid="269" ordinal="0" offset="0" sl="160" sc="0" el="160" ec="0" bec="0" bev="0" fileid="4" />
                <SequencePoint vc="0" uspid="270" ordinal="0" offset="1" sl="161" sc="0" el="161" ec="0" bec="0" bev="0" fileid="4" />
                <SequencePoint vc="0" uspid="271" ordinal="0" offset="8" sl="162" sc="0" el="162" ec="0" bec="0" bev="0" fileid="4" />
                <SequencePoint vc="0" uspid="272" ordinal="0" offset="20" sl="163" sc="0" el="163" ec="0" bec="0" bev="0" fileid="4" />
                <SequencePoint vc="0" uspid="273" ordinal="0" offset="26" sl="164" sc="0" el="164" ec="0" bec="0" bev="0" fileid="4" />
              </SequencePoints>
              <BranchPoints />
            </Method>
            <Method visited="true" cyclomaticComplexity="1" nPathComplexity="0" sequenceCoverage="100.0" branchCoverage="0" crapScore="1" isConstructor="true" isStatic="false" isGetter="false" isSetter="false">
              <Summary numSequencePoints="6" visitedSequencePoints="6" numBranchPoints="0" visitedBranchPoints="0" sequenceCoverage="100.0" branchCoverage="0" maxCyclomaticComplexity="1" minCyclomaticComplexity="1" maxCrapScore="1" minCrapScore="1" visitedClasses="0" numClasses="0" visitedMethods="1" numMethods="1" />
              <MetadataToken>100663333</MetadataToken>
              <Name>EventManager::EventManager()</Name>
              <FileRef uid="4" />
              <SequencePoints>
                <SequencePoint vc="1" uspid="274" ordinal="0" offset="0" sl="23" sc="22" el="23" ec="22" bec="0" bev="0" fileid="4" />
                <SequencePoint vc="1" uspid="275" ordinal="0" offset="7" sl="25" sc="22" el="25" ec="22" bec="0" bev="0" fileid="4" />
                <SequencePoint vc="1" uspid="276" ordinal="0" offset="18" sl="27" sc="5" el="27" ec="5" bec="0" bev="0" fileid="4" />
                <SequencePoint vc="1" uspid="277" ordinal="0" offset="29" sl="29" sc="5" el="29" ec="5" bec="0" bev="0" fileid="4" />
                <SequencePoint vc="1" uspid="278" ordinal="0" offset="40" sl="31" sc="5" el="31" ec="5" bec="0" bev="0" fileid="4" />
                <SequencePoint vc="1" uspid="279" ordinal="0" offset="51" sl="33" sc="5" el="33" ec="5" bec="0" bev="0" fileid="4" />
              </SequencePoints>
              <BranchPoints />
            </Method>
            <Method visited="false" cyclomaticComplexity="1" nPathComplexity="0" sequenceCoverage="0.0" branchCoverage="0" crapScore="2" isConstructor="true" isStatic="true" isGetter="false" isSetter="false">
              <Summary numSequencePoints="1" visitedSequencePoints="0" numBranchPoints="0" visitedBranchPoints="0" sequenceCoverage="0.0" branchCoverage="0" maxCyclomaticComplexity="1" minCyclomaticComplexity="1" maxCrapScore="2" minCrapScore="2" visitedClasses="0" numClasses="0" visitedMethods="0" numMethods="1" />
              <MetadataToken>100663334</MetadataToken>
              <Name>static EventManager::EventManager()</Name>
              <FileRef uid="4" />
              <SequencePoints>
                <SequencePoint vc="0" uspid="280" ordinal="0" offset="0" sl="8" sc="5" el="8" ec="5" bec="0" bev="0" fileid="4" />
              </SequencePoints>
              <BranchPoints />
            </Method>
          </Methods>
        </Class>
        <Class>
          <Summary numSequencePoints="3" visitedSequencePoints="0" numBranchPoints="0" visitedBranchPoints="0" sequenceCoverage="0.0" branchCoverage="0.0" maxCyclomaticComplexity="1" minCyclomaticComplexity="1" maxCrapScore="2" minCrapScore="2" visitedClasses="0" numClasses="1" visitedMethods="0" numMethods="1" />
          <FullName>FinishTrigger</FullName>
          <Methods>
            <Method visited="false" cyclomaticComplexity="1" nPathComplexity="0" sequenceCoverage="0.0" branchCoverage="0" crapScore="2" isConstructor="false" isStatic="false" isGetter="false" isSetter="false">
              <Summary numSequencePoints="3" visitedSequencePoints="0" numBranchPoints="0" visitedBranchPoints="0" sequenceCoverage="0.0" branchCoverage="0" maxCyclomaticComplexity="1" minCyclomaticComplexity="1" maxCrapScore="2" minCrapScore="2" visitedClasses="0" numClasses="0" visitedMethods="0" numMethods="1" />
              <MetadataToken>100663335</MetadataToken>
              <Name>System.Void FinishTrigger::OnTriggerEnter(UnityEngine.Collider)</Name>
              <FileRef uid="5" />
              <SequencePoints>
                <SequencePoint vc="0" uspid="281" ordinal="0" offset="0" sl="7" sc="0" el="7" ec="0" bec="0" bev="0" fileid="5" />
                <SequencePoint vc="0" uspid="282" ordinal="0" offset="1" sl="8" sc="0" el="8" ec="0" bec="0" bev="0" fileid="5" />
                <SequencePoint vc="0" uspid="283" ordinal="0" offset="17" sl="9" sc="0" el="9" ec="0" bec="0" bev="0" fileid="5" />
              </SequencePoints>
              <BranchPoints />
            </Method>
          </Methods>
        </Class>
        <Class>
          <Summary numSequencePoints="35" visitedSequencePoints="0" numBranchPoints="0" visitedBranchPoints="0" sequenceCoverage="0.0" branchCoverage="0.0" maxCyclomaticComplexity="1" minCyclomaticComplexity="1" maxCrapScore="2" minCrapScore="2" visitedClasses="0" numClasses="1" visitedMethods="0" numMethods="10" />
          <FullName>Maze[T]</FullName>
          <Methods>
            <Method visited="false" cyclomaticComplexity="1" nPathComplexity="0" sequenceCoverage="0.0" branchCoverage="0" crapScore="2" isConstructor="false" isStatic="false" isGetter="true" isSetter="false">
              <Summary numSequencePoints="3" visitedSequencePoints="0" numBranchPoints="0" visitedBranchPoints="0" sequenceCoverage="0.0" branchCoverage="0" maxCyclomaticComplexity="1" minCyclomaticComplexity="1" maxCrapScore="2" minCrapScore="2" visitedClasses="0" numClasses="0" visitedMethods="0" numMethods="1" />
              <MetadataToken>100663341</MetadataToken>
              <Name>System.Int32 Maze[T]::get_Length()</Name>
              <FileRef uid="6" />
              <SequencePoints>
                <SequencePoint vc="18354" uspid="284" ordinal="0" offset="0" sl="28" sc="0" el="28" ec="0" bec="0" bev="0" fileid="6" />
                <SequencePoint vc="18354" uspid="285" ordinal="0" offset="1" sl="28" sc="0" el="28" ec="0" bec="0" bev="0" fileid="6" />
                <SequencePoint vc="18354" uspid="286" ordinal="0" offset="10" sl="28" sc="0" el="28" ec="0" bec="0" bev="0" fileid="6" />
              </SequencePoints>
              <BranchPoints />
            </Method>
            <Method visited="false" cyclomaticComplexity="1" nPathComplexity="0" sequenceCoverage="0.0" branchCoverage="0" crapScore="2" isConstructor="false" isStatic="false" isGetter="true" isSetter="false">
              <Summary numSequencePoints="3" visitedSequencePoints="0" numBranchPoints="0" visitedBranchPoints="0" sequenceCoverage="0.0" branchCoverage="0" maxCyclomaticComplexity="1" minCyclomaticComplexity="1" maxCrapScore="2" minCrapScore="2" visitedClasses="0" numClasses="0" visitedMethods="0" numMethods="1" />
              <MetadataToken>100663342</MetadataToken>
              <Name>System.Int32 Maze[T]::get_Width()</Name>
              <FileRef uid="6" />
              <SequencePoints>
                <SequencePoint vc="35913" uspid="287" ordinal="0" offset="0" sl="32" sc="0" el="32" ec="0" bec="0" bev="0" fileid="6" />
                <SequencePoint vc="35913" uspid="288" ordinal="0" offset="1" sl="32" sc="0" el="32" ec="0" bec="0" bev="0" fileid="6" />
                <SequencePoint vc="35913" uspid="289" ordinal="0" offset="10" sl="32" sc="0" el="32" ec="0" bec="0" bev="0" fileid="6" />
              </SequencePoints>
              <BranchPoints />
            </Method>
            <Method visited="false" cyclomaticComplexity="1" nPathComplexity="0" sequenceCoverage="0.0" branchCoverage="0" crapScore="2" isConstructor="false" isStatic="false" isGetter="true" isSetter="false">
              <Summary numSequencePoints="3" visitedSequencePoints="0" numBranchPoints="0" visitedBranchPoints="0" sequenceCoverage="0.0" branchCoverage="0" maxCyclomaticComplexity="1" minCyclomaticComplexity="1" maxCrapScore="2" minCrapScore="2" visitedClasses="0" numClasses="0" visitedMethods="0" numMethods="1" />
              <MetadataToken>100663343</MetadataToken>
              <Name>System.Int32 Maze[T]::get_CellSize()</Name>
              <FileRef uid="6" />
              <SequencePoints>
                <SequencePoint vc="15" uspid="290" ordinal="0" offset="0" sl="36" sc="0" el="36" ec="0" bec="0" bev="0" fileid="6" />
                <SequencePoint vc="15" uspid="291" ordinal="0" offset="1" sl="36" sc="0" el="36" ec="0" bec="0" bev="0" fileid="6" />
                <SequencePoint vc="15" uspid="292" ordinal="0" offset="27" sl="36" sc="0" el="36" ec="0" bec="0" bev="0" fileid="6" />
              </SequencePoints>
              <BranchPoints />
            </Method>
            <Method visited="false" cyclomaticComplexity="1" nPathComplexity="0" sequenceCoverage="0.0" branchCoverage="0" crapScore="2" isConstructor="false" isStatic="false" isGetter="true" isSetter="false">
              <Summary numSequencePoints="3" visitedSequencePoints="0" numBranchPoints="0" visitedBranchPoints="0" sequenceCoverage="0.0" branchCoverage="0" maxCyclomaticComplexity="1" minCyclomaticComplexity="1" maxCrapScore="2" minCrapScore="2" visitedClasses="0" numClasses="0" visitedMethods="0" numMethods="1" />
              <MetadataToken>100663344</MetadataToken>
              <Name>T Maze[T]::get_Item(System.Int32, System.Int32)</Name>
              <FileRef uid="6" />
              <SequencePoints>
                <SequencePoint vc="131020" uspid="293" ordinal="0" offset="0" sl="40" sc="0" el="40" ec="0" bec="0" bev="0" fileid="6" />
                <SequencePoint vc="131020" uspid="294" ordinal="0" offset="1" sl="40" sc="0" el="40" ec="0" bec="0" bev="0" fileid="6" />
                <SequencePoint vc="131020" uspid="295" ordinal="0" offset="17" sl="40" sc="0" el="40" ec="0" bec="0" bev="0" fileid="6" />
              </SequencePoints>
              <BranchPoints />
            </Method>
[...]
              <Summary numSequencePoints="5" visitedSequencePoints="0" numBranchPoints="0" visitedBranchPoints="0" sequenceCoverage="0.0" branchCoverage="0" maxCyclomaticComplexity="1" minCyclomaticComplexity="1" maxCrapScore="2" minCrapScore="2" visitedClasses="0" numClasses="0" visitedMethods="0" numMethods="1" />
              <MetadataToken>100663385</MetadataToken>
              <Name>System.Void SceneLoader::AddListeners()</Name>
              <FileRef uid="14" />
              <SequencePoints>
                <SequencePoint vc="0" uspid="476" ordinal="0" offset="0" sl="26" sc="0" el="26" ec="0" bec="0" bev="0" fileid="14" />
                <SequencePoint vc="0" uspid="477" ordinal="0" offset="1" sl="27" sc="0" el="27" ec="0" bec="0" bev="0" fileid="14" />
                <SequencePoint vc="0" uspid="478" ordinal="0" offset="24" sl="28" sc="0" el="28" ec="0" bec="0" bev="0" fileid="14" />
                <SequencePoint vc="0" uspid="479" ordinal="0" offset="47" sl="29" sc="0" el="29" ec="0" bec="0" bev="0" fileid="14" />
                <SequencePoint vc="0" uspid="480" ordinal="0" offset="65" sl="30" sc="0" el="30" ec="0" bec="0" bev="0" fileid="14" />
              </SequencePoints>
              <BranchPoints />
            </Method>
            <Method visited="false" cyclomaticComplexity="1" nPathComplexity="0" sequenceCoverage="0.0" branchCoverage="0" crapScore="2" isConstructor="false" isStatic="false" isGetter="false" isSetter="false">
              <Summary numSequencePoints="3" visitedSequencePoints="0" numBranchPoints="0" visitedBranchPoints="0" sequenceCoverage="0.0" branchCoverage="0" maxCyclomaticComplexity="1" minCyclomaticComplexity="1" maxCrapScore="2" minCrapScore="2" visitedClasses="0" numClasses="0" visitedMethods="0" numMethods="1" />
              <MetadataToken>100663386</MetadataToken>
              <Name>System.Void SceneLoader::RemoveListeners()</Name>
              <FileRef uid="14" />
              <SequencePoints>
                <SequencePoint vc="0" uspid="481" ordinal="0" offset="0" sl="32" sc="0" el="32" ec="0" bec="0" bev="0" fileid="14" />
                <SequencePoint vc="0" uspid="482" ordinal="0" offset="1" sl="33" sc="0" el="33" ec="0" bec="0" bev="0" fileid="14" />
                <SequencePoint vc="0" uspid="483" ordinal="0" offset="19" sl="34" sc="0" el="34" ec="0" bec="0" bev="0" fileid="14" />
              </SequencePoints>
              <BranchPoints />
            </Method>
            <Method visited="false" cyclomaticComplexity="2" nPathComplexity="0" sequenceCoverage="0.0" branchCoverage="0" crapScore="6" isConstructor="false" isStatic="false" isGetter="false" isSetter="false">
              <Summary numSequencePoints="11" visitedSequencePoints="0" numBranchPoints="0" visitedBranchPoints="0" sequenceCoverage="0.0" branchCoverage="0" maxCyclomaticComplexity="2" minCyclomaticComplexity="2" maxCrapScore="6" minCrapScore="6" visitedClasses="0" numClasses="0" visitedMethods="0" numMethods="1" />
              <MetadataToken>100663387</MetadataToken>
              <Name>System.Void SceneLoader::Awake()</Name>
              <FileRef uid="14" />
              <SequencePoints>
                <SequencePoint vc="0" uspid="484" ordinal="0" offset="0" sl="38" sc="0" el="38" ec="0" bec="0" bev="0" fileid="14" />
                <SequencePoint vc="0" uspid="485" ordinal="0" offset="1" sl="39" sc="0" el="39" ec="0" bec="0" bev="0" fileid="14" />
                <SequencePoint vc="0" uspid="486" ordinal="0" offset="16" sl="39" sc="0" el="39" ec="0" bec="0" bev="0" fileid="14" />
                <SequencePoint vc="0" uspid="487" ordinal="0" offset="17" sl="40" sc="0" el="40" ec="0" bec="0" bev="0" fileid="14" />
                <SequencePoint vc="0" uspid="488" ordinal="0" offset="23" sl="41" sc="0" el="41" ec="0" bec="0" bev="0" fileid="14" />
                <SequencePoint vc="0" uspid="489" ordinal="0" offset="35" sl="43" sc="0" el="43" ec="0" bec="0" bev="0" fileid="14" />
                <SequencePoint vc="0" uspid="490" ordinal="0" offset="38" sl="43" sc="0" el="43" ec="0" bec="0" bev="0" fileid="14" />
                <SequencePoint vc="0" uspid="491" ordinal="0" offset="39" sl="44" sc="0" el="44" ec="0" bec="0" bev="0" fileid="14" />
                <SequencePoint vc="0" uspid="492" ordinal="0" offset="51" sl="45" sc="0" el="45" ec="0" bec="0" bev="0" fileid="14" />
                <SequencePoint vc="0" uspid="493" ordinal="0" offset="52" sl="47" sc="0" el="47" ec="0" bec="0" bev="0" fileid="14" />
                <SequencePoint vc="0" uspid="494" ordinal="0" offset="59" sl="48" sc="0" el="48" ec="0" bec="0" bev="0" fileid="14" />
              </SequencePoints>
              <BranchPoints />
            </Method>
            <Method visited="false" cyclomaticComplexity="1" nPathComplexity="0" sequenceCoverage="0.0" branchCoverage="0" crapScore="2" isConstructor="false" isStatic="false" isGetter="false" isSetter="false">
              <Summary numSequencePoints="3" visitedSequencePoints="0" numBranchPoints="0" visitedBranchPoints="0" sequenceCoverage="0.0" branchCoverage="0" maxCyclomaticComplexity="1" minCyclomaticComplexity="1" maxCrapScore="2" minCrapScore="2" visitedClasses="0" numClasses="0" visitedMethods="0" numMethods="1" />
              <MetadataToken>100663388</MetadataToken>
              <Name>System.Void SceneLoader::OnDestroy()</Name>
              <FileRef uid="14" />
              <SequencePoints>
                <SequencePoint vc="0" uspid="495" ordinal="0" offset="0" sl="50" sc="0" el="50" ec="0" bec="0" bev="0" fileid="14" />
                <SequencePoint vc="0" uspid="496" ordinal="0" offset="1" sl="51" sc="0" el="51" ec="0" bec="0" bev="0" fileid="14" />
                <SequencePoint vc="0" uspid="497" ordinal="0" offset="8" sl="52" sc="0" el="52" ec="0" bec="0" bev="0" fileid="14" />
              </SequencePoints>
              <BranchPoints />
            </Method>
            <Method visited="false" cyclomaticComplexity="1" nPathComplexity="0" sequenceCoverage="0.0" branchCoverage="0" crapScore="2" isConstructor="false" isStatic="false" isGetter="false" isSetter="false">
              <Summary numSequencePoints="3" visitedSequencePoints="0" numBranchPoints="0" visitedBranchPoints="0" sequenceCoverage="0.0" branchCoverage="0" maxCyclomaticComplexity="1" minCyclomaticComplexity="1" maxCrapScore="2" minCrapScore="2" visitedClasses="0" numClasses="0" visitedMethods="0" numMethods="1" />
              <MetadataToken>100663389</MetadataToken>
              <Name>System.Void SceneLoader::LoadGame(Events.StartButtonClicked)</Name>
              <FileRef uid="14" />
              <SequencePoints>
                <SequencePoint vc="0" uspid="498" ordinal="0" offset="0" sl="54" sc="0" el="54" ec="0" bec="0" bev="0" fileid="14" />
                <SequencePoint vc="0" uspid="499" ordinal="0" offset="1" sl="55" sc="0" el="55" ec="0" bec="0" bev="0" fileid="14" />
                <SequencePoint vc="0" uspid="500" ordinal="0" offset="8" sl="56" sc="0" el="56" ec="0" bec="0" bev="0" fileid="14" />
              </SequencePoints>
              <BranchPoints />
            </Method>
            <Method visited="false" cyclomaticComplexity="1" nPathComplexity="0" sequenceCoverage="0.0" branchCoverage="0" crapScore="2" isConstructor="false" isStatic="false" isGetter="false" isSetter="false">
              <Summary numSequencePoints="3" visitedSequencePoints="0" numBranchPoints="0" visitedBranchPoints="0" sequenceCoverage="0.0" branchCoverage="0" maxCyclomaticComplexity="1" minCyclomaticComplexity="1" maxCrapScore="2" minCrapScore="2" visitedClasses="0" numClasses="0" visitedMethods="0" numMethods="1" />
              <MetadataToken>100663390</MetadataToken>
              <Name>System.Void SceneLoader::LoadMenu(Events.MazeFinished)</Name>
              <FileRef uid="14" />
              <SequencePoints>
                <SequencePoint vc="0" uspid="501" ordinal="0" offset="0" sl="58" sc="0" el="58" ec="0" bec="0" bev="0" fileid="14" />
                <SequencePoint vc="0" uspid="502" ordinal="0" offset="1" sl="59" sc="0" el="59" ec="0" bec="0" bev="0" fileid="14" />
                <SequencePoint vc="0" uspid="503" ordinal="0" offset="8" sl="60" sc="0" el="60" ec="0" bec="0" bev="0" fileid="14" />
              </SequencePoints>
              <BranchPoints />
            </Method>
            <Method visited="false" cyclomaticComplexity="3" nPathComplexity="0" sequenceCoverage="0.0" branchCoverage="0" crapScore="12" isConstructor="false" isStatic="false" isGetter="false" isSetter="false">
              <Summary numSequencePoints="11" visitedSequencePoints="0" numBranchPoints="0" visitedBranchPoints="0" sequenceCoverage="0.0" branchCoverage="0" maxCyclomaticComplexity="3" minCyclomaticComplexity="3" maxCrapScore="12" minCrapScore="12" visitedClasses="0" numClasses="0" visitedMethods="0" numMethods="1" />
              <MetadataToken>100663391</MetadataToken>
              <Name>System.Void SceneLoader::OnSceneLoaded(UnityEngine.SceneManagement.Scene, UnityEngine.SceneManagement.LoadSceneMode)</Name>
              <FileRef uid="14" />
              <SequencePoints>
                <SequencePoint vc="0" uspid="504" ordinal="0" offset="0" sl="62" sc="0" el="62" ec="0" bec="0" bev="0" fileid="14" />
                <SequencePoint vc="0" uspid="505" ordinal="0" offset="1" sl="63" sc="0" el="63" ec="0" bec="0" bev="0" fileid="14" />
                <SequencePoint vc="0" uspid="506" ordinal="0" offset="9" sl="65" sc="0" el="65" ec="0" bec="0" bev="0" fileid="14" />
                <SequencePoint vc="0" uspid="507" ordinal="0" offset="22" sl="67" sc="0" el="67" ec="0" bec="0" bev="0" fileid="14" />
                <SequencePoint vc="0" uspid="508" ordinal="0" offset="29" sl="68" sc="0" el="68" ec="0" bec="0" bev="0" fileid="14" />
                <SequencePoint vc="0" uspid="509" ordinal="0" offset="45" sl="69" sc="0" el="69" ec="0" bec="0" bev="0" fileid="14" />
                <SequencePoint vc="0" uspid="510" ordinal="0" offset="47" sl="72" sc="0" el="72" ec="0" bec="0" bev="0" fileid="14" />
                <SequencePoint vc="0" uspid="511" ordinal="0" offset="63" sl="73" sc="0" el="73" ec="0" bec="0" bev="0" fileid="14" />
                <SequencePoint vc="0" uspid="512" ordinal="0" offset="65" sl="76" sc="0" el="76" ec="0" bec="0" bev="0" fileid="14" />
                <SequencePoint vc="0" uspid="513" ordinal="0" offset="76" sl="77" sc="0" el="77" ec="0" bec="0" bev="0" fileid="14" />
                <SequencePoint vc="0" uspid="514" ordinal="0" offset="78" sl="79" sc="0" el="79" ec="0" bec="0" bev="0" fileid="14" />
              </SequencePoints>
              <BranchPoints />
            </Method>
            <Method visited="false" cyclomaticComplexity="1" nPathComplexity="0" sequenceCoverage="0.0" branchCoverage="0" crapScore="2" isConstructor="true" isStatic="true" isGetter="false" isSetter="false">
              <Summary numSequencePoints="1" visitedSequencePoints="0" numBranchPoints="0" visitedBranchPoints="0" sequenceCoverage="0.0" branchCoverage="0" maxCyclomaticComplexity="1" minCyclomaticComplexity="1" maxCrapScore="2" minCrapScore="2" visitedClasses="0" numClasses="0" visitedMethods="0" numMethods="1" />
              <MetadataToken>100663393</MetadataToken>
              <Name>static SceneLoader::SceneLoader()</Name>
              <FileRef uid="14" />
              <SequencePoints>
                <SequencePoint vc="0" uspid="515" ordinal="0" offset="0" sl="13" sc="5" el="13" ec="5" bec="0" bev="0" fileid="14" />
              </SequencePoints>
              <BranchPoints />
            </Method>
          </Methods>
        </Class>
        <Class>
          <Summary numSequencePoints="3" visitedSequencePoints="3" numBranchPoints="0" visitedBranchPoints="0" sequenceCoverage="100.0" branchCoverage="0.0" maxCyclomaticComplexity="1" minCyclomaticComplexity="1" maxCrapScore="1" minCrapScore="1" visitedClasses="1" numClasses="1" visitedMethods="1" numMethods="1" />
          <FullName>Events.MazeFinished</FullName>
          <Methods>
            <Method visited="true" cyclomaticComplexity="1" nPathComplexity="0" sequenceCoverage="100.0" branchCoverage="0" crapScore="1" isConstructor="true" isStatic="false" isGetter="false" isSetter="false">
              <Summary numSequencePoints="3" visitedSequencePoints="3" numBranchPoints="0" visitedBranchPoints="0" sequenceCoverage="100.0" branchCoverage="0" maxCyclomaticComplexity="1" minCyclomaticComplexity="1" maxCrapScore="1" minCrapScore="1" visitedClasses="0" numClasses="0" visitedMethods="1" numMethods="1" />
              <MetadataToken>100663394</MetadataToken>
              <Name>Events.MazeFinished::MazeFinished()</Name>
              <FileRef uid="5" />
              <SequencePoints>
                <SequencePoint vc="1" uspid="516" ordinal="0" offset="0" sl="16" sc="9" el="16" ec="9" bec="0" bev="0" fileid="5" />
                <SequencePoint vc="1" uspid="517" ordinal="0" offset="7" sl="16" sc="31" el="16" ec="31" bec="0" bev="0" fileid="5" />
                <SequencePoint vc="1" uspid="518" ordinal="0" offset="8" sl="16" sc="33" el="16" ec="33" bec="0" bev="0" fileid="5" />
              </SequencePoints>
              <BranchPoints />
            </Method>
          </Methods>
        </Class>
        <Class>
          <Summary numSequencePoints="3" visitedSequencePoints="3" numBranchPoints="0" visitedBranchPoints="0" sequenceCoverage="100.0" branchCoverage="0.0" maxCyclomaticComplexity="1" minCyclomaticComplexity="1" maxCrapScore="1" minCrapScore="1" visitedClasses="1" numClasses="1" visitedMethods="1" numMethods="1" />
          <FullName>Events.StartButtonClicked</FullName>
          <Methods>
            <Method visited="true" cyclomaticComplexity="1" nPathComplexity="0" sequenceCoverage="100.0" branchCoverage="0" crapScore="1" isConstructor="true" isStatic="false" isGetter="false" isSetter="false">
              <Summary numSequencePoints="3" visitedSequencePoints="3" numBranchPoints="0" visitedBranchPoints="0" sequenceCoverage="100.0" branchCoverage="0" maxCyclomaticComplexity="1" minCyclomaticComplexity="1" maxCrapScore="1" minCrapScore="1" visitedClasses="0" numClasses="0" visitedMethods="1" numMethods="1" />
              <MetadataToken>100663395</MetadataToken>
              <Name>Events.StartButtonClicked::StartButtonClicked()</Name>
              <FileRef uid="11" />
              <SequencePoints>
                <SequencePoint vc="1" uspid="519" ordinal="0" offset="0" sl="38" sc="9" el="38" ec="9" bec="0" bev="0" fileid="11" />
                <SequencePoint vc="1" uspid="520" ordinal="0" offset="7" sl="38" sc="37" el="38" ec="37" bec="0" bev="0" fileid="11" />
                <SequencePoint vc="1" uspid="521" ordinal="0" offset="8" sl="38" sc="39" el="38" ec="39" bec="0" bev="0" fileid="11" />
              </SequencePoints>
              <BranchPoints />
            </Method>
          </Methods>
        </Class>
        <Class>
          <Summary numSequencePoints="3" visitedSequencePoints="3" numBranchPoints="0" visitedBranchPoints="0" sequenceCoverage="100.0" branchCoverage="0.0" maxCyclomaticComplexity="1" minCyclomaticComplexity="1" maxCrapScore="1" minCrapScore="1" visitedClasses="1" numClasses="1" visitedMethods="1" numMethods="1" />
          <FullName>Events.MenuSceneLoaded</FullName>
          <Methods>
            <Method visited="true" cyclomaticComplexity="1" nPathComplexity="0" sequenceCoverage="100.0" branchCoverage="0" crapScore="1" isConstructor="true" isStatic="false" isGetter="false" isSetter="false">
              <Summary numSequencePoints="3" visitedSequencePoints="3" numBranchPoints="0" visitedBranchPoints="0" sequenceCoverage="100.0" branchCoverage="0" maxCyclomaticComplexity="1" minCyclomaticComplexity="1" maxCrapScore="1" minCrapScore="1" visitedClasses="0" numClasses="0" visitedMethods="1" numMethods="1" />
              <MetadataToken>100663396</MetadataToken>
              <Name>Events.MenuSceneLoaded::MenuSceneLoaded()</Name>
              <FileRef uid="14" />
              <SequencePoints>
                <SequencePoint vc="1" uspid="522" ordinal="0" offset="0" sl="86" sc="9" el="86" ec="9" bec="0" bev="0" fileid="14" />
                <SequencePoint vc="1" uspid="523" ordinal="0" offset="7" sl="86" sc="34" el="86" ec="34" bec="0" bev="0" fileid="14" />
                <SequencePoint vc="1" uspid="524" ordinal="0" offset="8" sl="86" sc="36" el="86" ec="36" bec="0" bev="0" fileid="14" />
              </SequencePoints>
              <BranchPoints />
            </Method>
          </Methods>
        </Class>
        <Class>
          <Summary numSequencePoints="3" visitedSequencePoints="3" numBranchPoints="0" visitedBranchPoints="0" sequenceCoverage="100.0" branchCoverage="0.0" maxCyclomaticComplexity="1" minCyclomaticComplexity="1" maxCrapScore="1" minCrapScore="1" visitedClasses="1" numClasses="1" visitedMethods="1" numMethods="1" />
          <FullName>Events.GameSceneLoaded</FullName>
          <Methods>
            <Method visited="true" cyclomaticComplexity="1" nPathComplexity="0" sequenceCoverage="100.0" branchCoverage="0" crapScore="1" isConstructor="true" isStatic="false" isGetter="false" isSetter="false">
              <Summary numSequencePoints="3" visitedSequencePoints="3" numBranchPoints="0" visitedBranchPoints="0" sequenceCoverage="100.0" branchCoverage="0" maxCyclomaticComplexity="1" minCyclomaticComplexity="1" maxCrapScore="1" minCrapScore="1" visitedClasses="0" numClasses="0" visitedMethods="1" numMethods="1" />
              <MetadataToken>100663397</MetadataToken>
              <Name>Events.GameSceneLoaded::GameSceneLoaded()</Name>
              <FileRef uid="14" />
              <SequencePoints>
                <SequencePoint vc="1" uspid="525" ordinal="0" offset="0" sl="90" sc="9" el="90" ec="9" bec="0" bev="0" fileid="14" />
                <SequencePoint vc="1" uspid="526" ordinal="0" offset="7" sl="90" sc="34" el="90" ec="34" bec="0" bev="0" fileid="14" />
                <SequencePoint vc="1" uspid="527" ordinal="0" offset="8" sl="90" sc="36" el="90" ec="36" bec="0" bev="0" fileid="14" />
              </SequencePoints>
              <BranchPoints />
            </Method>
          </Methods>
        </Class>
        <Class>
          <Summary numSequencePoints="1" visitedSequencePoints="0" numBranchPoints="0" visitedBranchPoints="0" sequenceCoverage="0.0" branchCoverage="0.0" maxCyclomaticComplexity="1" minCyclomaticComplexity="1" maxCrapScore="2" minCrapScore="2" visitedClasses="0" numClasses="1" visitedMethods="0" numMethods="1" />
          <FullName>EventManager&lt;&gt;c__DisplayClass18_0[T]</FullName>
          <Methods>
            <Method visited="false" cyclomaticComplexity="1" nPathComplexity="0" sequenceCoverage="0.0" branchCoverage="0" crapScore="2" isConstructor="false" isStatic="false" isGetter="false" isSetter="false">
              <Summary numSequencePoints="1" visitedSequencePoints="0" numBranchPoints="0" visitedBranchPoints="0" sequenceCoverage="0.0" branchCoverage="0" maxCyclomaticComplexity="1" minCyclomaticComplexity="1" maxCrapScore="2" minCrapScore="2" visitedClasses="0" numClasses="0" visitedMethods="0" numMethods="1" />
              <MetadataToken>100663407</MetadataToken>
              <Name>System.Void EventManager&lt;&gt;c__DisplayClass18_0[T]::&lt;AddDelegate&gt;b__0(GameEvent)</Name>
              <FileRef uid="4" />
              <SequencePoints>
                <SequencePoint vc="0" uspid="528" ordinal="0" offset="0" sl="121" sc="0" el="121" ec="0" bec="0" bev="0" fileid="4" />
              </SequencePoints>
              <BranchPoints />
            </Method>
          </Methods>
        </Class>
      </Classes>
    </Module>
  </Modules>
</CoverageSession>