<?xml version="1.0" encoding="utf-8"?>
<CoverageSession xmlns:xsd="http://www.w3.org/2001/XMLSchema" xmlns:xsi="http://www.w3.org/2001/XMLSchema-instance" Version="0.0.0.0">
  <Summary numSequencePoints="739" visitedSequencePoints="341" numBranchPoints="0" visitedBranchPoints="0" sequenceCoverage="46.1" branchCoverage="0.0" maxCyclomaticComplexity="21" minCyclomaticComplexity="1" maxCrapScore="462" minCrapScore="1" visitedClasses="13" numClasses="22" visitedMethods="54" numMethods="115" />
  <Modules>
    <Module>
      <Summary numSequencePoints="739" visitedSequencePoints="341" numBranchPoints="0" visitedBranchPoints="0" sequenceCoverage="46.1" branchCoverage="0.0" maxCyclomaticComplexity="21" minCyclomaticComplexity="1" maxCrapScore="462" minCrapScore="1" visitedClasses="13" numClasses="22" visitedMethods="54" numMethods="115" />
      <ModuleTime>0001-01-01T00:00:00</ModuleTime>
      <ModuleName>Scripts</ModuleName>
      <Files>
        <File uid="1" fullPath="C:\Users\Jean\source\repos\the-labyrinth\Assets\Scripts\ASCIIMaze.cs" />
        <File uid="2" fullPath="C:\Users\Jean\source\repos\the-labyrinth\Assets\Scripts\Cell.cs" />
        <File uid="3" fullPath="C:\Users\Jean\source\repos\the-labyrinth\Assets\Scripts\DFSCell.cs" />
        <File uid="4" fullPath="C:\Users\Jean\source\repos\the-labyrinth\Assets\Scripts\DFSMazeFactory.cs" />
        <File uid="5" fullPath="C:\Users\Jean\source\repos\the-labyrinth\Assets\Scripts\EventManager.cs" />
        <File uid="6" fullPath="C:\Users\Jean\source\repos\the-labyrinth\Assets\Scripts\FinishTrigger.cs" />
        <File uid="7" fullPath="C:\Users\Jean\source\repos\the-labyrinth\Assets\Scripts\Maze.cs" />
        <File uid="8" fullPath="C:\Users\Jean\source\repos\the-labyrinth\Assets\Scripts\MazeBehaviour.cs" />
        <File uid="9" fullPath="C:\Users\Jean\source\repos\the-labyrinth\Assets\Scripts\MazeRenderer.cs" />
        <File uid="10" fullPath="C:\Users\Jean\source\repos\the-labyrinth\Assets\Scripts\MazeSettings.cs" />
        <File uid="11" fullPath="C:\Users\Jean\source\repos\the-labyrinth\Assets\Scripts\MenuBehaviour.cs" />
        <File uid="12" fullPath="C:\Users\Jean\source\repos\the-labyrinth\Assets\Scripts\MenuInput.cs" />
        <File uid="13" fullPath="C:\Users\Jean\source\repos\the-labyrinth\Assets\Scripts\PlayerBehaviour.cs" />
        <File uid="14" fullPath="C:\Users\Jean\source\repos\the-labyrinth\Assets\Scripts\PrimCell.cs" />
        <File uid="15" fullPath="C:\Users\Jean\source\repos\the-labyrinth\Assets\Scripts\PrimMazeFactory.cs" />
        <File uid="16" fullPath="C:\Users\Jean\source\repos\the-labyrinth\Assets\Scripts\RandomExtensions.cs" />
        <File uid="17" fullPath="C:\Users\Jean\source\repos\the-labyrinth\Assets\Scripts\SceneLoader.cs" />
      </Files>
      <Classes>
        <Class>
          <Summary numSequencePoints="69" visitedSequencePoints="0" numBranchPoints="0" visitedBranchPoints="0" sequenceCoverage="0.0" branchCoverage="0.0" maxCyclomaticComplexity="21" minCyclomaticComplexity="21" maxCrapScore="462" minCrapScore="462" visitedClasses="0" numClasses="1" visitedMethods="0" numMethods="1" />
          <FullName>ASCIIFactory</FullName>
          <Methods>
            <Method visited="false" cyclomaticComplexity="21" nPathComplexity="0" sequenceCoverage="0.0" branchCoverage="0" crapScore="462" isConstructor="false" isStatic="true" isGetter="false" isSetter="false">
              <Summary numSequencePoints="69" visitedSequencePoints="0" numBranchPoints="0" visitedBranchPoints="0" sequenceCoverage="0.0" branchCoverage="0" maxCyclomaticComplexity="21" minCyclomaticComplexity="21" maxCrapScore="462" minCrapScore="462" visitedClasses="0" numClasses="0" visitedMethods="0" numMethods="1" />
              <MetadataToken>100663297</MetadataToken>
              <Name>static System.Void ASCIIFactory::Render(.Maze[Cell], System.String)</Name>
              <FileRef uid="1" />
              <SequencePoints>
                <SequencePoint vc="0" uspid="740" ordinal="0" offset="0" sl="4" sc="0" el="4" ec="0" bec="0" bev="0" fileid="1" />
                <SequencePoint vc="0" uspid="741" ordinal="0" offset="1" sl="5" sc="0" el="5" ec="0" bec="0" bev="0" fileid="1" />
                <SequencePoint vc="0" uspid="742" ordinal="0" offset="27" sl="7" sc="0" el="7" ec="0" bec="0" bev="0" fileid="1" />
                <SequencePoint vc="0" uspid="743" ordinal="0" offset="31" sl="7" sc="0" el="7" ec="0" bec="0" bev="0" fileid="1" />
                <SequencePoint vc="0" uspid="744" ordinal="0" offset="32" sl="8" sc="0" el="8" ec="0" bec="0" bev="0" fileid="1" />
                <SequencePoint vc="0" uspid="745" ordinal="0" offset="36" sl="8" sc="0" el="8" ec="0" bec="0" bev="0" fileid="1" />
                <SequencePoint vc="0" uspid="746" ordinal="0" offset="37" sl="9" sc="0" el="9" ec="0" bec="0" bev="0" fileid="1" />
                <SequencePoint vc="0" uspid="747" ordinal="0" offset="55" sl="9" sc="0" el="9" ec="0" bec="0" bev="0" fileid="1" />
                <SequencePoint vc="0" uspid="748" ordinal="0" offset="56" sl="10" sc="0" el="10" ec="0" bec="0" bev="0" fileid="1" />
                <SequencePoint vc="0" uspid="749" ordinal="0" offset="65" sl="12" sc="0" el="12" ec="0" bec="0" bev="0" fileid="1" />
                <SequencePoint vc="0" uspid="750" ordinal="0" offset="68" sl="12" sc="0" el="12" ec="0" bec="0" bev="0" fileid="1" />
                <SequencePoint vc="0" uspid="751" ordinal="0" offset="69" sl="13" sc="0" el="13" ec="0" bec="0" bev="0" fileid="1" />
                <SequencePoint vc="0" uspid="752" ordinal="0" offset="82" sl="14" sc="0" el="14" ec="0" bec="0" bev="0" fileid="1" />
                <SequencePoint vc="0" uspid="753" ordinal="0" offset="83" sl="15" sc="0" el="15" ec="0" bec="0" bev="0" fileid="1" />
                <SequencePoint vc="0" uspid="754" ordinal="0" offset="84" sl="8" sc="0" el="8" ec="0" bec="0" bev="0" fileid="1" />
                <SequencePoint vc="0" uspid="755" ordinal="0" offset="88" sl="8" sc="0" el="8" ec="0" bec="0" bev="0" fileid="1" />
                <SequencePoint vc="0" uspid="756" ordinal="0" offset="108" sl="16" sc="0" el="16" ec="0" bec="0" bev="0" fileid="1" />
                <SequencePoint vc="0" uspid="757" ordinal="0" offset="109" sl="7" sc="0" el="7" ec="0" bec="0" bev="0" fileid="1" />
                <SequencePoint vc="0" uspid="758" ordinal="0" offset="113" sl="7" sc="0" el="7" ec="0" bec="0" bev="0" fileid="1" />
                <SequencePoint vc="0" uspid="759" ordinal="0" offset="133" sl="18" sc="0" el="18" ec="0" bec="0" bev="0" fileid="1" />
                <SequencePoint vc="0" uspid="760" ordinal="0" offset="141" sl="18" sc="0" el="18" ec="0" bec="0" bev="0" fileid="1" />
                <SequencePoint vc="0" uspid="761" ordinal="0" offset="142" sl="19" sc="0" el="19" ec="0" bec="0" bev="0" fileid="1" />
                <SequencePoint vc="0" uspid="762" ordinal="0" offset="164" sl="20" sc="0" el="20" ec="0" bec="0" bev="0" fileid="1" />
                <SequencePoint vc="0" uspid="763" ordinal="0" offset="181" sl="22" sc="0" el="22" ec="0" bec="0" bev="0" fileid="1" />
                <SequencePoint vc="0" uspid="764" ordinal="0" offset="203" sl="23" sc="0" el="23" ec="0" bec="0" bev="0" fileid="1" />
                <SequencePoint vc="0" uspid="765" ordinal="0" offset="222" sl="25" sc="0" el="25" ec="0" bec="0" bev="0" fileid="1" />
                <SequencePoint vc="0" uspid="766" ordinal="0" offset="244" sl="26" sc="0" el="26" ec="0" bec="0" bev="0" fileid="1" />
                <SequencePoint vc="0" uspid="767" ordinal="0" offset="261" sl="28" sc="0" el="28" ec="0" bec="0" bev="0" fileid="1" />
                <SequencePoint vc="0" uspid="768" ordinal="0" offset="283" sl="29" sc="0" el="29" ec="0" bec="0" bev="0" fileid="1" />
                <SequencePoint vc="0" uspid="769" ordinal="0" offset="302" sl="30" sc="0" el="30" ec="0" bec="0" bev="0" fileid="1" />
                <SequencePoint vc="0" uspid="770" ordinal="0" offset="303" sl="18" sc="0" el="18" ec="0" bec="0" bev="0" fileid="1" />
                <SequencePoint vc="0" uspid="771" ordinal="0" offset="309" sl="18" sc="0" el="18" ec="0" bec="0" bev="0" fileid="1" />
                <SequencePoint vc="0" uspid="772" ordinal="0" offset="328" sl="32" sc="0" el="32" ec="0" bec="0" bev="0" fileid="1" />
                <SequencePoint vc="0" uspid="773" ordinal="0" offset="336" sl="32" sc="0" el="32" ec="0" bec="0" bev="0" fileid="1" />
                <SequencePoint vc="0" uspid="774" ordinal="0" offset="337" sl="33" sc="0" el="33" ec="0" bec="0" bev="0" fileid="1" />
                <SequencePoint vc="0" uspid="775" ordinal="0" offset="348" sl="33" sc="0" el="33" ec="0" bec="0" bev="0" fileid="1" />
                <SequencePoint vc="0" uspid="776" ordinal="0" offset="349" sl="34" sc="0" el="34" ec="0" bec="0" bev="0" fileid="1" />
                <SequencePoint vc="0" uspid="777" ordinal="0" offset="371" sl="35" sc="0" el="35" ec="0" bec="0" bev="0" fileid="1" />
                <SequencePoint vc="0" uspid="778" ordinal="0" offset="388" sl="37" sc="0" el="37" ec="0" bec="0" bev="0" fileid="1" />
                <SequencePoint vc="0" uspid="779" ordinal="0" offset="410" sl="38" sc="0" el="38" ec="0" bec="0" bev="0" fileid="1" />
                <SequencePoint vc="0" uspid="780" ordinal="0" offset="429" sl="40" sc="0" el="40" ec="0" bec="0" bev="0" fileid="1" />
                <SequencePoint vc="0" uspid="781" ordinal="0" offset="450" sl="41" sc="0" el="41" ec="0" bec="0" bev="0" fileid="1" />
                <SequencePoint vc="0" uspid="782" ordinal="0" offset="473" sl="43" sc="0" el="43" ec="0" bec="0" bev="0" fileid="1" />
                <SequencePoint vc="0" uspid="783" ordinal="0" offset="495" sl="44" sc="0" el="44" ec="0" bec="0" bev="0" fileid="1" />
                <SequencePoint vc="0" uspid="784" ordinal="0" offset="512" sl="46" sc="0" el="46" ec="0" bec="0" bev="0" fileid="1" />
                <SequencePoint vc="0" uspid="785" ordinal="0" offset="534" sl="47" sc="0" el="47" ec="0" bec="0" bev="0" fileid="1" />
                <SequencePoint vc="0" uspid="786" ordinal="0" offset="553" sl="49" sc="0" el="49" ec="0" bec="0" bev="0" fileid="1" />
                <SequencePoint vc="0" uspid="787" ordinal="0" offset="574" sl="50" sc="0" el="50" ec="0" bec="0" bev="0" fileid="1" />
                <SequencePoint vc="0" uspid="788" ordinal="0" offset="597" sl="51" sc="0" el="51" ec="0" bec="0" bev="0" fileid="1" />
                <SequencePoint vc="0" uspid="789" ordinal="0" offset="598" sl="33" sc="0" el="33" ec="0" bec="0" bev="0" fileid="1" />
                <SequencePoint vc="0" uspid="790" ordinal="0" offset="604" sl="33" sc="0" el="33" ec="0" bec="0" bev="0" fileid="1" />
                <SequencePoint vc="0" uspid="791" ordinal="0" offset="623" sl="52" sc="0" el="52" ec="0" bec="0" bev="0" fileid="1" />
                <SequencePoint vc="0" uspid="792" ordinal="0" offset="624" sl="32" sc="0" el="32" ec="0" bec="0" bev="0" fileid="1" />
                <SequencePoint vc="0" uspid="793" ordinal="0" offset="630" sl="32" sc="0" el="32" ec="0" bec="0" bev="0" fileid="1" />
                <SequencePoint vc="0" uspid="794" ordinal="0" offset="649" sl="54" sc="0" el="54" ec="0" bec="0" bev="0" fileid="1" />
                <SequencePoint vc="0" uspid="795" ordinal="0" offset="671" sl="54" sc="0" el="54" ec="0" bec="0" bev="0" fileid="1" />
                <SequencePoint vc="0" uspid="796" ordinal="0" offset="672" sl="55" sc="0" el="55" ec="0" bec="0" bev="0" fileid="1" />
                <SequencePoint vc="0" uspid="797" ordinal="0" offset="677" sl="55" sc="0" el="55" ec="0" bec="0" bev="0" fileid="1" />
                <SequencePoint vc="0" uspid="798" ordinal="0" offset="678" sl="56" sc="0" el="56" ec="0" bec="0" bev="0" fileid="1" />
                <SequencePoint vc="0" uspid="799" ordinal="0" offset="685" sl="58" sc="0" el="58" ec="0" bec="0" bev="0" fileid="1" />
                <SequencePoint vc="0" uspid="800" ordinal="0" offset="690" sl="59" sc="0" el="59" ec="0" bec="0" bev="0" fileid="1" />
                <SequencePoint vc="0" uspid="801" ordinal="0" offset="709" sl="58" sc="0" el="58" ec="0" bec="0" bev="0" fileid="1" />
                <SequencePoint vc="0" uspid="802" ordinal="0" offset="715" sl="58" sc="0" el="58" ec="0" bec="0" bev="0" fileid="1" />
                <SequencePoint vc="0" uspid="803" ordinal="0" offset="735" sl="61" sc="0" el="61" ec="0" bec="0" bev="0" fileid="1" />
                <SequencePoint vc="0" uspid="804" ordinal="0" offset="745" sl="62" sc="0" el="62" ec="0" bec="0" bev="0" fileid="1" />
                <SequencePoint vc="0" uspid="805" ordinal="0" offset="746" sl="55" sc="0" el="55" ec="0" bec="0" bev="0" fileid="1" />
                <SequencePoint vc="0" uspid="806" ordinal="0" offset="752" sl="55" sc="0" el="55" ec="0" bec="0" bev="0" fileid="1" />
                <SequencePoint vc="0" uspid="807" ordinal="0" offset="772" sl="63" sc="0" el="63" ec="0" bec="0" bev="0" fileid="1" />
                <SequencePoint vc="0" uspid="808" ordinal="0" offset="788" sl="64" sc="0" el="64" ec="0" bec="0" bev="0" fileid="1" />
              </SequencePoints>
              <BranchPoints />
            </Method>
          </Methods>
        </Class>
        <Class>
          <Summary numSequencePoints="60" visitedSequencePoints="60" numBranchPoints="0" visitedBranchPoints="0" sequenceCoverage="100.0" branchCoverage="0.0" maxCyclomaticComplexity="5" minCyclomaticComplexity="1" maxCrapScore="5" minCrapScore="1" visitedClasses="1" numClasses="1" visitedMethods="14" numMethods="14" />
          <FullName>Cell</FullName>
          <Methods>
            <Method visited="true" cyclomaticComplexity="1" nPathComplexity="0" sequenceCoverage="100.0" branchCoverage="0" crapScore="1" isConstructor="false" isStatic="false" isGetter="false" isSetter="false">
              <Summary numSequencePoints="3" visitedSequencePoints="3" numBranchPoints="0" visitedBranchPoints="0" sequenceCoverage="100.0" branchCoverage="0" maxCyclomaticComplexity="1" minCyclomaticComplexity="1" maxCrapScore="1" minCrapScore="1" visitedClasses="0" numClasses="0" visitedMethods="1" numMethods="1" />
              <MetadataToken>100663300</MetadataToken>
              <Name>System.Void Cell::SetAllWalls()</Name>
              <FileRef uid="2" />
              <SequencePoints>
                <SequencePoint vc="17220" uspid="809" ordinal="0" offset="0" sl="32" sc="31" el="32" ec="31" bec="0" bev="0" fileid="2" />
                <SequencePoint vc="17220" uspid="810" ordinal="0" offset="1" sl="33" sc="9" el="33" ec="9" bec="0" bev="0" fileid="2" />
                <SequencePoint vc="17220" uspid="811" ordinal="0" offset="10" sl="34" sc="5" el="34" ec="5" bec="0" bev="0" fileid="2" />
              </SequencePoints>
              <BranchPoints />
            </Method>
            <Method visited="true" cyclomaticComplexity="1" nPathComplexity="0" sequenceCoverage="100.0" branchCoverage="0" crapScore="1" isConstructor="false" isStatic="false" isGetter="false" isSetter="false">
              <Summary numSequencePoints="3" visitedSequencePoints="3" numBranchPoints="0" visitedBranchPoints="0" sequenceCoverage="100.0" branchCoverage="0" maxCyclomaticComplexity="1" minCyclomaticComplexity="1" maxCrapScore="1" minCrapScore="1" visitedClasses="0" numClasses="0" visitedMethods="1" numMethods="1" />
              <MetadataToken>100663301</MetadataToken>
              <Name>System.Void Cell::UnsetAllWalls()</Name>
              <FileRef uid="2" />
              <SequencePoints>
                <SequencePoint vc="2" uspid="812" ordinal="0" offset="0" sl="36" sc="33" el="36" ec="33" bec="0" bev="0" fileid="2" />
                <SequencePoint vc="2" uspid="813" ordinal="0" offset="1" sl="37" sc="9" el="37" ec="9" bec="0" bev="0" fileid="2" />
                <SequencePoint vc="2" uspid="814" ordinal="0" offset="10" sl="38" sc="5" el="38" ec="5" bec="0" bev="0" fileid="2" />
              </SequencePoints>
              <BranchPoints />
            </Method>
            <Method visited="true" cyclomaticComplexity="1" nPathComplexity="0" sequenceCoverage="100.0" branchCoverage="0" crapScore="1" isConstructor="false" isStatic="false" isGetter="true" isSetter="false">
              <Summary numSequencePoints="3" visitedSequencePoints="3" numBranchPoints="0" visitedBranchPoints="0" sequenceCoverage="100.0" branchCoverage="0" maxCyclomaticComplexity="1" minCyclomaticComplexity="1" maxCrapScore="1" minCrapScore="1" visitedClasses="0" numClasses="0" visitedMethods="1" numMethods="1" />
              <MetadataToken>100663302</MetadataToken>
              <Name>System.Numerics.Vector2 Cell::get_Position()</Name>
              <FileRef uid="2" />
              <SequencePoints>
                <SequencePoint vc="58707" uspid="815" ordinal="0" offset="0" sl="41" sc="13" el="41" ec="13" bec="0" bev="0" fileid="2" />
                <SequencePoint vc="58707" uspid="816" ordinal="0" offset="1" sl="42" sc="13" el="42" ec="13" bec="0" bev="0" fileid="2" />
                <SequencePoint vc="58707" uspid="817" ordinal="0" offset="10" sl="43" sc="9" el="43" ec="9" bec="0" bev="0" fileid="2" />
              </SequencePoints>
              <BranchPoints />
            </Method>
            <Method visited="true" cyclomaticComplexity="1" nPathComplexity="0" sequenceCoverage="100.0" branchCoverage="0" crapScore="1" isConstructor="false" isStatic="false" isGetter="false" isSetter="true">
              <Summary numSequencePoints="3" visitedSequencePoints="3" numBranchPoints="0" visitedBranchPoints="0" sequenceCoverage="100.0" branchCoverage="0" maxCyclomaticComplexity="1" minCyclomaticComplexity="1" maxCrapScore="1" minCrapScore="1" visitedClasses="0" numClasses="0" visitedMethods="1" numMethods="1" />
              <MetadataToken>100663303</MetadataToken>
              <Name>System.Void Cell::set_Position(System.Numerics.Vector2)</Name>
              <FileRef uid="2" />
              <SequencePoints>
                <SequencePoint vc="1" uspid="818" ordinal="0" offset="0" sl="44" sc="13" el="44" ec="13" bec="0" bev="0" fileid="2" />
                <SequencePoint vc="1" uspid="819" ordinal="0" offset="1" sl="45" sc="13" el="45" ec="13" bec="0" bev="0" fileid="2" />
                <SequencePoint vc="1" uspid="820" ordinal="0" offset="8" sl="46" sc="9" el="46" ec="9" bec="0" bev="0" fileid="2" />
              </SequencePoints>
              <BranchPoints />
            </Method>
            <Method visited="true" cyclomaticComplexity="1" nPathComplexity="0" sequenceCoverage="100.0" branchCoverage="0" crapScore="1" isConstructor="false" isStatic="false" isGetter="true" isSetter="false">
              <Summary numSequencePoints="1" visitedSequencePoints="1" numBranchPoints="0" visitedBranchPoints="0" sequenceCoverage="100.0" branchCoverage="0" maxCyclomaticComplexity="1" minCyclomaticComplexity="1" maxCrapScore="1" minCrapScore="1" visitedClasses="0" numClasses="0" visitedMethods="1" numMethods="1" />
              <MetadataToken>100663304</MetadataToken>
              <Name>System.Int32 Cell::get_Size()</Name>
              <FileRef uid="2" />
              <SequencePoints>
                <SequencePoint vc="832" uspid="821" ordinal="0" offset="0" sl="50" sc="9" el="50" ec="9" bec="0" bev="0" fileid="2" />
              </SequencePoints>
              <BranchPoints />
            </Method>
            <Method visited="true" cyclomaticComplexity="1" nPathComplexity="0" sequenceCoverage="100.0" branchCoverage="0" crapScore="1" isConstructor="false" isStatic="false" isGetter="true" isSetter="false">
              <Summary numSequencePoints="1" visitedSequencePoints="1" numBranchPoints="0" visitedBranchPoints="0" sequenceCoverage="100.0" branchCoverage="0" maxCyclomaticComplexity="1" minCyclomaticComplexity="1" maxCrapScore="1" minCrapScore="1" visitedClasses="0" numClasses="0" visitedMethods="1" numMethods="1" />
              <MetadataToken>100663305</MetadataToken>
              <Name>System.Boolean Cell::get_HasChest()</Name>
              <FileRef uid="2" />
              <SequencePoints>
                <SequencePoint vc="6001" uspid="822" ordinal="0" offset="0" sl="54" sc="9" el="54" ec="9" bec="0" bev="0" fileid="2" />
              </SequencePoints>
              <BranchPoints />
            </Method>
            <Method visited="true" cyclomaticComplexity="1" nPathComplexity="0" sequenceCoverage="100.0" branchCoverage="0" crapScore="1" isConstructor="false" isStatic="false" isGetter="false" isSetter="true">
              <Summary numSequencePoints="1" visitedSequencePoints="1" numBranchPoints="0" visitedBranchPoints="0" sequenceCoverage="100.0" branchCoverage="0" maxCyclomaticComplexity="1" minCyclomaticComplexity="1" maxCrapScore="1" minCrapScore="1" visitedClasses="0" numClasses="0" visitedMethods="1" numMethods="1" />
              <MetadataToken>100663306</MetadataToken>
              <Name>System.Void Cell::set_HasChest(System.Boolean)</Name>
              <FileRef uid="2" />
              <SequencePoints>
                <SequencePoint vc="877" uspid="823" ordinal="0" offset="0" sl="54" sc="14" el="54" ec="14" bec="0" bev="0" fileid="2" />
              </SequencePoints>
              <BranchPoints />
            </Method>
            <Method visited="true" cyclomaticComplexity="1" nPathComplexity="0" sequenceCoverage="100.0" branchCoverage="0" crapScore="1" isConstructor="false" isStatic="false" isGetter="false" isSetter="false">
              <Summary numSequencePoints="3" visitedSequencePoints="3" numBranchPoints="0" visitedBranchPoints="0" sequenceCoverage="100.0" branchCoverage="0" maxCyclomaticComplexity="1" minCyclomaticComplexity="1" maxCrapScore="1" minCrapScore="1" visitedClasses="0" numClasses="0" visitedMethods="1" numMethods="1" />
              <MetadataToken>100663307</MetadataToken>
              <Name>System.Void Cell::SetWall(Wall)</Name>
              <FileRef uid="2" />
              <SequencePoints>
                <SequencePoint vc="17227" uspid="824" ordinal="0" offset="0" sl="57" sc="38" el="57" ec="38" bec="0" bev="0" fileid="2" />
                <SequencePoint vc="17227" uspid="825" ordinal="0" offset="1" sl="58" sc="9" el="58" ec="9" bec="0" bev="0" fileid="2" />
                <SequencePoint vc="17227" uspid="826" ordinal="0" offset="15" sl="59" sc="5" el="59" ec="5" bec="0" bev="0" fileid="2" />
              </SequencePoints>
              <BranchPoints />
            </Method>
            <Method visited="true" cyclomaticComplexity="1" nPathComplexity="0" sequenceCoverage="100.0" branchCoverage="0" crapScore="1" isConstructor="false" isStatic="false" isGetter="false" isSetter="false">
              <Summary numSequencePoints="3" visitedSequencePoints="3" numBranchPoints="0" visitedBranchPoints="0" sequenceCoverage="100.0" branchCoverage="0" maxCyclomaticComplexity="1" minCyclomaticComplexity="1" maxCrapScore="1" minCrapScore="1" visitedClasses="0" numClasses="0" visitedMethods="1" numMethods="1" />
              <MetadataToken>100663308</MetadataToken>
              <Name>System.Void Cell::UnsetWall(Wall)</Name>
              <FileRef uid="2" />
              <SequencePoints>
                <SequencePoint vc="10" uspid="827" ordinal="0" offset="0" sl="61" sc="40" el="61" ec="40" bec="0" bev="0" fileid="2" />
                <SequencePoint vc="10" uspid="828" ordinal="0" offset="1" sl="62" sc="9" el="62" ec="9" bec="0" bev="0" fileid="2" />
                <SequencePoint vc="10" uspid="829" ordinal="0" offset="16" sl="63" sc="5" el="63" ec="5" bec="0" bev="0" fileid="2" />
              </SequencePoints>
              <BranchPoints />
            </Method>
            <Method visited="true" cyclomaticComplexity="1" nPathComplexity="0" sequenceCoverage="100.0" branchCoverage="0" crapScore="1" isConstructor="false" isStatic="false" isGetter="false" isSetter="false">
              <Summary numSequencePoints="3" visitedSequencePoints="3" numBranchPoints="0" visitedBranchPoints="0" sequenceCoverage="100.0" branchCoverage="0" maxCyclomaticComplexity="1" minCyclomaticComplexity="1" maxCrapScore="1" minCrapScore="1" visitedClasses="0" numClasses="0" visitedMethods="1" numMethods="1" />
              <MetadataToken>100663309</MetadataToken>
              <Name>System.Void Cell::ToggleWall(Wall)</Name>
              <FileRef uid="2" />
              <SequencePoints>
                <SequencePoint vc="34401" uspid="830" ordinal="0" offset="0" sl="65" sc="41" el="65" ec="41" bec="0" bev="0" fileid="2" />
                <SequencePoint vc="34401" uspid="831" ordinal="0" offset="1" sl="66" sc="9" el="66" ec="9" bec="0" bev="0" fileid="2" />
                <SequencePoint vc="34401" uspid="832" ordinal="0" offset="15" sl="67" sc="5" el="67" ec="5" bec="0" bev="0" fileid="2" />
              </SequencePoints>
              <BranchPoints />
            </Method>
            <Method visited="true" cyclomaticComplexity="1" nPathComplexity="0" sequenceCoverage="100.0" branchCoverage="0" crapScore="1" isConstructor="false" isStatic="false" isGetter="false" isSetter="false">
              <Summary numSequencePoints="3" visitedSequencePoints="3" numBranchPoints="0" visitedBranchPoints="0" sequenceCoverage="100.0" branchCoverage="0" maxCyclomaticComplexity="1" minCyclomaticComplexity="1" maxCrapScore="1" minCrapScore="1" visitedClasses="0" numClasses="0" visitedMethods="1" numMethods="1" />
              <MetadataToken>100663310</MetadataToken>
              <Name>System.Boolean Cell::HasWall(Wall)</Name>
              <FileRef uid="2" />
              <SequencePoints>
                <SequencePoint vc="118937" uspid="833" ordinal="0" offset="0" sl="69" sc="38" el="69" ec="38" bec="0" bev="0" fileid="2" />
                <SequencePoint vc="118937" uspid="834" ordinal="0" offset="1" sl="70" sc="9" el="70" ec="9" bec="0" bev="0" fileid="2" />
                <SequencePoint vc="118937" uspid="835" ordinal="0" offset="15" sl="71" sc="5" el="71" ec="5" bec="0" bev="0" fileid="2" />
              </SequencePoints>
              <BranchPoints />
            </Method>
            <Method visited="true" cyclomaticComplexity="5" nPathComplexity="0" sequenceCoverage="100.0" branchCoverage="0" crapScore="5" isConstructor="false" isStatic="false" isGetter="false" isSetter="false">
              <Summary numSequencePoints="15" visitedSequencePoints="15" numBranchPoints="0" visitedBranchPoints="0" sequenceCoverage="100.0" branchCoverage="0" maxCyclomaticComplexity="5" minCyclomaticComplexity="5" maxCrapScore="5" minCrapScore="5" visitedClasses="0" numClasses="0" visitedMethods="1" numMethods="1" />
              <MetadataToken>100663311</MetadataToken>
              <Name>Wall Cell::DeadEndOpening()</Name>
              <FileRef uid="2" />
              <SequencePoints>
                <SequencePoint vc="5" uspid="836" ordinal="0" offset="0" sl="73" sc="34" el="73" ec="34" bec="0" bev="0" fileid="2" />
                <SequencePoint vc="5" uspid="837" ordinal="0" offset="1" sl="74" sc="9" el="74" ec="9" bec="0" bev="0" fileid="2" />
                <SequencePoint vc="1" uspid="838" ordinal="0" offset="14" sl="74" sc="27" el="74" ec="27" bec="0" bev="0" fileid="2" />
                <SequencePoint vc="1" uspid="839" ordinal="0" offset="15" sl="75" sc="13" el="75" ec="13" bec="0" bev="0" fileid="2" />
                <SequencePoint vc="4" uspid="840" ordinal="0" offset="19" sl="78" sc="9" el="78" ec="9" bec="0" bev="0" fileid="2" />
                <SequencePoint vc="1" uspid="841" ordinal="0" offset="33" sl="78" sc="34" el="78" ec="34" bec="0" bev="0" fileid="2" />
                <SequencePoint vc="1" uspid="842" ordinal="0" offset="34" sl="79" sc="13" el="79" ec="13" bec="0" bev="0" fileid="2" />
                <SequencePoint vc="3" uspid="843" ordinal="0" offset="38" sl="81" sc="16" el="81" ec="16" bec="0" bev="0" fileid="2" />
                <SequencePoint vc="1" uspid="844" ordinal="0" offset="52" sl="81" sc="39" el="81" ec="39" bec="0" bev="0" fileid="2" />
                <SequencePoint vc="1" uspid="845" ordinal="0" offset="53" sl="82" sc="13" el="82" ec="13" bec="0" bev="0" fileid="2" />
                <SequencePoint vc="2" uspid="846" ordinal="0" offset="57" sl="84" sc="16" el="84" ec="16" bec="0" bev="0" fileid="2" />
                <SequencePoint vc="1" uspid="847" ordinal="0" offset="73" sl="84" sc="42" el="84" ec="42" bec="0" bev="0" fileid="2" />
                <SequencePoint vc="1" uspid="848" ordinal="0" offset="74" sl="85" sc="13" el="85" ec="13" bec="0" bev="0" fileid="2" />
                <SequencePoint vc="1" uspid="849" ordinal="0" offset="78" sl="88" sc="9" el="88" ec="9" bec="0" bev="0" fileid="2" />
                <SequencePoint vc="5" uspid="850" ordinal="0" offset="82" sl="89" sc="5" el="89" ec="5" bec="0" bev="0" fileid="2" />
              </SequencePoints>
              <BranchPoints />
            </Method>
            <Method visited="true" cyclomaticComplexity="5" nPathComplexity="0" sequenceCoverage="100.0" branchCoverage="0" crapScore="5" isConstructor="false" isStatic="false" isGetter="false" isSetter="false">
              <Summary numSequencePoints="12" visitedSequencePoints="12" numBranchPoints="0" visitedBranchPoints="0" sequenceCoverage="100.0" branchCoverage="0" maxCyclomaticComplexity="5" minCyclomaticComplexity="5" maxCrapScore="5" minCrapScore="5" visitedClasses="0" numClasses="0" visitedMethods="1" numMethods="1" />
              <MetadataToken>100663312</MetadataToken>
              <Name>System.Boolean Cell::IsDeadEnd()</Name>
              <FileRef uid="2" />
              <SequencePoints>
                <SequencePoint vc="29209" uspid="851" ordinal="0" offset="0" sl="91" sc="29" el="91" ec="29" bec="0" bev="0" fileid="2" />
                <SequencePoint vc="29209" uspid="852" ordinal="0" offset="1" sl="92" sc="9" el="92" ec="9" bec="0" bev="0" fileid="2" />
                <SequencePoint vc="29209" uspid="853" ordinal="0" offset="3" sl="94" sc="9" el="94" ec="9" bec="0" bev="0" fileid="2" />
                <SequencePoint vc="14464" uspid="854" ordinal="0" offset="14" sl="95" sc="13" el="95" ec="13" bec="0" bev="0" fileid="2" />
                <SequencePoint vc="29209" uspid="855" ordinal="0" offset="18" sl="97" sc="9" el="97" ec="9" bec="0" bev="0" fileid="2" />
                <SequencePoint vc="14777" uspid="856" ordinal="0" offset="29" sl="98" sc="13" el="98" ec="13" bec="0" bev="0" fileid="2" />
                <SequencePoint vc="29209" uspid="857" ordinal="0" offset="33" sl="100" sc="9" el="100" ec="9" bec="0" bev="0" fileid="2" />
                <SequencePoint vc="14476" uspid="858" ordinal="0" offset="44" sl="101" sc="13" el="101" ec="13" bec="0" bev="0" fileid="2" />
                <SequencePoint vc="29209" uspid="859" ordinal="0" offset="48" sl="103" sc="9" el="103" ec="9" bec="0" bev="0" fileid="2" />
                <SequencePoint vc="14766" uspid="860" ordinal="0" offset="61" sl="104" sc="13" el="104" ec="13" bec="0" bev="0" fileid="2" />
                <SequencePoint vc="29209" uspid="861" ordinal="0" offset="65" sl="106" sc="9" el="106" ec="9" bec="0" bev="0" fileid="2" />
                <SequencePoint vc="29209" uspid="862" ordinal="0" offset="73" sl="107" sc="5" el="107" ec="5" bec="0" bev="0" fileid="2" />
              </SequencePoints>
              <BranchPoints />
            </Method>
            <Method visited="true" cyclomaticComplexity="1" nPathComplexity="0" sequenceCoverage="100.0" branchCoverage="0" crapScore="1" isConstructor="true" isStatic="false" isGetter="false" isSetter="false">
              <Summary numSequencePoints="6" visitedSequencePoints="6" numBranchPoints="0" visitedBranchPoints="0" sequenceCoverage="100.0" branchCoverage="0" maxCyclomaticComplexity="1" minCyclomaticComplexity="1" maxCrapScore="1" minCrapScore="1" visitedClasses="0" numClasses="0" visitedMethods="1" numMethods="1" />
              <MetadataToken>100663299</MetadataToken>
              <Name>Cell::Cell(System.Int32, System.Int32, System.Int32)</Name>
              <FileRef uid="2" />
              <SequencePoints>
                <SequencePoint vc="17218" uspid="863" ordinal="0" offset="0" sl="23" sc="5" el="23" ec="5" bec="0" bev="0" fileid="2" />
                <SequencePoint vc="17218" uspid="864" ordinal="0" offset="7" sl="23" sc="41" el="23" ec="41" bec="0" bev="0" fileid="2" />
                <SequencePoint vc="17218" uspid="865" ordinal="0" offset="8" sl="24" sc="9" el="24" ec="9" bec="0" bev="0" fileid="2" />
                <SequencePoint vc="17218" uspid="866" ordinal="0" offset="23" sl="25" sc="9" el="25" ec="9" bec="0" bev="0" fileid="2" />
                <SequencePoint vc="17218" uspid="867" ordinal="0" offset="30" sl="27" sc="9" el="27" ec="9" bec="0" bev="0" fileid="2" />
                <SequencePoint vc="17218" uspid="868" ordinal="0" offset="37" sl="28" sc="5" el="28" ec="5" bec="0" bev="0" fileid="2" />
              </SequencePoints>
              <BranchPoints />
            </Method>
          </Methods>
        </Class>
        <Class>
          <Summary numSequencePoints="6" visitedSequencePoints="6" numBranchPoints="0" visitedBranchPoints="0" sequenceCoverage="100.0" branchCoverage="0.0" maxCyclomaticComplexity="1" minCyclomaticComplexity="1" maxCrapScore="1" minCrapScore="1" visitedClasses="1" numClasses="1" visitedMethods="3" numMethods="3" />
          <FullName>DFSCell</FullName>
          <Methods>
            <Method visited="true" cyclomaticComplexity="1" nPathComplexity="0" sequenceCoverage="100.0" branchCoverage="0" crapScore="1" isConstructor="false" isStatic="false" isGetter="true" isSetter="false">
              <Summary numSequencePoints="1" visitedSequencePoints="1" numBranchPoints="0" visitedBranchPoints="0" sequenceCoverage="100.0" branchCoverage="0" maxCyclomaticComplexity="1" minCyclomaticComplexity="1" maxCrapScore="1" minCrapScore="1" visitedClasses="0" numClasses="0" visitedMethods="1" numMethods="1" />
              <MetadataToken>100663314</MetadataToken>
              <Name>System.Boolean DFSCell::get_IsVisited()</Name>
              <FileRef uid="3" />
              <SequencePoints>
                <SequencePoint vc="67589" uspid="869" ordinal="0" offset="0" sl="13" sc="9" el="13" ec="9" bec="0" bev="0" fileid="3" />
              </SequencePoints>
              <BranchPoints />
            </Method>
            <Method visited="true" cyclomaticComplexity="1" nPathComplexity="0" sequenceCoverage="100.0" branchCoverage="0" crapScore="1" isConstructor="false" isStatic="false" isGetter="false" isSetter="true">
              <Summary numSequencePoints="1" visitedSequencePoints="1" numBranchPoints="0" visitedBranchPoints="0" sequenceCoverage="100.0" branchCoverage="0" maxCyclomaticComplexity="1" minCyclomaticComplexity="1" maxCrapScore="1" minCrapScore="1" visitedClasses="0" numClasses="0" visitedMethods="1" numMethods="1" />
              <MetadataToken>100663315</MetadataToken>
              <Name>System.Void DFSCell::set_IsVisited(System.Boolean)</Name>
              <FileRef uid="3" />
              <SequencePoints>
                <SequencePoint vc="26388" uspid="870" ordinal="0" offset="0" sl="14" sc="9" el="14" ec="9" bec="0" bev="0" fileid="3" />
              </SequencePoints>
              <BranchPoints />
            </Method>
            <Method visited="true" cyclomaticComplexity="1" nPathComplexity="0" sequenceCoverage="100.0" branchCoverage="0" crapScore="1" isConstructor="true" isStatic="false" isGetter="false" isSetter="false">
              <Summary numSequencePoints="4" visitedSequencePoints="4" numBranchPoints="0" visitedBranchPoints="0" sequenceCoverage="100.0" branchCoverage="0" maxCyclomaticComplexity="1" minCyclomaticComplexity="1" maxCrapScore="1" minCrapScore="1" visitedClasses="0" numClasses="0" visitedMethods="1" numMethods="1" />
              <MetadataToken>100663313</MetadataToken>
              <Name>DFSCell::DFSCell(System.Int32, System.Int32, System.Int32)</Name>
              <FileRef uid="3" />
              <SequencePoints>
                <SequencePoint vc="8802" uspid="871" ordinal="0" offset="0" sl="5" sc="11" el="5" ec="11" bec="0" bev="0" fileid="3" />
                <SequencePoint vc="8802" uspid="872" ordinal="0" offset="10" sl="5" sc="28" el="5" ec="28" bec="0" bev="0" fileid="3" />
                <SequencePoint vc="8802" uspid="873" ordinal="0" offset="11" sl="7" sc="9" el="7" ec="9" bec="0" bev="0" fileid="3" />
                <SequencePoint vc="8802" uspid="874" ordinal="0" offset="19" sl="8" sc="5" el="8" ec="5" bec="0" bev="0" fileid="3" />
              </SequencePoints>
              <BranchPoints />
            </Method>
          </Methods>
        </Class>
        <Class>
          <Summary numSequencePoints="101" visitedSequencePoints="97" numBranchPoints="0" visitedBranchPoints="0" sequenceCoverage="96.0" branchCoverage="0.0" maxCyclomaticComplexity="16" minCyclomaticComplexity="1" maxCrapScore="16" minCrapScore="1" visitedClasses="1" numClasses="1" visitedMethods="7" numMethods="7" />
          <FullName>DFSMazeFactory</FullName>
          <Methods>
            <Method visited="true" cyclomaticComplexity="3" nPathComplexity="0" sequenceCoverage="100.0" branchCoverage="0" crapScore="3" isConstructor="false" isStatic="false" isGetter="false" isSetter="false">
              <Summary numSequencePoints="15" visitedSequencePoints="15" numBranchPoints="0" visitedBranchPoints="0" sequenceCoverage="100.0" branchCoverage="0" maxCyclomaticComplexity="3" minCyclomaticComplexity="3" maxCrapScore="3" minCrapScore="3" visitedClasses="0" numClasses="0" visitedMethods="1" numMethods="1" />
              <MetadataToken>100663316</MetadataToken>
              <Name>.Maze[Cell] DFSMazeFactory::CreateMaze(System.Int32, System.Int32, System.Int32)</Name>
              <FileRef uid="4" />
              <SequencePoints>
                <SequencePoint vc="15" uspid="875" ordinal="0" offset="0" sl="12" sc="71" el="12" ec="71" bec="0" bev="0" fileid="4" />
                <SequencePoint vc="15" uspid="876" ordinal="0" offset="1" sl="13" sc="9" el="13" ec="9" bec="0" bev="0" fileid="4" />
                <SequencePoint vc="15" uspid="877" ordinal="0" offset="10" sl="15" sc="14" el="15" ec="14" bec="0" bev="0" fileid="4" />
                <SequencePoint vc="340" uspid="878" ordinal="0" offset="14" sl="16" sc="18" el="16" ec="18" bec="0" bev="0" fileid="4" />
                <SequencePoint vc="8800" uspid="879" ordinal="0" offset="18" sl="17" sc="17" el="17" ec="17" bec="0" bev="0" fileid="4" />
                <SequencePoint vc="8800" uspid="880" ordinal="0" offset="35" sl="16" sc="44" el="16" ec="44" bec="0" bev="0" fileid="4" />
                <SequencePoint vc="9140" uspid="881" ordinal="0" offset="39" sl="16" sc="31" el="16" ec="31" bec="0" bev="0" fileid="4" />
                <SequencePoint vc="340" uspid="882" ordinal="0" offset="47" sl="15" sc="41" el="15" ec="41" bec="0" bev="0" fileid="4" />
                <SequencePoint vc="355" uspid="883" ordinal="0" offset="51" sl="15" sc="27" el="15" ec="27" bec="0" bev="0" fileid="4" />
                <SequencePoint vc="15" uspid="884" ordinal="0" offset="61" sl="19" sc="9" el="19" ec="9" bec="0" bev="0" fileid="4" />
                <SequencePoint vc="15" uspid="885" ordinal="0" offset="69" sl="20" sc="9" el="20" ec="9" bec="0" bev="0" fileid="4" />
                <SequencePoint vc="15" uspid="886" ordinal="0" offset="77" sl="21" sc="9" el="21" ec="9" bec="0" bev="0" fileid="4" />
                <SequencePoint vc="15" uspid="887" ordinal="0" offset="85" sl="22" sc="9" el="22" ec="9" bec="0" bev="0" fileid="4" />
                <SequencePoint vc="15" uspid="888" ordinal="0" offset="93" sl="24" sc="9" el="24" ec="9" bec="0" bev="0" fileid="4" />
                <SequencePoint vc="15" uspid="889" ordinal="0" offset="104" sl="25" sc="5" el="25" ec="5" bec="0" bev="0" fileid="4" />
              </SequencePoints>
              <BranchPoints />
            </Method>
            <Method visited="true" cyclomaticComplexity="16" nPathComplexity="0" sequenceCoverage="100.0" branchCoverage="0" crapScore="16" isConstructor="false" isStatic="false" isGetter="false" isSetter="false">
              <Summary numSequencePoints="45" visitedSequencePoints="45" numBranchPoints="0" visitedBranchPoints="0" sequenceCoverage="100.0" branchCoverage="0" maxCyclomaticComplexity="16" minCyclomaticComplexity="16" maxCrapScore="16" minCrapScore="16" visitedClasses="0" numClasses="0" visitedMethods="1" numMethods="1" />
              <MetadataToken>100663317</MetadataToken>
              <Name>System.Void DFSMazeFactory::CreatePath(.Maze[DFSCell])</Name>
              <FileRef uid="4" />
              <SequencePoints>
                <SequencePoint vc="15" uspid="890" ordinal="0" offset="0" sl="29" sc="49" el="29" ec="49" bec="0" bev="0" fileid="4" />
                <SequencePoint vc="15" uspid="891" ordinal="0" offset="1" sl="30" sc="9" el="30" ec="9" bec="0" bev="0" fileid="4" />
                <SequencePoint vc="15" uspid="892" ordinal="0" offset="7" sl="31" sc="9" el="31" ec="9" bec="0" bev="0" fileid="4" />
                <SequencePoint vc="15" uspid="893" ordinal="0" offset="13" sl="32" sc="9" el="32" ec="9" bec="0" bev="0" fileid="4" />
                <SequencePoint vc="15" uspid="894" ordinal="0" offset="19" sl="35" sc="9" el="35" ec="9" bec="0" bev="0" fileid="4" />
                <SequencePoint vc="15" uspid="895" ordinal="0" offset="21" sl="36" sc="9" el="36" ec="9" bec="0" bev="0" fileid="4" />
                <SequencePoint vc="15" uspid="896" ordinal="0" offset="24" sl="39" sc="9" el="39" ec="9" bec="0" bev="0" fileid="4" />
                <SequencePoint vc="17585" uspid="897" ordinal="0" offset="51" sl="41" sc="35" el="41" ec="35" bec="0" bev="0" fileid="4" />
                <SequencePoint vc="17585" uspid="898" ordinal="0" offset="52" sl="43" sc="13" el="43" ec="13" bec="0" bev="0" fileid="4" />
                <SequencePoint vc="17585" uspid="899" ordinal="0" offset="68" sl="46" sc="13" el="46" ec="13" bec="0" bev="0" fileid="4" />
                <SequencePoint vc="17585" uspid="900" ordinal="0" offset="75" sl="47" sc="13" el="47" ec="13" bec="0" bev="0" fileid="4" />
                <SequencePoint vc="4535" uspid="901" ordinal="0" offset="108" sl="48" sc="17" el="48" ec="17" bec="0" bev="0" fileid="4" />
                <SequencePoint vc="17585" uspid="902" ordinal="0" offset="122" sl="50" sc="13" el="50" ec="13" bec="0" bev="0" fileid="4" />
                <SequencePoint vc="4379" uspid="903" ordinal="0" offset="154" sl="51" sc="17" el="51" ec="17" bec="0" bev="0" fileid="4" />
                <SequencePoint vc="17585" uspid="904" ordinal="0" offset="168" sl="53" sc="13" el="53" ec="13" bec="0" bev="0" fileid="4" />
                <SequencePoint vc="4446" uspid="905" ordinal="0" offset="208" sl="54" sc="17" el="54" ec="17" bec="0" bev="0" fileid="4" />
                <SequencePoint vc="17585" uspid="906" ordinal="0" offset="222" sl="56" sc="13" el="56" ec="13" bec="0" bev="0" fileid="4" />
                <SequencePoint vc="4523" uspid="907" ordinal="0" offset="261" sl="57" sc="17" el="57" ec="17" bec="0" bev="0" fileid="4" />
                <SequencePoint vc="17585" uspid="908" ordinal="0" offset="275" sl="60" sc="13" el="60" ec="13" bec="0" bev="0" fileid="4" />
                <SequencePoint vc="8785" uspid="909" ordinal="0" offset="293" sl="60" sc="38" el="60" ec="38" bec="0" bev="0" fileid="4" />
                <SequencePoint vc="8785" uspid="910" ordinal="0" offset="294" sl="61" sc="17" el="61" ec="17" bec="0" bev="0" fileid="4" />
                <SequencePoint vc="8785" uspid="911" ordinal="0" offset="316" sl="62" sc="17" el="62" ec="17" bec="0" bev="0" fileid="4" />
                <SequencePoint vc="8785" uspid="912" ordinal="0" offset="342" sl="64" sc="17" el="64" ec="17" bec="0" bev="0" fileid="4" />
                <SequencePoint vc="2218" uspid="913" ordinal="0" offset="393" sl="66" sc="25" el="66" ec="25" bec="0" bev="0" fileid="4" />
                <SequencePoint vc="2218" uspid="914" ordinal="0" offset="409" sl="67" sc="25" el="67" ec="25" bec="0" bev="0" fileid="4" />
                <SequencePoint vc="2218" uspid="915" ordinal="0" offset="430" sl="68" sc="25" el="68" ec="25" bec="0" bev="0" fileid="4" />
                <SequencePoint vc="2085" uspid="916" ordinal="0" offset="432" sl="71" sc="25" el="71" ec="25" bec="0" bev="0" fileid="4" />
                <SequencePoint vc="2085" uspid="917" ordinal="0" offset="448" sl="72" sc="25" el="72" ec="25" bec="0" bev="0" fileid="4" />
                <SequencePoint vc="2085" uspid="918" ordinal="0" offset="468" sl="73" sc="25" el="73" ec="25" bec="0" bev="0" fileid="4" />
                <SequencePoint vc="2265" uspid="919" ordinal="0" offset="470" sl="76" sc="25" el="76" ec="25" bec="0" bev="0" fileid="4" />
                <SequencePoint vc="2265" uspid="920" ordinal="0" offset="486" sl="77" sc="25" el="77" ec="25" bec="0" bev="0" fileid="4" />
                <SequencePoint vc="2265" uspid="921" ordinal="0" offset="507" sl="78" sc="25" el="78" ec="25" bec="0" bev="0" fileid="4" />
                <SequencePoint vc="2217" uspid="922" ordinal="0" offset="509" sl="81" sc="25" el="81" ec="25" bec="0" bev="0" fileid="4" />
                <SequencePoint vc="2217" uspid="923" ordinal="0" offset="525" sl="82" sc="25" el="82" ec="25" bec="0" bev="0" fileid="4" />
                <SequencePoint vc="2217" uspid="924" ordinal="0" offset="545" sl="83" sc="25" el="83" ec="25" bec="0" bev="0" fileid="4" />
                <SequencePoint vc="8785" uspid="925" ordinal="0" offset="547" sl="86" sc="13" el="86" ec="13" bec="0" bev="0" fileid="4" />
                <SequencePoint vc="8800" uspid="926" ordinal="0" offset="550" sl="86" sc="20" el="86" ec="20" bec="0" bev="0" fileid="4" />
                <SequencePoint vc="8800" uspid="927" ordinal="0" offset="551" sl="88" sc="17" el="88" ec="17" bec="0" bev="0" fileid="4" />
                <SequencePoint vc="8800" uspid="928" ordinal="0" offset="572" sl="89" sc="17" el="89" ec="17" bec="0" bev="0" fileid="4" />
                <SequencePoint vc="8800" uspid="929" ordinal="0" offset="581" sl="90" sc="17" el="90" ec="17" bec="0" bev="0" fileid="4" />
                <SequencePoint vc="8800" uspid="930" ordinal="0" offset="591" sl="92" sc="17" el="92" ec="17" bec="0" bev="0" fileid="4" />
                <SequencePoint vc="8800" uspid="931" ordinal="0" offset="606" sl="93" sc="13" el="93" ec="13" bec="0" bev="0" fileid="4" />
                <SequencePoint vc="17585" uspid="932" ordinal="0" offset="607" sl="96" sc="9" el="96" ec="9" bec="0" bev="0" fileid="4" />
                <SequencePoint vc="17600" uspid="933" ordinal="0" offset="608" sl="41" sc="9" el="41" ec="9" bec="0" bev="0" fileid="4" />
                <SequencePoint vc="15" uspid="934" ordinal="0" offset="626" sl="97" sc="5" el="97" ec="5" bec="0" bev="0" fileid="4" />
              </SequencePoints>
              <BranchPoints />
            </Method>
            <Method visited="true" cyclomaticComplexity="5" nPathComplexity="0" sequenceCoverage="100.0" branchCoverage="0" crapScore="5" isConstructor="false" isStatic="false" isGetter="false" isSetter="false">
              <Summary numSequencePoints="11" visitedSequencePoints="11" numBranchPoints="0" visitedBranchPoints="0" sequenceCoverage="100.0" branchCoverage="0" maxCyclomaticComplexity="5" minCyclomaticComplexity="5" maxCrapScore="5" minCrapScore="5" visitedClasses="0" numClasses="0" visitedMethods="1" numMethods="1" />
              <MetadataToken>100663318</MetadataToken>
              <Name>System.Void DFSMazeFactory::CreateChests(.Maze[DFSCell])</Name>
              <FileRef uid="4" />
              <SequencePoints>
                <SequencePoint vc="15" uspid="935" ordinal="0" offset="0" sl="99" sc="51" el="99" ec="51" bec="0" bev="0" fileid="4" />
                <SequencePoint vc="15" uspid="936" ordinal="0" offset="1" sl="100" sc="9" el="100" ec="9" bec="0" bev="0" fileid="4" />
                <SequencePoint vc="15" uspid="937" ordinal="0" offset="7" sl="102" sc="14" el="102" ec="14" bec="0" bev="0" fileid="4" />
                <SequencePoint vc="340" uspid="938" ordinal="0" offset="11" sl="103" sc="18" el="103" ec="18" bec="0" bev="0" fileid="4" />
                <SequencePoint vc="8800" uspid="939" ordinal="0" offset="15" sl="104" sc="17" el="104" ec="17" bec="0" bev="0" fileid="4" />
                <SequencePoint vc="443" uspid="940" ordinal="0" offset="52" sl="105" sc="21" el="105" ec="21" bec="0" bev="0" fileid="4" />
                <SequencePoint vc="8800" uspid="941" ordinal="0" offset="67" sl="103" sc="49" el="103" ec="49" bec="0" bev="0" fileid="4" />
                <SequencePoint vc="9140" uspid="942" ordinal="0" offset="71" sl="103" sc="31" el="103" ec="31" bec="0" bev="0" fileid="4" />
                <SequencePoint vc="340" uspid="943" ordinal="0" offset="86" sl="102" sc="46" el="102" ec="46" bec="0" bev="0" fileid="4" />
                <SequencePoint vc="355" uspid="944" ordinal="0" offset="90" sl="102" sc="27" el="102" ec="27" bec="0" bev="0" fileid="4" />
                <SequencePoint vc="15" uspid="945" ordinal="0" offset="105" sl="106" sc="5" el="106" ec="5" bec="0" bev="0" fileid="4" />
              </SequencePoints>
              <BranchPoints />
            </Method>
            <Method visited="true" cyclomaticComplexity="1" nPathComplexity="0" sequenceCoverage="100.0" branchCoverage="0" crapScore="1" isConstructor="false" isStatic="false" isGetter="false" isSetter="false">
              <Summary numSequencePoints="4" visitedSequencePoints="4" numBranchPoints="0" visitedBranchPoints="0" sequenceCoverage="100.0" branchCoverage="0" maxCyclomaticComplexity="1" minCyclomaticComplexity="1" maxCrapScore="1" minCrapScore="1" visitedClasses="0" numClasses="0" visitedMethods="1" numMethods="1" />
              <MetadataToken>100663319</MetadataToken>
              <Name>System.Void DFSMazeFactory::CreateEntrance(.Maze[DFSCell])</Name>
              <FileRef uid="4" />
              <SequencePoints>
                <SequencePoint vc="15" uspid="946" ordinal="0" offset="0" sl="108" sc="53" el="108" ec="53" bec="0" bev="0" fileid="4" />
                <SequencePoint vc="15" uspid="947" ordinal="0" offset="1" sl="109" sc="9" el="109" ec="9" bec="0" bev="0" fileid="4" />
                <SequencePoint vc="15" uspid="948" ordinal="0" offset="16" sl="110" sc="9" el="110" ec="9" bec="0" bev="0" fileid="4" />
                <SequencePoint vc="15" uspid="949" ordinal="0" offset="31" sl="111" sc="5" el="111" ec="5" bec="0" bev="0" fileid="4" />
              </SequencePoints>
              <BranchPoints />
            </Method>
            <Method visited="true" cyclomaticComplexity="2" nPathComplexity="0" sequenceCoverage="71.4" branchCoverage="0" crapScore="2.09" isConstructor="false" isStatic="false" isGetter="false" isSetter="false">
              <Summary numSequencePoints="14" visitedSequencePoints="10" numBranchPoints="0" visitedBranchPoints="0" sequenceCoverage="71.4" branchCoverage="0" maxCyclomaticComplexity="2" minCyclomaticComplexity="2" maxCrapScore="2.09" minCrapScore="2.09" visitedClasses="0" numClasses="0" visitedMethods="1" numMethods="1" />
              <MetadataToken>100663320</MetadataToken>
              <Name>System.Void DFSMazeFactory::CreateExit(.Maze[DFSCell])</Name>
              <FileRef uid="4" />
              <SequencePoints>
                <SequencePoint vc="15" uspid="950" ordinal="0" offset="0" sl="113" sc="49" el="113" ec="49" bec="0" bev="0" fileid="4" />
                <SequencePoint vc="15" uspid="951" ordinal="0" offset="1" sl="114" sc="9" el="114" ec="9" bec="0" bev="0" fileid="4" />
                <SequencePoint vc="15" uspid="952" ordinal="0" offset="7" sl="115" sc="9" el="115" ec="9" bec="0" bev="0" fileid="4" />
                <SequencePoint vc="15" uspid="953" ordinal="0" offset="66" sl="117" sc="9" el="117" ec="9" bec="0" bev="0" fileid="4" />
                <SequencePoint vc="0" uspid="954" ordinal="0" offset="84" sl="117" sc="46" el="117" ec="46" bec="0" bev="0" fileid="4" />
                <SequencePoint vc="0" uspid="955" ordinal="0" offset="85" sl="118" sc="13" el="118" ec="13" bec="0" bev="0" fileid="4" />
                <SequencePoint vc="0" uspid="956" ordinal="0" offset="101" sl="119" sc="13" el="119" ec="13" bec="0" bev="0" fileid="4" />
                <SequencePoint vc="0" uspid="957" ordinal="0" offset="128" sl="121" sc="9" el="121" ec="9" bec="0" bev="0" fileid="4" />
                <SequencePoint vc="15" uspid="958" ordinal="0" offset="131" sl="121" sc="16" el="121" ec="16" bec="0" bev="0" fileid="4" />
                <SequencePoint vc="15" uspid="959" ordinal="0" offset="132" sl="122" sc="13" el="122" ec="13" bec="0" bev="0" fileid="4" />
                <SequencePoint vc="15" uspid="960" ordinal="0" offset="148" sl="123" sc="13" el="123" ec="13" bec="0" bev="0" fileid="4" />
                <SequencePoint vc="15" uspid="961" ordinal="0" offset="175" sl="124" sc="9" el="124" ec="9" bec="0" bev="0" fileid="4" />
                <SequencePoint vc="15" uspid="962" ordinal="0" offset="176" sl="126" sc="9" el="126" ec="9" bec="0" bev="0" fileid="4" />
                <SequencePoint vc="15" uspid="963" ordinal="0" offset="203" sl="127" sc="5" el="127" ec="5" bec="0" bev="0" fileid="4" />
              </SequencePoints>
              <BranchPoints />
            </Method>
            <Method visited="true" cyclomaticComplexity="3" nPathComplexity="0" sequenceCoverage="100.0" branchCoverage="0" crapScore="3" isConstructor="false" isStatic="false" isGetter="false" isSetter="false">
              <Summary numSequencePoints="11" visitedSequencePoints="11" numBranchPoints="0" visitedBranchPoints="0" sequenceCoverage="100.0" branchCoverage="0" maxCyclomaticComplexity="3" minCyclomaticComplexity="3" maxCrapScore="3" minCrapScore="3" visitedClasses="0" numClasses="0" visitedMethods="1" numMethods="1" />
              <MetadataToken>100663321</MetadataToken>
              <Name>.Maze[Cell] DFSMazeFactory::DFSMazeToMaze(.Maze[DFSCell])</Name>
              <FileRef uid="4" />
              <SequencePoints>
                <SequencePoint vc="15" uspid="964" ordinal="0" offset="0" sl="129" sc="61" el="129" ec="61" bec="0" bev="0" fileid="4" />
                <SequencePoint vc="15" uspid="965" ordinal="0" offset="1" sl="130" sc="9" el="130" ec="9" bec="0" bev="0" fileid="4" />
                <SequencePoint vc="15" uspid="966" ordinal="0" offset="51" sl="135" sc="14" el="135" ec="14" bec="0" bev="0" fileid="4" />
                <SequencePoint vc="340" uspid="967" ordinal="0" offset="55" sl="136" sc="18" el="136" ec="18" bec="0" bev="0" fileid="4" />
                <SequencePoint vc="8800" uspid="968" ordinal="0" offset="59" sl="137" sc="17" el="137" ec="17" bec="0" bev="0" fileid="4" />
                <SequencePoint vc="8800" uspid="969" ordinal="0" offset="76" sl="136" sc="49" el="136" ec="49" bec="0" bev="0" fileid="4" />
                <SequencePoint vc="9140" uspid="970" ordinal="0" offset="80" sl="136" sc="31" el="136" ec="31" bec="0" bev="0" fileid="4" />
                <SequencePoint vc="340" uspid="971" ordinal="0" offset="93" sl="135" sc="46" el="135" ec="46" bec="0" bev="0" fileid="4" />
                <SequencePoint vc="355" uspid="972" ordinal="0" offset="97" sl="135" sc="27" el="135" ec="27" bec="0" bev="0" fileid="4" />
                <SequencePoint vc="15" uspid="973" ordinal="0" offset="112" sl="139" sc="9" el="139" ec="9" bec="0" bev="0" fileid="4" />
                <SequencePoint vc="15" uspid="974" ordinal="0" offset="117" sl="140" sc="5" el="140" ec="5" bec="0" bev="0" fileid="4" />
              </SequencePoints>
              <BranchPoints />
            </Method>
            <Method visited="true" cyclomaticComplexity="1" nPathComplexity="0" sequenceCoverage="100.0" branchCoverage="0" crapScore="1" isConstructor="true" isStatic="false" isGetter="false" isSetter="false">
              <Summary numSequencePoints="1" visitedSequencePoints="1" numBranchPoints="0" visitedBranchPoints="0" sequenceCoverage="100.0" branchCoverage="0" maxCyclomaticComplexity="1" minCyclomaticComplexity="1" maxCrapScore="1" minCrapScore="1" visitedClasses="0" numClasses="0" visitedMethods="1" numMethods="1" />
              <MetadataToken>100663322</MetadataToken>
              <Name>DFSMazeFactory::DFSMazeFactory()</Name>
              <FileRef uid="4" />
              <SequencePoints>
                <SequencePoint vc="9" uspid="975" ordinal="0" offset="0" sl="8" sc="5" el="8" ec="5" bec="0" bev="0" fileid="4" />
              </SequencePoints>
              <BranchPoints />
            </Method>
          </Methods>
        </Class>
        <Class>
          <Summary numSequencePoints="111" visitedSequencePoints="6" numBranchPoints="0" visitedBranchPoints="0" sequenceCoverage="5.4" branchCoverage="0.0" maxCyclomaticComplexity="5" minCyclomaticComplexity="1" maxCrapScore="30" minCrapScore="1" visitedClasses="1" numClasses="1" visitedMethods="1" numMethods="14" />
          <FullName>EventManager</FullName>
          <Methods>
            <Method visited="false" cyclomaticComplexity="2" nPathComplexity="0" sequenceCoverage="0.0" branchCoverage="0" crapScore="6" isConstructor="false" isStatic="true" isGetter="true" isSetter="false">
              <Summary numSequencePoints="5" visitedSequencePoints="0" numBranchPoints="0" visitedBranchPoints="0" sequenceCoverage="0.0" branchCoverage="0" maxCyclomaticComplexity="2" minCyclomaticComplexity="2" maxCrapScore="6" minCrapScore="6" visitedClasses="0" numClasses="0" visitedMethods="0" numMethods="1" />
              <MetadataToken>100663323</MetadataToken>
              <Name>static EventManager EventManager::get_Instance()</Name>
              <FileRef uid="5" />
              <SequencePoints>
                <SequencePoint vc="0" uspid="976" ordinal="0" offset="0" sl="11" sc="0" el="11" ec="0" bec="0" bev="0" fileid="5" />
                <SequencePoint vc="0" uspid="977" ordinal="0" offset="1" sl="12" sc="0" el="12" ec="0" bec="0" bev="0" fileid="5" />
                <SequencePoint vc="0" uspid="978" ordinal="0" offset="16" sl="13" sc="0" el="13" ec="0" bec="0" bev="0" fileid="5" />
                <SequencePoint vc="0" uspid="979" ordinal="0" offset="41" sl="15" sc="0" el="15" ec="0" bec="0" bev="0" fileid="5" />
                <SequencePoint vc="0" uspid="980" ordinal="0" offset="49" sl="16" sc="0" el="16" ec="0" bec="0" bev="0" fileid="5" />
              </SequencePoints>
              <BranchPoints />
            </Method>
            <Method visited="false" cyclomaticComplexity="1" nPathComplexity="0" sequenceCoverage="0.0" branchCoverage="0" crapScore="2" isConstructor="false" isStatic="false" isGetter="false" isSetter="false">
              <Summary numSequencePoints="3" visitedSequencePoints="0" numBranchPoints="0" visitedBranchPoints="0" sequenceCoverage="0.0" branchCoverage="0" maxCyclomaticComplexity="1" minCyclomaticComplexity="1" maxCrapScore="2" minCrapScore="2" visitedClasses="0" numClasses="0" visitedMethods="0" numMethods="1" />
              <MetadataToken>100663324</MetadataToken>
              <Name>System.Void EventManager::AddListener[T](.EventDelegate[T])</Name>
              <FileRef uid="5" />
              <SequencePoints>
                <SequencePoint vc="0" uspid="981" ordinal="0" offset="0" sl="39" sc="0" el="39" ec="0" bec="0" bev="0" fileid="5" />
                <SequencePoint vc="0" uspid="982" ordinal="0" offset="1" sl="40" sc="0" el="40" ec="0" bec="0" bev="0" fileid="5" />
                <SequencePoint vc="0" uspid="983" ordinal="0" offset="9" sl="41" sc="0" el="41" ec="0" bec="0" bev="0" fileid="5" />
              </SequencePoints>
              <BranchPoints />
            </Method>
            <Method visited="false" cyclomaticComplexity="2" nPathComplexity="0" sequenceCoverage="0.0" branchCoverage="0" crapScore="6" isConstructor="false" isStatic="false" isGetter="false" isSetter="false">
              <Summary numSequencePoints="5" visitedSequencePoints="0" numBranchPoints="0" visitedBranchPoints="0" sequenceCoverage="0.0" branchCoverage="0" maxCyclomaticComplexity="2" minCyclomaticComplexity="2" maxCrapScore="6" minCrapScore="6" visitedClasses="0" numClasses="0" visitedMethods="0" numMethods="1" />
              <MetadataToken>100663325</MetadataToken>
              <Name>System.Void EventManager::AddListenerOnce[T](.EventDelegate[T])</Name>
              <FileRef uid="5" />
              <SequencePoints>
                <SequencePoint vc="0" uspid="984" ordinal="0" offset="0" sl="43" sc="0" el="43" ec="0" bec="0" bev="0" fileid="5" />
                <SequencePoint vc="0" uspid="985" ordinal="0" offset="1" sl="44" sc="0" el="44" ec="0" bec="0" bev="0" fileid="5" />
                <SequencePoint vc="0" uspid="986" ordinal="0" offset="9" sl="46" sc="0" el="46" ec="0" bec="0" bev="0" fileid="5" />
                <SequencePoint vc="0" uspid="987" ordinal="0" offset="17" sl="47" sc="0" el="47" ec="0" bec="0" bev="0" fileid="5" />
                <SequencePoint vc="0" uspid="988" ordinal="0" offset="31" sl="48" sc="0" el="48" ec="0" bec="0" bev="0" fileid="5" />
              </SequencePoints>
              <BranchPoints />
            </Method>
            <Method visited="false" cyclomaticComplexity="5" nPathComplexity="0" sequenceCoverage="0.0" branchCoverage="0" crapScore="30" isConstructor="false" isStatic="false" isGetter="false" isSetter="false">
              <Summary numSequencePoints="15" visitedSequencePoints="0" numBranchPoints="0" visitedBranchPoints="0" sequenceCoverage="0.0" branchCoverage="0" maxCyclomaticComplexity="5" minCyclomaticComplexity="5" maxCrapScore="30" minCrapScore="30" visitedClasses="0" numClasses="0" visitedMethods="0" numMethods="1" />
              <MetadataToken>100663326</MetadataToken>
              <Name>System.Void EventManager::RemoveListener[T](.EventDelegate[T])</Name>
              <FileRef uid="5" />
              <SequencePoints>
                <SequencePoint vc="0" uspid="989" ordinal="0" offset="0" sl="50" sc="0" el="50" ec="0" bec="0" bev="0" fileid="5" />
                <SequencePoint vc="0" uspid="990" ordinal="0" offset="1" sl="51" sc="0" el="51" ec="0" bec="0" bev="0" fileid="5" />
                <SequencePoint vc="0" uspid="991" ordinal="0" offset="19" sl="52" sc="0" el="52" ec="0" bec="0" bev="0" fileid="5" />
                <SequencePoint vc="0" uspid="992" ordinal="0" offset="24" sl="54" sc="0" el="54" ec="0" bec="0" bev="0" fileid="5" />
                <SequencePoint vc="0" uspid="993" ordinal="0" offset="42" sl="54" sc="0" el="54" ec="0" bec="0" bev="0" fileid="5" />
                <SequencePoint vc="0" uspid="994" ordinal="0" offset="43" sl="55" sc="0" el="55" ec="0" bec="0" bev="0" fileid="5" />
                <SequencePoint vc="0" uspid="995" ordinal="0" offset="72" sl="55" sc="0" el="55" ec="0" bec="0" bev="0" fileid="5" />
                <SequencePoint vc="0" uspid="996" ordinal="0" offset="73" sl="56" sc="0" el="56" ec="0" bec="0" bev="0" fileid="5" />
                <SequencePoint vc="0" uspid="997" ordinal="0" offset="86" sl="58" sc="0" el="58" ec="0" bec="0" bev="0" fileid="5" />
                <SequencePoint vc="0" uspid="998" ordinal="0" offset="96" sl="59" sc="0" el="59" ec="0" bec="0" bev="0" fileid="5" />
                <SequencePoint vc="0" uspid="999" ordinal="0" offset="120" sl="61" sc="0" el="61" ec="0" bec="0" bev="0" fileid="5" />
                <SequencePoint vc="0" uspid="1000" ordinal="0" offset="143" sl="62" sc="0" el="62" ec="0" bec="0" bev="0" fileid="5" />
                <SequencePoint vc="0" uspid="1001" ordinal="0" offset="144" sl="64" sc="0" el="64" ec="0" bec="0" bev="0" fileid="5" />
                <SequencePoint vc="0" uspid="1002" ordinal="0" offset="157" sl="65" sc="0" el="65" ec="0" bec="0" bev="0" fileid="5" />
                <SequencePoint vc="0" uspid="1003" ordinal="0" offset="158" sl="66" sc="0" el="66" ec="0" bec="0" bev="0" fileid="5" />
              </SequencePoints>
              <BranchPoints />
            </Method>
            <Method visited="false" cyclomaticComplexity="1" nPathComplexity="0" sequenceCoverage="0.0" branchCoverage="0" crapScore="2" isConstructor="false" isStatic="false" isGetter="false" isSetter="false">
              <Summary numSequencePoints="5" visitedSequencePoints="0" numBranchPoints="0" visitedBranchPoints="0" sequenceCoverage="0.0" branchCoverage="0" maxCyclomaticComplexity="1" minCyclomaticComplexity="1" maxCrapScore="2" minCrapScore="2" visitedClasses="0" numClasses="0" visitedMethods="0" numMethods="1" />
              <MetadataToken>100663327</MetadataToken>
              <Name>System.Void EventManager::RemoveAll()</Name>
              <FileRef uid="5" />
              <SequencePoints>
                <SequencePoint vc="0" uspid="1004" ordinal="0" offset="0" sl="68" sc="0" el="68" ec="0" bec="0" bev="0" fileid="5" />
                <SequencePoint vc="0" uspid="1005" ordinal="0" offset="1" sl="69" sc="0" el="69" ec="0" bec="0" bev="0" fileid="5" />
                <SequencePoint vc="0" uspid="1006" ordinal="0" offset="13" sl="70" sc="0" el="70" ec="0" bec="0" bev="0" fileid="5" />
                <SequencePoint vc="0" uspid="1007" ordinal="0" offset="25" sl="71" sc="0" el="71" ec="0" bec="0" bev="0" fileid="5" />
                <SequencePoint vc="0" uspid="1008" ordinal="0" offset="37" sl="72" sc="0" el="72" ec="0" bec="0" bev="0" fileid="5" />
              </SequencePoints>
              <BranchPoints />
            </Method>
            <Method visited="false" cyclomaticComplexity="1" nPathComplexity="0" sequenceCoverage="0.0" branchCoverage="0" crapScore="2" isConstructor="false" isStatic="false" isGetter="false" isSetter="false">
              <Summary numSequencePoints="3" visitedSequencePoints="0" numBranchPoints="0" visitedBranchPoints="0" sequenceCoverage="0.0" branchCoverage="0" maxCyclomaticComplexity="1" minCyclomaticComplexity="1" maxCrapScore="2" minCrapScore="2" visitedClasses="0" numClasses="0" visitedMethods="0" numMethods="1" />
              <MetadataToken>100663328</MetadataToken>
              <Name>System.Boolean EventManager::HasListener[T](.EventDelegate[T])</Name>
              <FileRef uid="5" />
              <SequencePoints>
                <SequencePoint vc="0" uspid="1009" ordinal="0" offset="0" sl="74" sc="0" el="74" ec="0" bec="0" bev="0" fileid="5" />
                <SequencePoint vc="0" uspid="1010" ordinal="0" offset="1" sl="75" sc="0" el="75" ec="0" bec="0" bev="0" fileid="5" />
                <SequencePoint vc="0" uspid="1011" ordinal="0" offset="16" sl="76" sc="0" el="76" ec="0" bec="0" bev="0" fileid="5" />
              </SequencePoints>
              <BranchPoints />
            </Method>
            <Method visited="false" cyclomaticComplexity="5" nPathComplexity="0" sequenceCoverage="0.0" branchCoverage="0" crapScore="30" isConstructor="false" isStatic="false" isGetter="false" isSetter="false">
              <Summary numSequencePoints="22" visitedSequencePoints="0" numBranchPoints="0" visitedBranchPoints="0" sequenceCoverage="0.0" branchCoverage="0" maxCyclomaticComplexity="5" minCyclomaticComplexity="5" maxCrapScore="30" minCrapScore="30" visitedClasses="0" numClasses="0" visitedMethods="0" numMethods="1" />
              <MetadataToken>100663329</MetadataToken>
              <Name>System.Void EventManager::TriggerEvent(GameEvent)</Name>
              <FileRef uid="5" />
              <SequencePoints>
                <SequencePoint vc="0" uspid="1012" ordinal="0" offset="0" sl="78" sc="0" el="78" ec="0" bec="0" bev="0" fileid="5" />
                <SequencePoint vc="0" uspid="1013" ordinal="0" offset="1" sl="80" sc="0" el="80" ec="0" bec="0" bev="0" fileid="5" />
                <SequencePoint vc="0" uspid="1014" ordinal="0" offset="28" sl="83" sc="0" el="83" ec="0" bec="0" bev="0" fileid="5" />
                <SequencePoint vc="0" uspid="1015" ordinal="0" offset="54" sl="83" sc="0" el="83" ec="0" bec="0" bev="0" fileid="5" />
                <SequencePoint vc="0" uspid="1016" ordinal="0" offset="55" sl="84" sc="0" el="84" ec="0" bec="0" bev="0" fileid="5" />
                <SequencePoint vc="0" uspid="1017" ordinal="0" offset="63" sl="87" sc="0" el="87" ec="0" bec="0" bev="0" fileid="5" />
                <SequencePoint vc="0" uspid="1018" ordinal="0" offset="64" sl="87" sc="0" el="87" ec="0" bec="0" bev="0" fileid="5" />
                <SequencePoint vc="0" uspid="1019" ordinal="0" offset="94" sl="87" sc="0" el="87" ec="0" bec="0" bev="0" fileid="5" />
                <SequencePoint vc="0" uspid="1020" ordinal="0" offset="104" sl="88" sc="0" el="88" ec="0" bec="0" bev="0" fileid="5" />
                <SequencePoint vc="0" uspid="1021" ordinal="0" offset="126" sl="88" sc="0" el="88" ec="0" bec="0" bev="0" fileid="5" />
                <SequencePoint vc="0" uspid="1022" ordinal="0" offset="127" sl="89" sc="0" el="89" ec="0" bec="0" bev="0" fileid="5" />
                <SequencePoint vc="0" uspid="1023" ordinal="0" offset="174" sl="91" sc="0" el="91" ec="0" bec="0" bev="0" fileid="5" />
                <SequencePoint vc="0" uspid="1024" ordinal="0" offset="200" sl="92" sc="0" el="92" ec="0" bec="0" bev="0" fileid="5" />
                <SequencePoint vc="0" uspid="1025" ordinal="0" offset="218" sl="94" sc="0" el="94" ec="0" bec="0" bev="0" fileid="5" />
                <SequencePoint vc="0" uspid="1026" ordinal="0" offset="243" sl="95" sc="0" el="95" ec="0" bec="0" bev="0" fileid="5" />
                <SequencePoint vc="0" uspid="1027" ordinal="0" offset="257" sl="96" sc="0" el="96" ec="0" bec="0" bev="0" fileid="5" />
                <SequencePoint vc="0" uspid="1028" ordinal="0" offset="262" sl="87" sc="0" el="87" ec="0" bec="0" bev="0" fileid="5" />
                <SequencePoint vc="0" uspid="1029" ordinal="0" offset="271" sl="98" sc="0" el="98" ec="0" bec="0" bev="0" fileid="5" />
                <SequencePoint vc="0" uspid="1030" ordinal="0" offset="274" sl="98" sc="0" el="98" ec="0" bec="0" bev="0" fileid="5" />
                <SequencePoint vc="0" uspid="1031" ordinal="0" offset="275" sl="99" sc="0" el="99" ec="0" bec="0" bev="0" fileid="5" />
                <SequencePoint vc="0" uspid="1032" ordinal="0" offset="302" sl="100" sc="0" el="100" ec="0" bec="0" bev="0" fileid="5" />
                <SequencePoint vc="0" uspid="1033" ordinal="0" offset="303" sl="101" sc="0" el="101" ec="0" bec="0" bev="0" fileid="5" />
              </SequencePoints>
              <BranchPoints />
            </Method>
            <Method visited="false" cyclomaticComplexity="2" nPathComplexity="0" sequenceCoverage="0.0" branchCoverage="0" crapScore="6" isConstructor="false" isStatic="false" isGetter="false" isSetter="false">
              <Summary numSequencePoints="8" visitedSequencePoints="0" numBranchPoints="0" visitedBranchPoints="0" sequenceCoverage="0.0" branchCoverage="0" maxCyclomaticComplexity="2" minCyclomaticComplexity="2" maxCrapScore="6" minCrapScore="6" visitedClasses="0" numClasses="0" visitedMethods="0" numMethods="1" />
              <MetadataToken>100663330</MetadataToken>
              <Name>System.Boolean EventManager::QueueEvent(GameEvent)</Name>
              <FileRef uid="5" />
              <SequencePoints>
                <SequencePoint vc="0" uspid="1034" ordinal="0" offset="0" sl="103" sc="0" el="103" ec="0" bec="0" bev="0" fileid="5" />
                <SequencePoint vc="0" uspid="1035" ordinal="0" offset="1" sl="104" sc="0" el="104" ec="0" bec="0" bev="0" fileid="5" />
                <SequencePoint vc="0" uspid="1036" ordinal="0" offset="25" sl="104" sc="0" el="104" ec="0" bec="0" bev="0" fileid="5" />
                <SequencePoint vc="0" uspid="1037" ordinal="0" offset="26" sl="105" sc="0" el="105" ec="0" bec="0" bev="0" fileid="5" />
                <SequencePoint vc="0" uspid="1038" ordinal="0" offset="48" sl="106" sc="0" el="106" ec="0" bec="0" bev="0" fileid="5" />
                <SequencePoint vc="0" uspid="1039" ordinal="0" offset="52" sl="109" sc="0" el="109" ec="0" bec="0" bev="0" fileid="5" />
                <SequencePoint vc="0" uspid="1040" ordinal="0" offset="65" sl="110" sc="0" el="110" ec="0" bec="0" bev="0" fileid="5" />
                <SequencePoint vc="0" uspid="1041" ordinal="0" offset="69" sl="111" sc="0" el="111" ec="0" bec="0" bev="0" fileid="5" />
              </SequencePoints>
              <BranchPoints />
            </Method>
            <Method visited="false" cyclomaticComplexity="3" nPathComplexity="0" sequenceCoverage="0.0" branchCoverage="0" crapScore="12" isConstructor="false" isStatic="false" isGetter="false" isSetter="false">
              <Summary numSequencePoints="10" visitedSequencePoints="0" numBranchPoints="0" visitedBranchPoints="0" sequenceCoverage="0.0" branchCoverage="0" maxCyclomaticComplexity="3" minCyclomaticComplexity="3" maxCrapScore="12" minCrapScore="12" visitedClasses="0" numClasses="0" visitedMethods="0" numMethods="1" />
              <MetadataToken>100663331</MetadataToken>
              <Name>EventManager/EventDelegate EventManager::AddDelegate[T](.EventDelegate[T])</Name>
              <FileRef uid="5" />
              <SequencePoints>
                <SequencePoint vc="0" uspid="1042" ordinal="0" offset="13" sl="115" sc="0" el="115" ec="0" bec="0" bev="0" fileid="5" />
                <SequencePoint vc="0" uspid="1043" ordinal="0" offset="14" sl="117" sc="0" el="117" ec="0" bec="0" bev="0" fileid="5" />
                <SequencePoint vc="0" uspid="1044" ordinal="0" offset="35" sl="118" sc="0" el="118" ec="0" bec="0" bev="0" fileid="5" />
                <SequencePoint vc="0" uspid="1045" ordinal="0" offset="40" sl="121" sc="0" el="121" ec="0" bec="0" bev="0" fileid="5" />
                <SequencePoint vc="0" uspid="1046" ordinal="0" offset="53" sl="122" sc="0" el="122" ec="0" bec="0" bev="0" fileid="5" />
                <SequencePoint vc="0" uspid="1047" ordinal="0" offset="72" sl="124" sc="0" el="124" ec="0" bec="0" bev="0" fileid="5" />
                <SequencePoint vc="0" uspid="1048" ordinal="0" offset="101" sl="125" sc="0" el="125" ec="0" bec="0" bev="0" fileid="5" />
                <SequencePoint vc="0" uspid="1049" ordinal="0" offset="139" sl="127" sc="0" el="127" ec="0" bec="0" bev="0" fileid="5" />
                <SequencePoint vc="0" uspid="1050" ordinal="0" offset="162" sl="129" sc="0" el="129" ec="0" bec="0" bev="0" fileid="5" />
                <SequencePoint vc="0" uspid="1051" ordinal="0" offset="167" sl="130" sc="0" el="130" ec="0" bec="0" bev="0" fileid="5" />
              </SequencePoints>
              <BranchPoints />
            </Method>
            <Method visited="false" cyclomaticComplexity="2" nPathComplexity="0" sequenceCoverage="0.0" branchCoverage="0" crapScore="6" isConstructor="false" isStatic="false" isGetter="false" isSetter="false">
              <Summary numSequencePoints="10" visitedSequencePoints="0" numBranchPoints="0" visitedBranchPoints="0" sequenceCoverage="0.0" branchCoverage="0" maxCyclomaticComplexity="2" minCyclomaticComplexity="2" maxCrapScore="6" minCrapScore="6" visitedClasses="0" numClasses="0" visitedMethods="0" numMethods="1" />
              <MetadataToken>100663332</MetadataToken>
              <Name>System.Void EventManager::Awake()</Name>
              <FileRef uid="5" />
              <SequencePoints>
                <SequencePoint vc="0" uspid="1052" ordinal="0" offset="0" sl="132" sc="0" el="132" ec="0" bec="0" bev="0" fileid="5" />
                <SequencePoint vc="0" uspid="1053" ordinal="0" offset="1" sl="133" sc="0" el="133" ec="0" bec="0" bev="0" fileid="5" />
                <SequencePoint vc="0" uspid="1054" ordinal="0" offset="16" sl="133" sc="0" el="133" ec="0" bec="0" bev="0" fileid="5" />
                <SequencePoint vc="0" uspid="1055" ordinal="0" offset="17" sl="134" sc="0" el="134" ec="0" bec="0" bev="0" fileid="5" />
                <SequencePoint vc="0" uspid="1056" ordinal="0" offset="23" sl="135" sc="0" el="135" ec="0" bec="0" bev="0" fileid="5" />
                <SequencePoint vc="0" uspid="1057" ordinal="0" offset="35" sl="137" sc="0" el="137" ec="0" bec="0" bev="0" fileid="5" />
                <SequencePoint vc="0" uspid="1058" ordinal="0" offset="38" sl="137" sc="0" el="137" ec="0" bec="0" bev="0" fileid="5" />
                <SequencePoint vc="0" uspid="1059" ordinal="0" offset="39" sl="138" sc="0" el="138" ec="0" bec="0" bev="0" fileid="5" />
                <SequencePoint vc="0" uspid="1060" ordinal="0" offset="51" sl="139" sc="0" el="139" ec="0" bec="0" bev="0" fileid="5" />
                <SequencePoint vc="0" uspid="1061" ordinal="0" offset="52" sl="140" sc="0" el="140" ec="0" bec="0" bev="0" fileid="5" />
              </SequencePoints>
              <BranchPoints />
            </Method>
            <Method visited="false" cyclomaticComplexity="5" nPathComplexity="0" sequenceCoverage="0.0" branchCoverage="0" crapScore="30" isConstructor="false" isStatic="false" isGetter="false" isSetter="false">
              <Summary numSequencePoints="13" visitedSequencePoints="0" numBranchPoints="0" visitedBranchPoints="0" sequenceCoverage="0.0" branchCoverage="0" maxCyclomaticComplexity="5" minCyclomaticComplexity="5" maxCrapScore="30" minCrapScore="30" visitedClasses="0" numClasses="0" visitedMethods="0" numMethods="1" />
              <MetadataToken>100663333</MetadataToken>
              <Name>System.Void EventManager::Update()</Name>
              <FileRef uid="5" />
              <SequencePoints>
                <SequencePoint vc="0" uspid="1062" ordinal="0" offset="0" sl="145" sc="0" el="145" ec="0" bec="0" bev="0" fileid="5" />
                <SequencePoint vc="0" uspid="1063" ordinal="0" offset="1" sl="146" sc="0" el="146" ec="0" bec="0" bev="0" fileid="5" />
                <SequencePoint vc="0" uspid="1064" ordinal="0" offset="9" sl="147" sc="0" el="147" ec="0" bec="0" bev="0" fileid="5" />
                <SequencePoint vc="0" uspid="1065" ordinal="0" offset="10" sl="148" sc="0" el="148" ec="0" bec="0" bev="0" fileid="5" />
                <SequencePoint vc="0" uspid="1066" ordinal="0" offset="20" sl="149" sc="0" el="149" ec="0" bec="0" bev="0" fileid="5" />
                <SequencePoint vc="0" uspid="1067" ordinal="0" offset="33" sl="150" sc="0" el="150" ec="0" bec="0" bev="0" fileid="5" />
                <SequencePoint vc="0" uspid="1068" ordinal="0" offset="35" sl="152" sc="0" el="152" ec="0" bec="0" bev="0" fileid="5" />
                <SequencePoint vc="0" uspid="1069" ordinal="0" offset="52" sl="153" sc="0" el="153" ec="0" bec="0" bev="0" fileid="5" />
                <SequencePoint vc="0" uspid="1070" ordinal="0" offset="60" sl="155" sc="0" el="155" ec="0" bec="0" bev="0" fileid="5" />
                <SequencePoint vc="0" uspid="1071" ordinal="0" offset="72" sl="156" sc="0" el="156" ec="0" bec="0" bev="0" fileid="5" />
                <SequencePoint vc="0" uspid="1072" ordinal="0" offset="80" sl="157" sc="0" el="157" ec="0" bec="0" bev="0" fileid="5" />
                <SequencePoint vc="0" uspid="1073" ordinal="0" offset="81" sl="147" sc="0" el="147" ec="0" bec="0" bev="0" fileid="5" />
                <SequencePoint vc="0" uspid="1074" ordinal="0" offset="101" sl="158" sc="0" el="158" ec="0" bec="0" bev="0" fileid="5" />
              </SequencePoints>
              <BranchPoints />
            </Method>
[...]
              <Summary numSequencePoints="5" visitedSequencePoints="0" numBranchPoints="0" visitedBranchPoints="0" sequenceCoverage="0.0" branchCoverage="0" maxCyclomaticComplexity="1" minCyclomaticComplexity="1" maxCrapScore="2" minCrapScore="2" visitedClasses="0" numClasses="0" visitedMethods="0" numMethods="1" />
              <MetadataToken>100663409</MetadataToken>
              <Name>System.Void SceneLoader::AddListeners()</Name>
              <FileRef uid="17" />
              <SequencePoints>
                <SequencePoint vc="0" uspid="1426" ordinal="0" offset="0" sl="26" sc="0" el="26" ec="0" bec="0" bev="0" fileid="17" />
                <SequencePoint vc="0" uspid="1427" ordinal="0" offset="1" sl="27" sc="0" el="27" ec="0" bec="0" bev="0" fileid="17" />
                <SequencePoint vc="0" uspid="1428" ordinal="0" offset="24" sl="28" sc="0" el="28" ec="0" bec="0" bev="0" fileid="17" />
                <SequencePoint vc="0" uspid="1429" ordinal="0" offset="47" sl="29" sc="0" el="29" ec="0" bec="0" bev="0" fileid="17" />
                <SequencePoint vc="0" uspid="1430" ordinal="0" offset="65" sl="30" sc="0" el="30" ec="0" bec="0" bev="0" fileid="17" />
              </SequencePoints>
              <BranchPoints />
            </Method>
            <Method visited="false" cyclomaticComplexity="1" nPathComplexity="0" sequenceCoverage="0.0" branchCoverage="0" crapScore="2" isConstructor="false" isStatic="false" isGetter="false" isSetter="false">
              <Summary numSequencePoints="3" visitedSequencePoints="0" numBranchPoints="0" visitedBranchPoints="0" sequenceCoverage="0.0" branchCoverage="0" maxCyclomaticComplexity="1" minCyclomaticComplexity="1" maxCrapScore="2" minCrapScore="2" visitedClasses="0" numClasses="0" visitedMethods="0" numMethods="1" />
              <MetadataToken>100663410</MetadataToken>
              <Name>System.Void SceneLoader::RemoveListeners()</Name>
              <FileRef uid="17" />
              <SequencePoints>
                <SequencePoint vc="0" uspid="1431" ordinal="0" offset="0" sl="32" sc="0" el="32" ec="0" bec="0" bev="0" fileid="17" />
                <SequencePoint vc="0" uspid="1432" ordinal="0" offset="1" sl="33" sc="0" el="33" ec="0" bec="0" bev="0" fileid="17" />
                <SequencePoint vc="0" uspid="1433" ordinal="0" offset="19" sl="34" sc="0" el="34" ec="0" bec="0" bev="0" fileid="17" />
              </SequencePoints>
              <BranchPoints />
            </Method>
            <Method visited="false" cyclomaticComplexity="2" nPathComplexity="0" sequenceCoverage="0.0" branchCoverage="0" crapScore="6" isConstructor="false" isStatic="false" isGetter="false" isSetter="false">
              <Summary numSequencePoints="11" visitedSequencePoints="0" numBranchPoints="0" visitedBranchPoints="0" sequenceCoverage="0.0" branchCoverage="0" maxCyclomaticComplexity="2" minCyclomaticComplexity="2" maxCrapScore="6" minCrapScore="6" visitedClasses="0" numClasses="0" visitedMethods="0" numMethods="1" />
              <MetadataToken>100663411</MetadataToken>
              <Name>System.Void SceneLoader::Awake()</Name>
              <FileRef uid="17" />
              <SequencePoints>
                <SequencePoint vc="0" uspid="1434" ordinal="0" offset="0" sl="38" sc="0" el="38" ec="0" bec="0" bev="0" fileid="17" />
                <SequencePoint vc="0" uspid="1435" ordinal="0" offset="1" sl="39" sc="0" el="39" ec="0" bec="0" bev="0" fileid="17" />
                <SequencePoint vc="0" uspid="1436" ordinal="0" offset="16" sl="39" sc="0" el="39" ec="0" bec="0" bev="0" fileid="17" />
                <SequencePoint vc="0" uspid="1437" ordinal="0" offset="17" sl="40" sc="0" el="40" ec="0" bec="0" bev="0" fileid="17" />
                <SequencePoint vc="0" uspid="1438" ordinal="0" offset="23" sl="41" sc="0" el="41" ec="0" bec="0" bev="0" fileid="17" />
                <SequencePoint vc="0" uspid="1439" ordinal="0" offset="35" sl="43" sc="0" el="43" ec="0" bec="0" bev="0" fileid="17" />
                <SequencePoint vc="0" uspid="1440" ordinal="0" offset="38" sl="43" sc="0" el="43" ec="0" bec="0" bev="0" fileid="17" />
                <SequencePoint vc="0" uspid="1441" ordinal="0" offset="39" sl="44" sc="0" el="44" ec="0" bec="0" bev="0" fileid="17" />
                <SequencePoint vc="0" uspid="1442" ordinal="0" offset="51" sl="45" sc="0" el="45" ec="0" bec="0" bev="0" fileid="17" />
                <SequencePoint vc="0" uspid="1443" ordinal="0" offset="52" sl="47" sc="0" el="47" ec="0" bec="0" bev="0" fileid="17" />
                <SequencePoint vc="0" uspid="1444" ordinal="0" offset="59" sl="48" sc="0" el="48" ec="0" bec="0" bev="0" fileid="17" />
              </SequencePoints>
              <BranchPoints />
            </Method>
            <Method visited="false" cyclomaticComplexity="1" nPathComplexity="0" sequenceCoverage="0.0" branchCoverage="0" crapScore="2" isConstructor="false" isStatic="false" isGetter="false" isSetter="false">
              <Summary numSequencePoints="3" visitedSequencePoints="0" numBranchPoints="0" visitedBranchPoints="0" sequenceCoverage="0.0" branchCoverage="0" maxCyclomaticComplexity="1" minCyclomaticComplexity="1" maxCrapScore="2" minCrapScore="2" visitedClasses="0" numClasses="0" visitedMethods="0" numMethods="1" />
              <MetadataToken>100663412</MetadataToken>
              <Name>System.Void SceneLoader::OnDestroy()</Name>
              <FileRef uid="17" />
              <SequencePoints>
                <SequencePoint vc="0" uspid="1445" ordinal="0" offset="0" sl="50" sc="0" el="50" ec="0" bec="0" bev="0" fileid="17" />
                <SequencePoint vc="0" uspid="1446" ordinal="0" offset="1" sl="51" sc="0" el="51" ec="0" bec="0" bev="0" fileid="17" />
                <SequencePoint vc="0" uspid="1447" ordinal="0" offset="8" sl="52" sc="0" el="52" ec="0" bec="0" bev="0" fileid="17" />
              </SequencePoints>
              <BranchPoints />
            </Method>
            <Method visited="false" cyclomaticComplexity="1" nPathComplexity="0" sequenceCoverage="0.0" branchCoverage="0" crapScore="2" isConstructor="false" isStatic="false" isGetter="false" isSetter="false">
              <Summary numSequencePoints="3" visitedSequencePoints="0" numBranchPoints="0" visitedBranchPoints="0" sequenceCoverage="0.0" branchCoverage="0" maxCyclomaticComplexity="1" minCyclomaticComplexity="1" maxCrapScore="2" minCrapScore="2" visitedClasses="0" numClasses="0" visitedMethods="0" numMethods="1" />
              <MetadataToken>100663413</MetadataToken>
              <Name>System.Void SceneLoader::LoadGame(Events.StartButtonClicked)</Name>
              <FileRef uid="17" />
              <SequencePoints>
                <SequencePoint vc="0" uspid="1448" ordinal="0" offset="0" sl="54" sc="0" el="54" ec="0" bec="0" bev="0" fileid="17" />
                <SequencePoint vc="0" uspid="1449" ordinal="0" offset="1" sl="55" sc="0" el="55" ec="0" bec="0" bev="0" fileid="17" />
                <SequencePoint vc="0" uspid="1450" ordinal="0" offset="8" sl="56" sc="0" el="56" ec="0" bec="0" bev="0" fileid="17" />
              </SequencePoints>
              <BranchPoints />
            </Method>
            <Method visited="false" cyclomaticComplexity="1" nPathComplexity="0" sequenceCoverage="0.0" branchCoverage="0" crapScore="2" isConstructor="false" isStatic="false" isGetter="false" isSetter="false">
              <Summary numSequencePoints="3" visitedSequencePoints="0" numBranchPoints="0" visitedBranchPoints="0" sequenceCoverage="0.0" branchCoverage="0" maxCyclomaticComplexity="1" minCyclomaticComplexity="1" maxCrapScore="2" minCrapScore="2" visitedClasses="0" numClasses="0" visitedMethods="0" numMethods="1" />
              <MetadataToken>100663414</MetadataToken>
              <Name>System.Void SceneLoader::LoadMenu(Events.MazeFinished)</Name>
              <FileRef uid="17" />
              <SequencePoints>
                <SequencePoint vc="0" uspid="1451" ordinal="0" offset="0" sl="58" sc="0" el="58" ec="0" bec="0" bev="0" fileid="17" />
                <SequencePoint vc="0" uspid="1452" ordinal="0" offset="1" sl="59" sc="0" el="59" ec="0" bec="0" bev="0" fileid="17" />
                <SequencePoint vc="0" uspid="1453" ordinal="0" offset="8" sl="60" sc="0" el="60" ec="0" bec="0" bev="0" fileid="17" />
              </SequencePoints>
              <BranchPoints />
            </Method>
            <Method visited="false" cyclomaticComplexity="3" nPathComplexity="0" sequenceCoverage="0.0" branchCoverage="0" crapScore="12" isConstructor="false" isStatic="false" isGetter="false" isSetter="false">
              <Summary numSequencePoints="11" visitedSequencePoints="0" numBranchPoints="0" visitedBranchPoints="0" sequenceCoverage="0.0" branchCoverage="0" maxCyclomaticComplexity="3" minCyclomaticComplexity="3" maxCrapScore="12" minCrapScore="12" visitedClasses="0" numClasses="0" visitedMethods="0" numMethods="1" />
              <MetadataToken>100663415</MetadataToken>
              <Name>System.Void SceneLoader::OnSceneLoaded(UnityEngine.SceneManagement.Scene, UnityEngine.SceneManagement.LoadSceneMode)</Name>
              <FileRef uid="17" />
              <SequencePoints>
                <SequencePoint vc="0" uspid="1454" ordinal="0" offset="0" sl="62" sc="0" el="62" ec="0" bec="0" bev="0" fileid="17" />
                <SequencePoint vc="0" uspid="1455" ordinal="0" offset="1" sl="63" sc="0" el="63" ec="0" bec="0" bev="0" fileid="17" />
                <SequencePoint vc="0" uspid="1456" ordinal="0" offset="9" sl="65" sc="0" el="65" ec="0" bec="0" bev="0" fileid="17" />
                <SequencePoint vc="0" uspid="1457" ordinal="0" offset="22" sl="67" sc="0" el="67" ec="0" bec="0" bev="0" fileid="17" />
                <SequencePoint vc="0" uspid="1458" ordinal="0" offset="29" sl="68" sc="0" el="68" ec="0" bec="0" bev="0" fileid="17" />
                <SequencePoint vc="0" uspid="1459" ordinal="0" offset="45" sl="69" sc="0" el="69" ec="0" bec="0" bev="0" fileid="17" />
                <SequencePoint vc="0" uspid="1460" ordinal="0" offset="47" sl="72" sc="0" el="72" ec="0" bec="0" bev="0" fileid="17" />
                <SequencePoint vc="0" uspid="1461" ordinal="0" offset="63" sl="73" sc="0" el="73" ec="0" bec="0" bev="0" fileid="17" />
                <SequencePoint vc="0" uspid="1462" ordinal="0" offset="65" sl="76" sc="0" el="76" ec="0" bec="0" bev="0" fileid="17" />
                <SequencePoint vc="0" uspid="1463" ordinal="0" offset="76" sl="77" sc="0" el="77" ec="0" bec="0" bev="0" fileid="17" />
                <SequencePoint vc="0" uspid="1464" ordinal="0" offset="78" sl="79" sc="0" el="79" ec="0" bec="0" bev="0" fileid="17" />
              </SequencePoints>
              <BranchPoints />
            </Method>
            <Method visited="false" cyclomaticComplexity="1" nPathComplexity="0" sequenceCoverage="0.0" branchCoverage="0" crapScore="2" isConstructor="true" isStatic="true" isGetter="false" isSetter="false">
              <Summary numSequencePoints="1" visitedSequencePoints="0" numBranchPoints="0" visitedBranchPoints="0" sequenceCoverage="0.0" branchCoverage="0" maxCyclomaticComplexity="1" minCyclomaticComplexity="1" maxCrapScore="2" minCrapScore="2" visitedClasses="0" numClasses="0" visitedMethods="0" numMethods="1" />
              <MetadataToken>100663417</MetadataToken>
              <Name>static SceneLoader::SceneLoader()</Name>
              <FileRef uid="17" />
              <SequencePoints>
                <SequencePoint vc="0" uspid="1465" ordinal="0" offset="0" sl="13" sc="5" el="13" ec="5" bec="0" bev="0" fileid="17" />
              </SequencePoints>
              <BranchPoints />
            </Method>
          </Methods>
        </Class>
        <Class>
          <Summary numSequencePoints="3" visitedSequencePoints="3" numBranchPoints="0" visitedBranchPoints="0" sequenceCoverage="100.0" branchCoverage="0.0" maxCyclomaticComplexity="1" minCyclomaticComplexity="1" maxCrapScore="1" minCrapScore="1" visitedClasses="1" numClasses="1" visitedMethods="1" numMethods="1" />
          <FullName>Events.MazeFinished</FullName>
          <Methods>
            <Method visited="true" cyclomaticComplexity="1" nPathComplexity="0" sequenceCoverage="100.0" branchCoverage="0" crapScore="1" isConstructor="true" isStatic="false" isGetter="false" isSetter="false">
              <Summary numSequencePoints="3" visitedSequencePoints="3" numBranchPoints="0" visitedBranchPoints="0" sequenceCoverage="100.0" branchCoverage="0" maxCyclomaticComplexity="1" minCyclomaticComplexity="1" maxCrapScore="1" minCrapScore="1" visitedClasses="0" numClasses="0" visitedMethods="1" numMethods="1" />
              <MetadataToken>100663418</MetadataToken>
              <Name>Events.MazeFinished::MazeFinished()</Name>
              <FileRef uid="6" />
              <SequencePoints>
                <SequencePoint vc="1" uspid="1466" ordinal="0" offset="0" sl="16" sc="9" el="16" ec="9" bec="0" bev="0" fileid="6" />
                <SequencePoint vc="1" uspid="1467" ordinal="0" offset="7" sl="16" sc="31" el="16" ec="31" bec="0" bev="0" fileid="6" />
                <SequencePoint vc="1" uspid="1468" ordinal="0" offset="8" sl="17" sc="9" el="17" ec="9" bec="0" bev="0" fileid="6" />
              </SequencePoints>
              <BranchPoints />
            </Method>
          </Methods>
        </Class>
        <Class>
          <Summary numSequencePoints="3" visitedSequencePoints="3" numBranchPoints="0" visitedBranchPoints="0" sequenceCoverage="100.0" branchCoverage="0.0" maxCyclomaticComplexity="1" minCyclomaticComplexity="1" maxCrapScore="1" minCrapScore="1" visitedClasses="1" numClasses="1" visitedMethods="1" numMethods="1" />
          <FullName>Events.StartButtonClicked</FullName>
          <Methods>
            <Method visited="true" cyclomaticComplexity="1" nPathComplexity="0" sequenceCoverage="100.0" branchCoverage="0" crapScore="1" isConstructor="true" isStatic="false" isGetter="false" isSetter="false">
              <Summary numSequencePoints="3" visitedSequencePoints="3" numBranchPoints="0" visitedBranchPoints="0" sequenceCoverage="100.0" branchCoverage="0" maxCyclomaticComplexity="1" minCyclomaticComplexity="1" maxCrapScore="1" minCrapScore="1" visitedClasses="0" numClasses="0" visitedMethods="1" numMethods="1" />
              <MetadataToken>100663419</MetadataToken>
              <Name>Events.StartButtonClicked::StartButtonClicked()</Name>
              <FileRef uid="12" />
              <SequencePoints>
                <SequencePoint vc="1" uspid="1469" ordinal="0" offset="0" sl="36" sc="9" el="36" ec="9" bec="0" bev="0" fileid="12" />
                <SequencePoint vc="1" uspid="1470" ordinal="0" offset="7" sl="36" sc="37" el="36" ec="37" bec="0" bev="0" fileid="12" />
                <SequencePoint vc="1" uspid="1471" ordinal="0" offset="8" sl="37" sc="9" el="37" ec="9" bec="0" bev="0" fileid="12" />
              </SequencePoints>
              <BranchPoints />
            </Method>
          </Methods>
        </Class>
        <Class>
          <Summary numSequencePoints="3" visitedSequencePoints="3" numBranchPoints="0" visitedBranchPoints="0" sequenceCoverage="100.0" branchCoverage="0.0" maxCyclomaticComplexity="1" minCyclomaticComplexity="1" maxCrapScore="1" minCrapScore="1" visitedClasses="1" numClasses="1" visitedMethods="1" numMethods="1" />
          <FullName>Events.MenuSceneLoaded</FullName>
          <Methods>
            <Method visited="true" cyclomaticComplexity="1" nPathComplexity="0" sequenceCoverage="100.0" branchCoverage="0" crapScore="1" isConstructor="true" isStatic="false" isGetter="false" isSetter="false">
              <Summary numSequencePoints="3" visitedSequencePoints="3" numBranchPoints="0" visitedBranchPoints="0" sequenceCoverage="100.0" branchCoverage="0" maxCyclomaticComplexity="1" minCyclomaticComplexity="1" maxCrapScore="1" minCrapScore="1" visitedClasses="0" numClasses="0" visitedMethods="1" numMethods="1" />
              <MetadataToken>100663420</MetadataToken>
              <Name>Events.MenuSceneLoaded::MenuSceneLoaded()</Name>
              <FileRef uid="17" />
              <SequencePoints>
                <SequencePoint vc="1" uspid="1472" ordinal="0" offset="0" sl="86" sc="9" el="86" ec="9" bec="0" bev="0" fileid="17" />
                <SequencePoint vc="1" uspid="1473" ordinal="0" offset="7" sl="86" sc="34" el="86" ec="34" bec="0" bev="0" fileid="17" />
                <SequencePoint vc="1" uspid="1474" ordinal="0" offset="8" sl="87" sc="9" el="87" ec="9" bec="0" bev="0" fileid="17" />
              </SequencePoints>
              <BranchPoints />
            </Method>
          </Methods>
        </Class>
        <Class>
          <Summary numSequencePoints="3" visitedSequencePoints="3" numBranchPoints="0" visitedBranchPoints="0" sequenceCoverage="100.0" branchCoverage="0.0" maxCyclomaticComplexity="1" minCyclomaticComplexity="1" maxCrapScore="1" minCrapScore="1" visitedClasses="1" numClasses="1" visitedMethods="1" numMethods="1" />
          <FullName>Events.GameSceneLoaded</FullName>
          <Methods>
            <Method visited="true" cyclomaticComplexity="1" nPathComplexity="0" sequenceCoverage="100.0" branchCoverage="0" crapScore="1" isConstructor="true" isStatic="false" isGetter="false" isSetter="false">
              <Summary numSequencePoints="3" visitedSequencePoints="3" numBranchPoints="0" visitedBranchPoints="0" sequenceCoverage="100.0" branchCoverage="0" maxCyclomaticComplexity="1" minCyclomaticComplexity="1" maxCrapScore="1" minCrapScore="1" visitedClasses="0" numClasses="0" visitedMethods="1" numMethods="1" />
              <MetadataToken>100663421</MetadataToken>
              <Name>Events.GameSceneLoaded::GameSceneLoaded()</Name>
              <FileRef uid="17" />
              <SequencePoints>
                <SequencePoint vc="1" uspid="1475" ordinal="0" offset="0" sl="91" sc="9" el="91" ec="9" bec="0" bev="0" fileid="17" />
                <SequencePoint vc="1" uspid="1476" ordinal="0" offset="7" sl="91" sc="34" el="91" ec="34" bec="0" bev="0" fileid="17" />
                <SequencePoint vc="1" uspid="1477" ordinal="0" offset="8" sl="92" sc="9" el="92" ec="9" bec="0" bev="0" fileid="17" />
              </SequencePoints>
              <BranchPoints />
            </Method>
          </Methods>
        </Class>
        <Class>
          <Summary numSequencePoints="1" visitedSequencePoints="0" numBranchPoints="0" visitedBranchPoints="0" sequenceCoverage="0.0" branchCoverage="0.0" maxCyclomaticComplexity="1" minCyclomaticComplexity="1" maxCrapScore="2" minCrapScore="2" visitedClasses="0" numClasses="1" visitedMethods="0" numMethods="1" />
          <FullName>EventManager&lt;&gt;c__DisplayClass18_0[T]</FullName>
          <Methods>
            <Method visited="false" cyclomaticComplexity="1" nPathComplexity="0" sequenceCoverage="0.0" branchCoverage="0" crapScore="2" isConstructor="false" isStatic="false" isGetter="false" isSetter="false">
              <Summary numSequencePoints="1" visitedSequencePoints="0" numBranchPoints="0" visitedBranchPoints="0" sequenceCoverage="0.0" branchCoverage="0" maxCyclomaticComplexity="1" minCyclomaticComplexity="1" maxCrapScore="2" minCrapScore="2" visitedClasses="0" numClasses="0" visitedMethods="0" numMethods="1" />
              <MetadataToken>100663431</MetadataToken>
              <Name>System.Void EventManager&lt;&gt;c__DisplayClass18_0[T]::&lt;AddDelegate&gt;b__0(GameEvent)</Name>
              <FileRef uid="5" />
              <SequencePoints>
                <SequencePoint vc="0" uspid="1478" ordinal="0" offset="0" sl="121" sc="0" el="121" ec="0" bec="0" bev="0" fileid="5" />
              </SequencePoints>
              <BranchPoints />
            </Method>
          </Methods>
        </Class>
      </Classes>
    </Module>
  </Modules>
</CoverageSession>